TN:
SF:/home/justin/Projects/ReactStart/src/app.tests.js
FNF:0
FNH:0
DA:3,1
DA:5,1
DA:6,1
LF:3
LH:3
BRF:0
BRH:0
end_of_record
TN:
SF:/home/justin/Projects/ReactStart/src/components/elements.jsx
FNF:0
FNH:0
DA:3,1
DA:5,1
DA:7,1
DA:11,1
DA:13,1
DA:15,1
DA:17,1
DA:19,1
DA:21,1
DA:23,1
DA:25,1
DA:27,1
DA:29,1
DA:31,1
DA:33,1
DA:35,1
DA:37,1
DA:39,1
DA:41,1
DA:43,1
DA:45,1
DA:47,1
DA:49,1
DA:51,1
DA:53,1
DA:55,1
DA:57,1
DA:59,1
DA:61,1
DA:63,1
DA:65,1
DA:67,1
DA:69,1
DA:71,1
DA:73,1
DA:75,1
DA:77,1
DA:79,1
DA:81,1
DA:83,1
DA:85,1
DA:87,1
DA:89,1
DA:91,1
DA:93,1
DA:95,1
DA:97,1
DA:99,1
DA:101,1
DA:103,1
DA:105,1
DA:107,1
DA:109,1
DA:111,1
DA:113,1
LF:55
LH:55
BRF:0
BRH:0
end_of_record
TN:
SF:/home/justin/Projects/ReactStart/src/components/elements/button/button.jsx
FN:61,_wrapComponent
FN:62,(anonymous_2)
FN:74,(anonymous_3)
FN:77,Button
FN:85,isIconButton
FN:90,render
FN:129,getClasses
FNF:7
FNH:7
FNDA:1,_wrapComponent
FNDA:1,(anonymous_2)
FNDA:1,(anonymous_3)
FNDA:16,Button
FNDA:25,isIconButton
FNDA:36,render
FNDA:36,getClasses
DA:3,1
DA:5,1
DA:7,1
DA:9,1
DA:11,1
DA:13,1
DA:15,1
DA:17,1
DA:19,1
DA:21,1
DA:23,1
DA:25,1
DA:27,1
DA:31,1
DA:33,1
DA:35,1
DA:37,1
DA:39,1
DA:41,1
DA:47,1
DA:54,1
DA:61,1
DA:62,1
DA:63,1
DA:67,1
DA:74,1
DA:75,1
DA:77,1
DA:78,16
DA:80,16
DA:83,1
DA:86,25
DA:91,36
DA:94,36
DA:95,36
DA:96,36
DA:97,36
DA:98,36
DA:99,36
DA:100,36
DA:101,36
DA:102,36
DA:103,36
DA:104,36
DA:105,36
DA:106,36
DA:107,36
DA:108,36
DA:109,36
DA:110,36
DA:111,36
DA:112,36
DA:113,36
DA:114,36
DA:115,36
DA:116,36
DA:117,36
DA:118,36
DA:120,36
DA:123,36
DA:125,36
DA:130,36
DA:164,36
DA:165,36
DA:166,36
DA:168,36
DA:218,1
DA:219,1
DA:220,1
DA:223,1
LF:70
LH:70
BRDA:86,1,0,0
BRDA:86,1,1,25
BRDA:86,2,0,25
BRDA:86,2,1,0
BRDA:91,3,0,18
BRDA:91,3,1,18
BRDA:91,4,0,36
BRDA:91,4,1,31
BRDA:91,4,2,31
BRDA:91,4,3,28
BRDA:125,5,0,36
BRDA:125,5,1,32
BRDA:136,6,0,36
BRDA:136,6,1,1
BRDA:142,7,0,36
BRDA:142,7,1,25
BRDA:142,7,2,11
BRDA:219,8,0,1
BRDA:219,8,1,0
BRF:19
BRH:16
end_of_record
TN:
SF:/home/justin/Projects/ReactStart/src/components/utilities.jsx
FN:34,arrayToObject
FN:67,hasChild
FN:102,hasDescendant
FN:137,hasFirstChild
FN:151,getChild
FN:154,(anonymous_6)
FN:165,validateClassProps
FN:202,spliceChildren
FN:207,(anonymous_9)
FN:221,isEveryChild
FNF:10
FNH:2
FNDA:0,arrayToObject
FNDA:25,hasChild
FNDA:0,hasDescendant
FNDA:0,hasFirstChild
FNDA:0,getChild
FNDA:0,(anonymous_6)
FNDA:51,validateClassProps
FNDA:0,spliceChildren
FNDA:0,(anonymous_9)
FNDA:0,isEveryChild
DA:4,1
DA:6,1
DA:8,1
DA:10,1
DA:13,1
DA:14,1
DA:15,1
DA:16,1
DA:17,1
DA:18,1
DA:19,1
DA:20,1
DA:22,1
DA:24,1
DA:26,1
DA:28,1
DA:30,1
DA:32,1
DA:34,1
DA:35,0
DA:37,0
DA:39,0
DA:40,0
DA:41,0
DA:43,0
DA:44,0
DA:45,0
DA:47,0
DA:50,0
DA:51,0
DA:53,0
DA:54,0
DA:55,0
DA:58,0
DA:59,0
DA:64,0
DA:67,1
DA:68,25
DA:70,25
DA:71,25
DA:72,25
DA:74,25
DA:75,25
DA:76,4
DA:78,4
DA:79,0
DA:80,4
DA:81,0
DA:85,0
DA:86,0
DA:88,25
DA:89,25
DA:90,0
DA:93,25
DA:94,0
DA:99,25
DA:102,1
DA:103,0
DA:105,0
DA:106,0
DA:107,0
DA:109,0
DA:110,0
DA:111,0
DA:113,0
DA:114,0
DA:115,0
DA:116,0
DA:120,0
DA:121,0
DA:123,0
DA:124,0
DA:125,0
DA:128,0
DA:129,0
DA:134,0
DA:137,1
DA:138,0
DA:139,0
DA:142,0
DA:143,0
DA:145,0
DA:148,0
DA:151,1
DA:152,0
DA:154,0
DA:155,0
DA:156,0
DA:157,0
DA:158,0
DA:160,0
DA:165,1
DA:166,51
DA:167,51
DA:168,51
DA:170,51
DA:171,51
DA:172,179
DA:174,179
DA:175,15
DA:177,15
DA:178,11
DA:180,4
DA:185,0
DA:186,0
DA:188,51
DA:189,51
DA:190,0
DA:193,51
DA:194,0
DA:199,51
DA:202,1
DA:203,0
DA:205,0
DA:207,0
DA:208,0
DA:209,0
DA:210,0
DA:214,0
DA:221,1
DA:222,0
DA:224,0
DA:225,0
DA:226,0
DA:228,0
DA:229,0
DA:230,0
DA:232,0
DA:233,0
DA:237,0
DA:238,0
DA:240,0
DA:241,0
DA:242,0
DA:245,0
DA:246,0
DA:251,0
LF:137
LH:54
BRDA:35,1,0,0
BRDA:35,1,1,0
BRDA:35,2,0,0
BRDA:35,2,1,0
BRDA:54,3,0,0
BRDA:54,3,1,0
BRDA:54,4,0,0
BRDA:54,4,1,0
BRDA:58,5,0,0
BRDA:58,5,1,0
BRDA:78,6,0,0
BRDA:78,6,1,4
BRDA:78,7,0,4
BRDA:78,7,1,0
BRDA:80,8,0,0
BRDA:80,8,1,4
BRDA:89,9,0,0
BRDA:89,9,1,25
BRDA:89,10,0,25
BRDA:89,10,1,0
BRDA:93,11,0,0
BRDA:93,11,1,25
BRDA:113,12,0,0
BRDA:113,12,1,0
BRDA:113,13,0,0
BRDA:113,13,1,0
BRDA:115,14,0,0
BRDA:115,14,1,0
BRDA:124,15,0,0
BRDA:124,15,1,0
BRDA:124,16,0,0
BRDA:124,16,1,0
BRDA:128,17,0,0
BRDA:128,17,1,0
BRDA:138,18,0,0
BRDA:138,18,1,0
BRDA:142,19,0,0
BRDA:142,19,1,0
BRDA:152,20,0,0
BRDA:152,20,1,0
BRDA:152,21,0,0
BRDA:152,21,1,0
BRDA:155,22,0,0
BRDA:155,22,1,0
BRDA:155,23,0,0
BRDA:155,23,1,0
BRDA:157,24,0,0
BRDA:157,24,1,0
BRDA:157,25,0,0
BRDA:157,25,1,0
BRDA:174,26,0,15
BRDA:174,26,1,164
BRDA:177,27,0,11
BRDA:177,27,1,4
BRDA:189,28,0,0
BRDA:189,28,1,51
BRDA:189,29,0,51
BRDA:189,29,1,0
BRDA:193,30,0,0
BRDA:193,30,1,51
BRDA:208,31,0,0
BRDA:208,31,1,0
BRDA:208,32,0,0
BRDA:208,32,1,0
BRDA:232,33,0,0
BRDA:232,33,1,0
BRDA:232,34,0,0
BRDA:232,34,1,0
BRDA:241,35,0,0
BRDA:241,35,1,0
BRDA:241,36,0,0
BRDA:241,36,1,0
BRDA:245,37,0,0
BRDA:245,37,1,0
BRF:74
BRH:13
end_of_record
TN:
SF:/home/justin/Projects/ReactStart/src/components/elements/button/buttons.jsx
FN:61,_wrapComponent
FN:62,(anonymous_2)
FN:72,(anonymous_3)
FN:75,Buttons
FN:83,getChildContext
FN:92,render
FN:121,getClasses
FNF:7
FNH:3
FNDA:1,_wrapComponent
FNDA:1,(anonymous_2)
FNDA:1,(anonymous_3)
FNDA:0,Buttons
FNDA:0,getChildContext
FNDA:0,render
FNDA:0,getClasses
DA:3,1
DA:5,1
DA:7,1
DA:9,1
DA:11,1
DA:13,1
DA:15,1
DA:17,1
DA:19,1
DA:21,1
DA:23,1
DA:25,1
DA:27,1
DA:31,1
DA:33,1
DA:35,1
DA:37,1
DA:39,1
DA:41,1
DA:47,1
DA:54,1
DA:61,1
DA:62,1
DA:63,1
DA:67,1
DA:72,1
DA:73,1
DA:75,1
DA:76,0
DA:78,0
DA:81,1
DA:84,0
DA:93,0
DA:94,0
DA:95,0
DA:96,0
DA:97,0
DA:98,0
DA:99,0
DA:100,0
DA:101,0
DA:102,0
DA:103,0
DA:104,0
DA:105,0
DA:106,0
DA:107,0
DA:108,0
DA:109,0
DA:110,0
DA:111,0
DA:113,0
DA:115,0
DA:117,0
DA:122,0
DA:145,0
DA:148,0
DA:149,0
DA:150,0
DA:154,0
DA:155,0
DA:157,0
DA:200,1
DA:201,1
DA:202,1
DA:205,1
LF:66
LH:33
BRDA:128,1,0,0
BRDA:128,1,1,0
BRDA:130,2,0,0
BRDA:130,2,1,0
BRDA:148,3,0,0
BRDA:148,3,1,0
BRDA:149,4,0,0
BRDA:149,4,1,0
BRDA:149,5,0,0
BRDA:149,5,1,0
BRDA:201,6,0,1
BRDA:201,6,1,0
BRF:12
BRH:1
end_of_record
TN:
SF:/home/justin/Projects/ReactStart/src/components/elements/button/labeledbutton.jsx
FN:63,_wrapComponent
FN:64,(anonymous_2)
FN:69,(anonymous_3)
FN:72,LabeledButton
FN:84,renderButton
FN:102,renderChildren
FN:138,render
FN:180,getClasses
FNF:8
FNH:3
FNDA:1,_wrapComponent
FNDA:1,(anonymous_2)
FNDA:1,(anonymous_3)
FNDA:0,LabeledButton
FNDA:0,renderButton
FNDA:0,renderChildren
FNDA:0,render
FNDA:0,getClasses
DA:3,1
DA:5,1
DA:7,1
DA:9,1
DA:11,1
DA:13,1
DA:15,1
DA:17,1
DA:19,1
DA:21,1
DA:23,1
DA:25,1
DA:27,1
DA:29,1
DA:33,1
DA:35,1
DA:37,1
DA:39,1
DA:41,1
DA:43,1
DA:49,1
DA:56,1
DA:63,1
DA:64,1
DA:65,1
DA:69,1
DA:70,1
DA:72,1
DA:73,0
DA:75,0
DA:78,1
DA:85,0
DA:87,0
DA:88,0
DA:90,0
DA:103,0
DA:106,0
DA:109,0
DA:110,0
DA:112,0
DA:114,0
DA:116,0
DA:125,0
DA:126,0
DA:127,0
DA:130,0
DA:131,0
DA:134,0
DA:140,0
DA:141,0
DA:145,0
DA:146,0
DA:147,0
DA:148,0
DA:149,0
DA:150,0
DA:151,0
DA:152,0
DA:153,0
DA:154,0
DA:155,0
DA:156,0
DA:157,0
DA:159,0
DA:161,0
DA:164,0
DA:165,0
DA:169,0
DA:172,0
DA:181,0
DA:212,0
DA:213,0
DA:214,0
DA:216,0
DA:260,1
DA:261,1
DA:262,1
DA:265,1
LF:78
LH:33
BRDA:88,1,0,0
BRDA:88,1,1,0
BRDA:125,2,0,0
BRDA:125,2,1,0
BRDA:140,3,0,0
BRDA:140,3,1,0
BRDA:164,4,0,0
BRDA:164,4,1,0
BRDA:191,5,0,0
BRDA:191,5,1,0
BRDA:261,6,0,1
BRDA:261,6,1,0
BRF:12
BRH:1
end_of_record
TN:
SF:/home/justin/Projects/ReactStart/src/components/elements/button/iconbutton.jsx
FN:15,(anonymous_1)
FNF:1
FNH:1
FNDA:6,(anonymous_1)
DA:3,1
DA:5,1
DA:7,1
DA:9,1
DA:11,1
DA:13,1
DA:15,1
DA:16,6
DA:17,6
DA:19,6
DA:21,6
LF:11
LH:11
BRDA:24,1,0,6
BRDA:24,1,1,0
BRF:2
BRH:1
end_of_record
TN:
SF:/home/justin/Projects/ReactStart/src/components/elements/button/socialbutton.jsx
FN:15,(anonymous_1)
FNF:1
FNH:1
FNDA:4,(anonymous_1)
DA:3,1
DA:5,1
DA:7,1
DA:9,1
DA:11,1
DA:13,1
DA:15,1
DA:16,4
DA:18,4
DA:20,4
LF:10
LH:10
BRDA:23,1,0,4
BRDA:23,1,1,0
BRF:2
BRH:1
end_of_record
TN:
SF:/home/justin/Projects/ReactStart/src/components/elements/divider/divider.jsx
FN:59,_wrapComponent
FN:60,(anonymous_2)
FN:65,(anonymous_3)
FN:68,Divider
FN:76,render
FN:98,getClasses
FNF:6
FNH:3
FNDA:1,_wrapComponent
FNDA:1,(anonymous_2)
FNDA:1,(anonymous_3)
FNDA:0,Divider
FNDA:0,render
FNDA:0,getClasses
DA:3,1
DA:5,1
DA:7,1
DA:9,1
DA:11,1
DA:13,1
DA:15,1
DA:17,1
DA:19,1
DA:21,1
DA:23,1
DA:25,1
DA:27,1
DA:31,1
DA:33,1
DA:35,1
DA:39,1
DA:45,1
DA:52,1
DA:59,1
DA:60,1
DA:61,1
DA:65,1
DA:66,1
DA:68,1
DA:69,0
DA:71,0
DA:74,1
DA:77,0
DA:78,0
DA:79,0
DA:80,0
DA:81,0
DA:82,0
DA:83,0
DA:84,0
DA:85,0
DA:86,0
DA:87,0
DA:88,0
DA:90,0
DA:92,0
DA:94,0
DA:99,0
DA:119,0
DA:147,1
DA:148,1
DA:149,1
DA:152,1
LF:49
LH:30
BRDA:148,1,0,1
BRDA:148,1,1,0
BRF:2
BRH:1
end_of_record
TN:
SF:/home/justin/Projects/ReactStart/src/components/elements/flag/flag.jsx
FN:13,(anonymous_1)
FNF:1
FNH:0
FNDA:0,(anonymous_1)
DA:3,1
DA:5,1
DA:7,1
DA:9,1
DA:11,1
DA:13,1
DA:14,0
LF:7
LH:6
BRF:0
BRH:0
end_of_record
TN:
SF:/home/justin/Projects/ReactStart/src/components/elements/header/header.jsx
FN:61,_wrapComponent
FN:62,(anonymous_2)
FN:73,(anonymous_3)
FN:76,Header
FN:84,getChildContext
FN:91,render
FN:120,getClasses
FNF:7
FNH:3
FNDA:1,_wrapComponent
FNDA:1,(anonymous_2)
FNDA:1,(anonymous_3)
FNDA:0,Header
FNDA:0,getChildContext
FNDA:0,render
FNDA:0,getClasses
DA:3,1
DA:5,1
DA:7,1
DA:9,1
DA:11,1
DA:13,1
DA:15,1
DA:17,1
DA:19,1
DA:21,1
DA:23,1
DA:25,1
DA:27,1
DA:31,1
DA:33,1
DA:35,1
DA:37,1
DA:39,1
DA:41,1
DA:47,1
DA:54,1
DA:61,1
DA:62,1
DA:63,1
DA:67,1
DA:73,1
DA:74,1
DA:76,1
DA:77,0
DA:79,0
DA:82,1
DA:85,0
DA:92,0
DA:94,0
DA:95,0
DA:96,0
DA:97,0
DA:98,0
DA:99,0
DA:100,0
DA:101,0
DA:102,0
DA:103,0
DA:104,0
DA:105,0
DA:106,0
DA:107,0
DA:108,0
DA:109,0
DA:111,0
DA:114,0
DA:116,0
DA:121,0
DA:146,0
DA:147,0
DA:149,0
DA:201,1
DA:202,1
DA:203,1
DA:206,1
LF:60
LH:33
BRDA:92,1,0,0
BRDA:92,1,1,0
BRDA:116,2,0,0
BRDA:116,2,1,0
BRDA:123,3,0,0
BRDA:123,3,1,0
BRDA:123,3,2,0
BRDA:123,3,3,0
BRDA:126,4,0,0
BRDA:126,4,1,0
BRDA:133,5,0,0
BRDA:133,5,1,0
BRDA:202,6,0,1
BRDA:202,6,1,0
BRF:14
BRH:1
end_of_record
TN:
SF:/home/justin/Projects/ReactStart/src/components/elements/header/subheader.jsx
FN:59,_wrapComponent
FN:60,(anonymous_2)
FN:65,(anonymous_3)
FN:68,SubHeader
FN:76,render
FN:90,getClasses
FNF:6
FNH:3
FNDA:1,_wrapComponent
FNDA:1,(anonymous_2)
FNDA:1,(anonymous_3)
FNDA:0,SubHeader
FNDA:0,render
FNDA:0,getClasses
DA:3,1
DA:5,1
DA:7,1
DA:9,1
DA:11,1
DA:13,1
DA:15,1
DA:17,1
DA:19,1
DA:21,1
DA:23,1
DA:25,1
DA:27,1
DA:31,1
DA:33,1
DA:35,1
DA:37,1
DA:39,1
DA:45,1
DA:52,1
DA:59,1
DA:60,1
DA:61,1
DA:65,1
DA:66,1
DA:68,1
DA:69,0
DA:71,0
DA:74,1
DA:77,0
DA:78,0
DA:80,0
DA:82,0
DA:84,0
DA:91,0
DA:96,0
DA:115,1
DA:116,1
DA:117,1
DA:120,1
LF:40
LH:31
BRDA:86,1,0,0
BRDA:86,1,1,0
BRDA:116,2,0,1
BRDA:116,2,1,0
BRF:4
BRH:1
end_of_record
TN:
SF:/home/justin/Projects/ReactStart/src/components/elements/icon/icon.jsx
FN:59,_wrapComponent
FN:60,(anonymous_2)
FN:70,(anonymous_3)
FN:73,Icon
FN:81,render
FN:106,getClasses
FNF:6
FNH:6
FNDA:1,_wrapComponent
FNDA:1,(anonymous_2)
FNDA:1,(anonymous_3)
FNDA:10,Icon
FNDA:10,render
FNDA:10,getClasses
DA:3,1
DA:5,1
DA:7,1
DA:9,1
DA:11,1
DA:13,1
DA:15,1
DA:17,1
DA:19,1
DA:21,1
DA:23,1
DA:25,1
DA:27,1
DA:31,1
DA:33,1
DA:35,1
DA:37,1
DA:39,1
DA:45,1
DA:52,1
DA:59,1
DA:60,1
DA:61,1
DA:65,1
DA:70,1
DA:71,1
DA:73,1
DA:74,10
DA:76,10
DA:79,1
DA:82,10
DA:83,10
DA:84,10
DA:85,10
DA:86,10
DA:87,10
DA:88,10
DA:89,10
DA:90,10
DA:91,10
DA:92,10
DA:93,10
DA:94,10
DA:95,10
DA:96,10
DA:98,10
DA:100,10
DA:102,10
DA:107,10
DA:127,10
DA:128,10
DA:129,10
DA:131,10
DA:164,1
DA:165,1
DA:166,1
DA:169,1
LF:57
LH:57
BRDA:116,1,0,10
BRDA:116,1,1,10
BRDA:165,2,0,1
BRDA:165,2,1,0
BRF:4
BRH:3
end_of_record
TN:
SF:/home/justin/Projects/ReactStart/src/components/elements/icon/icons.jsx
FN:59,_wrapComponent
FN:60,(anonymous_2)
FN:70,(anonymous_3)
FN:73,Icons
FN:81,render
FN:96,getClasses
FNF:6
FNH:3
FNDA:1,_wrapComponent
FNDA:1,(anonymous_2)
FNDA:1,(anonymous_3)
FNDA:0,Icons
FNDA:0,render
FNDA:0,getClasses
DA:3,1
DA:5,1
DA:7,1
DA:9,1
DA:11,1
DA:13,1
DA:15,1
DA:17,1
DA:19,1
DA:21,1
DA:23,1
DA:25,1
DA:27,1
DA:31,1
DA:33,1
DA:35,1
DA:37,1
DA:39,1
DA:45,1
DA:52,1
DA:59,1
DA:60,1
DA:61,1
DA:65,1
DA:70,1
DA:71,1
DA:73,1
DA:74,0
DA:76,0
DA:79,1
DA:82,0
DA:83,0
DA:84,0
DA:85,0
DA:86,0
DA:88,0
DA:90,0
DA:92,0
DA:97,0
DA:118,0
DA:119,0
DA:121,0
DA:153,1
DA:154,1
DA:155,1
DA:158,1
LF:46
LH:32
BRDA:105,1,0,0
BRDA:105,1,1,0
BRDA:154,2,0,1
BRDA:154,2,1,0
BRF:4
BRH:1
end_of_record
TN:
SF:/home/justin/Projects/ReactStart/src/components/elements/image/image.jsx
FN:61,_wrapComponent
FN:62,(anonymous_2)
FN:75,(anonymous_3)
FN:78,Image
FN:86,renderComponent
FN:96,renderImg
FN:102,render
FN:133,getClasses
FNF:8
FNH:3
FNDA:1,_wrapComponent
FNDA:1,(anonymous_2)
FNDA:1,(anonymous_3)
FNDA:0,Image
FNDA:0,renderComponent
FNDA:0,renderImg
FNDA:0,render
FNDA:0,getClasses
DA:3,1
DA:5,1
DA:7,1
DA:9,1
DA:11,1
DA:13,1
DA:15,1
DA:17,1
DA:19,1
DA:21,1
DA:23,1
DA:25,1
DA:27,1
DA:29,1
DA:33,1
DA:35,1
DA:37,1
DA:39,1
DA:41,1
DA:47,1
DA:54,1
DA:61,1
DA:62,1
DA:63,1
DA:67,1
DA:75,1
DA:76,1
DA:78,1
DA:79,0
DA:81,0
DA:84,1
DA:87,0
DA:92,0
DA:97,0
DA:103,0
DA:104,0
DA:105,0
DA:106,0
DA:107,0
DA:108,0
DA:109,0
DA:110,0
DA:111,0
DA:112,0
DA:113,0
DA:114,0
DA:115,0
DA:116,0
DA:117,0
DA:118,0
DA:119,0
DA:120,0
DA:121,0
DA:123,0
DA:125,0
DA:129,0
DA:134,0
DA:163,0
DA:165,0
DA:207,1
DA:208,1
DA:209,1
DA:212,1
LF:63
LH:33
BRDA:92,1,0,0
BRDA:92,1,1,0
BRDA:129,2,0,0
BRDA:129,2,1,0
BRDA:129,3,0,0
BRDA:129,3,1,0
BRDA:137,4,0,0
BRDA:137,4,1,0
BRDA:159,5,0,0
BRDA:159,5,1,0
BRDA:208,6,0,1
BRDA:208,6,1,0
BRF:12
BRH:1
end_of_record
TN:
SF:/home/justin/Projects/ReactStart/src/components/elements/image/images.jsx
FN:57,_wrapComponent
FN:58,(anonymous_2)
FN:63,(anonymous_3)
FN:66,Images
FN:74,render
FN:94,getClasses
FNF:6
FNH:3
FNDA:1,_wrapComponent
FNDA:1,(anonymous_2)
FNDA:1,(anonymous_3)
FNDA:0,Images
FNDA:0,render
FNDA:0,getClasses
DA:3,1
DA:5,1
DA:7,1
DA:9,1
DA:11,1
DA:13,1
DA:15,1
DA:17,1
DA:19,1
DA:21,1
DA:23,1
DA:25,1
DA:27,1
DA:31,1
DA:33,1
DA:35,1
DA:37,1
DA:43,1
DA:50,1
DA:57,1
DA:58,1
DA:59,1
DA:63,1
DA:64,1
DA:66,1
DA:67,0
DA:69,0
DA:72,1
DA:75,0
DA:76,0
DA:77,0
DA:78,0
DA:79,0
DA:80,0
DA:81,0
DA:82,0
DA:83,0
DA:84,0
DA:86,0
DA:88,0
DA:90,0
DA:95,0
DA:115,0
DA:117,0
DA:144,1
DA:145,1
DA:146,1
DA:149,1
LF:48
LH:30
BRDA:145,1,0,1
BRDA:145,1,1,0
BRF:2
BRH:1
end_of_record
TN:
SF:/home/justin/Projects/ReactStart/src/components/elements/input/input.jsx
FN:59,_wrapComponent
FN:60,(anonymous_2)
FN:65,(anonymous_3)
FN:68,Input
FN:76,renderCheckbox
FN:87,renderText
FN:111,render
FN:120,getClasses
FN:150,getIconClasses
FN:170,getLabelClasses
FN:192,prepareInput
FN:227,processChildren
FN:233,(anonymous_13)
FNF:13
FNH:3
FNDA:1,_wrapComponent
FNDA:1,(anonymous_2)
FNDA:1,(anonymous_3)
FNDA:0,Input
FNDA:0,renderCheckbox
FNDA:0,renderText
FNDA:0,render
FNDA:0,getClasses
FNDA:0,getIconClasses
FNDA:0,getLabelClasses
FNDA:0,prepareInput
FNDA:0,processChildren
FNDA:0,(anonymous_13)
DA:3,1
DA:5,1
DA:7,1
DA:9,1
DA:11,1
DA:13,1
DA:15,1
DA:17,1
DA:19,1
DA:21,1
DA:23,1
DA:25,1
DA:27,1
DA:31,1
DA:33,1
DA:35,1
DA:37,1
DA:39,1
DA:45,1
DA:52,1
DA:59,1
DA:60,1
DA:61,1
DA:65,1
DA:66,1
DA:68,1
DA:69,0
DA:71,0
DA:74,1
DA:78,0
DA:79,0
DA:81,0
DA:83,0
DA:89,0
DA:91,0
DA:92,0
DA:93,0
DA:94,0
DA:95,0
DA:96,0
DA:97,0
DA:98,0
DA:99,0
DA:100,0
DA:101,0
DA:103,0
DA:105,0
DA:107,0
DA:112,0
DA:113,0
DA:115,0
DA:121,0
DA:142,0
DA:144,0
DA:151,0
DA:158,0
DA:159,0
DA:160,0
DA:161,0
DA:164,0
DA:171,0
DA:179,0
DA:180,0
DA:181,0
DA:182,0
DA:183,0
DA:186,0
DA:193,0
DA:194,0
DA:197,0
DA:203,0
DA:204,0
DA:205,0
DA:207,0
DA:210,0
DA:211,0
DA:212,0
DA:214,0
DA:215,0
DA:219,0
DA:228,0
DA:233,0
DA:234,0
DA:235,0
DA:236,0
DA:237,0
DA:241,0
DA:269,1
DA:270,1
DA:271,1
DA:274,1
LF:91
LH:31
BRDA:112,1,0,0
BRDA:112,1,1,0
BRDA:158,2,0,0
BRDA:158,2,1,0
BRDA:159,3,0,0
BRDA:159,3,1,0
BRDA:160,4,0,0
BRDA:160,4,1,0
BRDA:179,5,0,0
BRDA:179,5,1,0
BRDA:180,6,0,0
BRDA:180,6,1,0
BRDA:181,7,0,0
BRDA:181,7,1,0
BRDA:182,8,0,0
BRDA:182,8,1,0
BRDA:182,8,2,0
BRDA:203,9,0,0
BRDA:203,9,1,0
BRDA:210,10,0,0
BRDA:210,10,1,0
BRDA:234,11,0,0
BRDA:234,11,1,0
BRDA:234,12,0,0
BRDA:234,12,1,0
BRDA:236,13,0,0
BRDA:236,13,1,0
BRDA:236,14,0,0
BRDA:236,14,1,0
BRDA:270,15,0,1
BRDA:270,15,1,0
BRF:31
BRH:1
end_of_record
TN:
SF:/home/justin/Projects/ReactStart/src/components/elements/label/detail.jsx
FN:57,_wrapComponent
FN:58,(anonymous_2)
FN:63,(anonymous_3)
FN:66,Detail
FN:74,render
FN:87,getClasses
FNF:6
FNH:3
FNDA:1,_wrapComponent
FNDA:1,(anonymous_2)
FNDA:1,(anonymous_3)
FNDA:0,Detail
FNDA:0,render
FNDA:0,getClasses
DA:3,1
DA:5,1
DA:7,1
DA:9,1
DA:11,1
DA:13,1
DA:15,1
DA:17,1
DA:19,1
DA:21,1
DA:23,1
DA:25,1
DA:27,1
DA:31,1
DA:33,1
DA:35,1
DA:37,1
DA:43,1
DA:50,1
DA:57,1
DA:58,1
DA:59,1
DA:63,1
DA:64,1
DA:66,1
DA:67,0
DA:69,0
DA:72,1
DA:75,0
DA:76,0
DA:77,0
DA:79,0
DA:81,0
DA:83,0
DA:88,0
DA:93,0
DA:113,1
DA:114,1
DA:115,1
DA:118,1
LF:40
LH:30
BRDA:75,1,0,0
BRDA:75,1,1,0
BRDA:83,2,0,0
BRDA:83,2,1,0
BRDA:114,3,0,1
BRDA:114,3,1,0
BRF:6
BRH:1
end_of_record
TN:
SF:/home/justin/Projects/ReactStart/src/components/elements/label/label.jsx
FN:61,_wrapComponent
FN:62,(anonymous_2)
FN:74,(anonymous_3)
FN:77,Label
FN:85,getChildContext
FN:92,render
FN:121,getClasses
FNF:7
FNH:3
FNDA:1,_wrapComponent
FNDA:1,(anonymous_2)
FNDA:1,(anonymous_3)
FNDA:0,Label
FNDA:0,getChildContext
FNDA:0,render
FNDA:0,getClasses
DA:3,1
DA:5,1
DA:7,1
DA:9,1
DA:11,1
DA:13,1
DA:15,1
DA:17,1
DA:19,1
DA:21,1
DA:23,1
DA:25,1
DA:27,1
DA:31,1
DA:33,1
DA:35,1
DA:37,1
DA:39,1
DA:41,1
DA:47,1
DA:54,1
DA:61,1
DA:62,1
DA:63,1
DA:67,1
DA:74,1
DA:75,1
DA:77,1
DA:78,0
DA:80,0
DA:83,1
DA:86,0
DA:95,0
DA:97,0
DA:98,0
DA:99,0
DA:100,0
DA:101,0
DA:102,0
DA:103,0
DA:104,0
DA:105,0
DA:106,0
DA:107,0
DA:108,0
DA:109,0
DA:110,0
DA:111,0
DA:113,0
DA:115,0
DA:117,0
DA:122,0
DA:144,0
DA:145,0
DA:147,0
DA:193,1
DA:194,1
DA:195,1
DA:198,1
LF:59
LH:33
BRDA:95,1,0,0
BRDA:95,1,1,0
BRDA:117,2,0,0
BRDA:117,2,1,0
BRDA:130,3,0,0
BRDA:130,3,1,0
BRDA:194,4,0,1
BRDA:194,4,1,0
BRF:8
BRH:1
end_of_record
TN:
SF:/home/justin/Projects/ReactStart/src/components/elements/label/labels.jsx
FN:57,_wrapComponent
FN:58,(anonymous_2)
FN:63,(anonymous_3)
FN:66,Labels
FN:74,render
FN:91,getClasses
FNF:6
FNH:3
FNDA:1,_wrapComponent
FNDA:1,(anonymous_2)
FNDA:1,(anonymous_3)
FNDA:0,Labels
FNDA:0,render
FNDA:0,getClasses
DA:3,1
DA:5,1
DA:7,1
DA:9,1
DA:11,1
DA:13,1
DA:15,1
DA:17,1
DA:19,1
DA:21,1
DA:23,1
DA:25,1
DA:27,1
DA:31,1
DA:33,1
DA:35,1
DA:37,1
DA:43,1
DA:50,1
DA:57,1
DA:58,1
DA:59,1
DA:63,1
DA:64,1
DA:66,1
DA:67,0
DA:69,0
DA:72,1
DA:75,0
DA:76,0
DA:77,0
DA:78,0
DA:79,0
DA:80,0
DA:81,0
DA:83,0
DA:85,0
DA:87,0
DA:92,0
DA:105,0
DA:106,0
DA:108,0
DA:134,1
DA:135,1
DA:136,1
DA:139,1
LF:46
LH:30
BRDA:135,1,0,1
BRDA:135,1,1,0
BRF:2
BRH:1
end_of_record
TN:
SF:/home/justin/Projects/ReactStart/src/components/elements/list/list.jsx
FN:59,_wrapComponent
FN:60,(anonymous_2)
FN:70,(anonymous_3)
FN:73,List
FN:81,getChildContext
FN:88,render
FN:112,getClasses
FNF:7
FNH:3
FNDA:1,_wrapComponent
FNDA:1,(anonymous_2)
FNDA:1,(anonymous_3)
FNDA:0,List
FNDA:0,getChildContext
FNDA:0,render
FNDA:0,getClasses
DA:3,1
DA:5,1
DA:7,1
DA:9,1
DA:11,1
DA:13,1
DA:15,1
DA:17,1
DA:19,1
DA:21,1
DA:23,1
DA:25,1
DA:27,1
DA:31,1
DA:33,1
DA:35,1
DA:37,1
DA:39,1
DA:45,1
DA:52,1
DA:59,1
DA:60,1
DA:61,1
DA:65,1
DA:70,1
DA:71,1
DA:73,1
DA:74,0
DA:76,0
DA:79,1
DA:82,0
DA:89,0
DA:90,0
DA:91,0
DA:92,0
DA:93,0
DA:94,0
DA:95,0
DA:96,0
DA:97,0
DA:98,0
DA:99,0
DA:100,0
DA:101,0
DA:102,0
DA:104,0
DA:106,0
DA:108,0
DA:113,0
DA:136,0
DA:138,0
DA:177,1
DA:178,1
DA:179,1
DA:182,1
LF:55
LH:32
BRDA:178,1,0,1
BRDA:178,1,1,0
BRF:2
BRH:1
end_of_record
TN:
SF:/home/justin/Projects/ReactStart/src/components/elements/loader/loader.jsx
FN:59,_wrapComponent
FN:60,(anonymous_2)
FN:65,(anonymous_3)
FN:68,Loader
FN:76,render
FN:85,getClasses
FNF:6
FNH:3
FNDA:1,_wrapComponent
FNDA:1,(anonymous_2)
FNDA:1,(anonymous_3)
FNDA:0,Loader
FNDA:0,render
FNDA:0,getClasses
DA:3,1
DA:5,1
DA:7,1
DA:9,1
DA:11,1
DA:13,1
DA:15,1
DA:17,1
DA:19,1
DA:21,1
DA:23,1
DA:25,1
DA:27,1
DA:31,1
DA:33,1
DA:35,1
DA:37,1
DA:39,1
DA:45,1
DA:52,1
DA:59,1
DA:60,1
DA:61,1
DA:65,1
DA:66,1
DA:68,1
DA:69,0
DA:71,0
DA:74,1
DA:77,0
DA:79,0
DA:81,0
DA:86,0
DA:101,0
DA:103,0
DA:131,1
DA:132,1
DA:133,1
DA:136,1
LF:39
LH:31
BRDA:94,1,0,0
BRDA:94,1,1,0
BRDA:132,2,0,1
BRDA:132,2,1,0
BRF:4
BRH:1
end_of_record
TN:
SF:/home/justin/Projects/ReactStart/src/components/elements/rail/rail.jsx
FN:59,_wrapComponent
FN:60,(anonymous_2)
FN:69,(anonymous_3)
FN:72,Rail
FN:80,render
FN:99,getClasses
FNF:6
FNH:3
FNDA:1,_wrapComponent
FNDA:1,(anonymous_2)
FNDA:1,(anonymous_3)
FNDA:0,Rail
FNDA:0,render
FNDA:0,getClasses
DA:3,1
DA:5,1
DA:7,1
DA:9,1
DA:11,1
DA:13,1
DA:15,1
DA:17,1
DA:19,1
DA:21,1
DA:23,1
DA:25,1
DA:27,1
DA:31,1
DA:33,1
DA:35,1
DA:37,1
DA:39,1
DA:45,1
DA:52,1
DA:59,1
DA:60,1
DA:61,1
DA:65,1
DA:69,1
DA:70,1
DA:72,1
DA:73,0
DA:75,0
DA:78,1
DA:81,0
DA:82,0
DA:83,0
DA:84,0
DA:85,0
DA:86,0
DA:87,0
DA:88,0
DA:89,0
DA:91,0
DA:93,0
DA:95,0
DA:100,0
DA:115,0
DA:142,1
DA:143,1
DA:144,1
DA:147,1
LF:48
LH:32
BRDA:107,1,0,0
BRDA:107,1,1,0
BRDA:143,2,0,1
BRDA:143,2,1,0
BRF:4
BRH:1
end_of_record
TN:
SF:/home/justin/Projects/ReactStart/src/components/elements/reveal/reveal.jsx
FN:61,_wrapComponent
FN:62,(anonymous_2)
FN:72,(anonymous_3)
FN:75,Reveal
FN:83,render
FN:106,getClasses
FNF:6
FNH:3
FNDA:1,_wrapComponent
FNDA:1,(anonymous_2)
FNDA:1,(anonymous_3)
FNDA:0,Reveal
FNDA:0,render
FNDA:0,getClasses
DA:3,1
DA:5,1
DA:7,1
DA:9,1
DA:11,1
DA:13,1
DA:15,1
DA:17,1
DA:19,1
DA:21,1
DA:23,1
DA:25,1
DA:27,1
DA:31,1
DA:33,1
DA:35,1
DA:37,1
DA:39,1
DA:41,1
DA:47,1
DA:54,1
DA:61,1
DA:62,1
DA:63,1
DA:67,1
DA:72,1
DA:73,1
DA:75,1
DA:76,0
DA:78,0
DA:81,1
DA:84,0
DA:85,0
DA:86,0
DA:87,0
DA:88,0
DA:89,0
DA:90,0
DA:91,0
DA:92,0
DA:93,0
DA:94,0
DA:95,0
DA:96,0
DA:98,0
DA:100,0
DA:102,0
DA:107,0
DA:129,0
DA:131,0
DA:166,1
DA:167,1
DA:168,1
DA:171,1
LF:54
LH:33
BRDA:126,1,0,0
BRDA:126,1,1,0
BRDA:167,2,0,1
BRDA:167,2,1,0
BRF:4
BRH:1
end_of_record
TN:
SF:/home/justin/Projects/ReactStart/src/components/elements/segment/segment.jsx
FN:59,_wrapComponent
FN:60,(anonymous_2)
FN:71,(anonymous_3)
FN:74,Segment
FN:82,render
FN:117,getClasses
FN:163,getStyle
FNF:7
FNH:7
FNDA:1,_wrapComponent
FNDA:1,(anonymous_2)
FNDA:1,(anonymous_3)
FNDA:5,Segment
FNDA:5,render
FNDA:5,getClasses
FNDA:5,getStyle
DA:3,1
DA:5,1
DA:7,1
DA:9,1
DA:11,1
DA:13,1
DA:15,1
DA:17,1
DA:19,1
DA:21,1
DA:23,1
DA:25,1
DA:27,1
DA:31,1
DA:33,1
DA:35,1
DA:37,1
DA:39,1
DA:45,1
DA:52,1
DA:59,1
DA:60,1
DA:61,1
DA:65,1
DA:71,1
DA:72,1
DA:74,1
DA:75,5
DA:77,5
DA:80,1
DA:83,5
DA:84,5
DA:85,5
DA:86,5
DA:87,5
DA:88,5
DA:89,5
DA:90,5
DA:91,5
DA:92,5
DA:93,5
DA:94,5
DA:95,5
DA:96,5
DA:97,5
DA:98,5
DA:99,5
DA:100,5
DA:101,5
DA:102,5
DA:103,5
DA:104,5
DA:105,5
DA:106,5
DA:108,5
DA:110,5
DA:111,5
DA:113,5
DA:118,5
DA:157,5
DA:159,5
DA:164,5
DA:166,5
DA:167,0
DA:170,5
DA:214,1
DA:215,1
DA:216,1
DA:219,1
LF:69
LH:68
BRDA:166,1,0,0
BRDA:166,1,1,5
BRDA:166,2,0,5
BRDA:166,2,1,0
BRDA:167,3,0,0
BRDA:167,3,1,0
BRDA:215,4,0,1
BRDA:215,4,1,0
BRF:8
BRH:3
end_of_record
TN:
SF:/home/justin/Projects/ReactStart/src/components/elements/segment/segments.jsx
FN:57,_wrapComponent
FN:58,(anonymous_2)
FN:63,(anonymous_3)
FN:66,Segments
FN:74,render
FN:93,getClasses
FNF:6
FNH:3
FNDA:1,_wrapComponent
FNDA:1,(anonymous_2)
FNDA:1,(anonymous_3)
FNDA:0,Segments
FNDA:0,render
FNDA:0,getClasses
DA:3,1
DA:5,1
DA:7,1
DA:9,1
DA:11,1
DA:13,1
DA:15,1
DA:17,1
DA:19,1
DA:21,1
DA:23,1
DA:25,1
DA:27,1
DA:31,1
DA:33,1
DA:35,1
DA:37,1
DA:43,1
DA:50,1
DA:57,1
DA:58,1
DA:59,1
DA:63,1
DA:64,1
DA:66,1
DA:67,0
DA:69,0
DA:72,1
DA:75,0
DA:76,0
DA:77,0
DA:78,0
DA:79,0
DA:80,0
DA:81,0
DA:82,0
DA:83,0
DA:85,0
DA:87,0
DA:89,0
DA:94,0
DA:105,0
DA:131,1
DA:132,1
DA:133,1
DA:136,1
LF:46
LH:30
BRDA:132,1,0,1
BRDA:132,1,1,0
BRF:2
BRH:1
end_of_record
TN:
SF:/home/justin/Projects/ReactStart/src/components/elements/leaves/content.jsx
FN:59,_wrapComponent
FN:60,(anonymous_2)
FN:70,(anonymous_3)
FN:73,Content
FN:81,renderDimmerChild
FN:90,render
FN:110,getClasses
FNF:7
FNH:3
FNDA:1,_wrapComponent
FNDA:1,(anonymous_2)
FNDA:1,(anonymous_3)
FNDA:0,Content
FNDA:0,renderDimmerChild
FNDA:0,render
FNDA:0,getClasses
DA:3,1
DA:5,1
DA:7,1
DA:9,1
DA:11,1
DA:13,1
DA:15,1
DA:17,1
DA:19,1
DA:21,1
DA:23,1
DA:25,1
DA:27,1
DA:31,1
DA:33,1
DA:35,1
DA:37,1
DA:39,1
DA:45,1
DA:52,1
DA:59,1
DA:60,1
DA:61,1
DA:65,1
DA:70,1
DA:71,1
DA:73,1
DA:74,0
DA:76,0
DA:79,1
DA:82,0
DA:91,0
DA:93,0
DA:94,0
DA:95,0
DA:96,0
DA:97,0
DA:98,0
DA:99,0
DA:100,0
DA:102,0
DA:104,0
DA:106,0
DA:111,0
DA:125,0
DA:159,1
DA:160,1
DA:161,1
DA:164,1
LF:49
LH:32
BRDA:91,1,0,0
BRDA:91,1,1,0
BRDA:160,2,0,1
BRDA:160,2,1,0
BRF:4
BRH:1
end_of_record
TN:
SF:/home/justin/Projects/ReactStart/src/components/elements/leaves/description.jsx
FN:57,_wrapComponent
FN:58,(anonymous_2)
FN:63,(anonymous_3)
FN:66,Description
FN:74,render
FN:89,getClasses
FNF:6
FNH:3
FNDA:1,_wrapComponent
FNDA:1,(anonymous_2)
FNDA:1,(anonymous_3)
FNDA:0,Description
FNDA:0,render
FNDA:0,getClasses
DA:3,1
DA:5,1
DA:7,1
DA:9,1
DA:11,1
DA:13,1
DA:15,1
DA:17,1
DA:19,1
DA:21,1
DA:23,1
DA:25,1
DA:27,1
DA:31,1
DA:33,1
DA:35,1
DA:37,1
DA:43,1
DA:50,1
DA:57,1
DA:58,1
DA:59,1
DA:63,1
DA:64,1
DA:66,1
DA:67,0
DA:69,0
DA:72,1
DA:75,0
DA:76,0
DA:77,0
DA:78,0
DA:79,0
DA:81,0
DA:83,0
DA:85,0
DA:90,0
DA:99,0
DA:121,1
DA:122,1
DA:123,1
DA:126,1
LF:42
LH:30
BRDA:122,1,0,1
BRDA:122,1,1,0
BRF:2
BRH:1
end_of_record
TN:
SF:/home/justin/Projects/ReactStart/src/components/elements/leaves/item.jsx
FN:57,_wrapComponent
FN:58,(anonymous_2)
FN:63,(anonymous_3)
FN:66,Item
FN:74,render
FN:91,getClasses
FNF:6
FNH:3
FNDA:1,_wrapComponent
FNDA:1,(anonymous_2)
FNDA:1,(anonymous_3)
FNDA:0,Item
FNDA:0,render
FNDA:0,getClasses
DA:3,1
DA:5,1
DA:7,1
DA:9,1
DA:11,1
DA:13,1
DA:15,1
DA:17,1
DA:19,1
DA:21,1
DA:23,1
DA:25,1
DA:27,1
DA:31,1
DA:33,1
DA:35,1
DA:37,1
DA:43,1
DA:50,1
DA:57,1
DA:58,1
DA:59,1
DA:63,1
DA:64,1
DA:66,1
DA:67,0
DA:69,0
DA:72,1
DA:76,0
DA:78,0
DA:79,0
DA:80,0
DA:81,0
DA:83,0
DA:85,0
DA:87,0
DA:92,0
DA:109,0
DA:111,0
DA:144,1
DA:145,1
DA:146,1
DA:149,1
LF:43
LH:30
BRDA:76,1,0,0
BRDA:76,1,1,0
BRDA:76,2,0,0
BRDA:76,2,1,0
BRDA:76,2,2,0
BRDA:87,3,0,0
BRDA:87,3,1,0
BRDA:99,4,0,0
BRDA:99,4,1,0
BRDA:145,5,0,1
BRDA:145,5,1,0
BRF:11
BRH:1
end_of_record
TN:
SF:/home/justin/Projects/ReactStart/src/components/test.jsx
FN:67,_wrapComponent
FN:68,(anonymous_2)
FN:73,renderStateless
FN:81,renderDeep
FN:85,getNode
FN:90,(anonymous_6)
FN:93,(anonymous_7)
FN:98,render
FN:102,className
FN:106,type
FN:110,getOutput
FN:114,(anonymous_12)
FN:117,TestProps
FN:125,render
FNF:14
FNH:13
FNDA:1,_wrapComponent
FNDA:1,(anonymous_2)
FNDA:10,renderStateless
FNDA:4,renderDeep
FNDA:6,getNode
FNDA:1,(anonymous_6)
FNDA:44,(anonymous_7)
FNDA:21,render
FNDA:22,className
FNDA:1,type
FNDA:0,getOutput
FNDA:1,(anonymous_12)
FNDA:3,TestProps
FNDA:3,render
DA:3,1
DA:5,1
DA:7,1
DA:9,1
DA:11,1
DA:13,1
DA:15,1
DA:17,1
DA:19,1
DA:21,1
DA:23,1
DA:25,1
DA:28,1
DA:29,1
DA:30,1
DA:31,1
DA:32,1
DA:33,1
DA:34,1
DA:36,1
DA:38,1
DA:40,1
DA:42,1
DA:44,1
DA:47,1
DA:53,1
DA:60,1
DA:67,1
DA:68,1
DA:69,1
DA:73,1
DA:74,10
DA:81,1
DA:82,4
DA:85,1
DA:86,6
DA:90,1
DA:91,1
DA:93,1
DA:94,44
DA:98,1
DA:99,21
DA:102,1
DA:103,22
DA:106,1
DA:107,1
DA:110,1
DA:111,0
DA:114,1
DA:115,1
DA:117,1
DA:118,3
DA:120,3
DA:123,1
DA:126,3
DA:130,1
DA:131,1
DA:132,1
DA:135,1
LF:59
LH:58
BRDA:131,1,0,1
BRDA:131,1,1,0
BRF:2
BRH:1
end_of_record
