TN:
SF:/home/justin/Projects/ReactStart/src/components/elements.jsx
FNF:0
FNH:0
DA:3,1
DA:5,1
DA:7,1
DA:11,1
DA:13,1
DA:15,1
DA:17,1
DA:19,1
DA:21,1
DA:23,1
DA:25,1
DA:27,1
DA:29,1
DA:31,1
DA:33,1
DA:35,1
DA:37,1
DA:39,1
DA:41,1
DA:43,1
DA:45,1
DA:47,1
DA:49,1
DA:51,1
DA:53,1
DA:55,1
DA:57,1
DA:59,1
DA:61,1
DA:63,1
DA:65,1
DA:67,1
DA:69,1
DA:71,1
DA:73,1
DA:75,1
DA:77,1
DA:79,1
DA:81,1
DA:83,1
DA:85,1
DA:87,1
DA:89,1
DA:91,1
DA:93,1
DA:95,1
DA:97,1
DA:99,1
DA:101,1
DA:103,1
DA:105,1
DA:107,1
DA:109,1
DA:111,1
DA:113,1
LF:55
LH:55
BRF:0
BRH:0
end_of_record
TN:
SF:/home/justin/Projects/ReactStart/src/components/elements/button/button.jsx
FN:57,_wrapComponent
FN:58,(anonymous_2)
FN:70,(anonymous_3)
FN:73,Button
FN:81,isIconButton
FN:86,render
FN:126,getClasses
FNF:7
FNH:7
FNDA:1,_wrapComponent
FNDA:1,(anonymous_2)
FNDA:1,(anonymous_3)
FNDA:28,Button
FNDA:27,isIconButton
FNDA:28,render
FNDA:28,getClasses
DA:3,1
DA:5,1
DA:7,1
DA:9,1
DA:11,1
DA:13,1
DA:15,1
DA:17,1
DA:19,1
DA:21,1
DA:23,1
DA:25,1
DA:27,1
DA:29,1
DA:31,1
DA:33,1
DA:35,1
DA:37,1
DA:43,1
DA:50,1
DA:57,1
DA:58,1
DA:59,1
DA:63,1
DA:70,1
DA:71,1
DA:73,1
DA:74,28
DA:76,28
DA:79,1
DA:82,27
DA:87,28
DA:90,28
DA:91,28
DA:92,28
DA:93,28
DA:94,28
DA:95,28
DA:96,28
DA:97,28
DA:98,28
DA:99,28
DA:100,28
DA:101,28
DA:102,28
DA:103,28
DA:104,28
DA:105,28
DA:106,28
DA:107,28
DA:108,28
DA:109,28
DA:110,28
DA:111,28
DA:112,28
DA:113,28
DA:114,28
DA:115,28
DA:117,28
DA:120,28
DA:122,28
DA:127,28
DA:161,28
DA:162,28
DA:163,28
DA:165,28
DA:215,1
DA:216,1
DA:217,1
DA:220,1
LF:70
LH:70
BRDA:82,1,0,1
BRDA:82,1,1,26
BRDA:82,2,0,27
BRDA:82,2,1,1
BRDA:87,3,0,8
BRDA:87,3,1,20
BRDA:87,4,0,28
BRDA:87,4,1,23
BRDA:87,4,2,23
BRDA:87,4,3,20
BRDA:122,5,0,28
BRDA:122,5,1,26
BRDA:133,6,0,28
BRDA:133,6,1,1
BRDA:139,7,0,28
BRDA:139,7,1,27
BRDA:139,7,2,2
BRDA:216,8,0,1
BRDA:216,8,1,0
BRF:19
BRH:18
end_of_record
TN:
SF:/home/justin/Projects/ReactStart/src/components/utilities.jsx
FN:34,arrayToObject
FN:67,hasChild
FN:102,hasDescendant
FN:137,hasFirstChild
FN:151,getChild
FN:154,(anonymous_6)
FN:165,validateClassProps
FN:202,spliceChildren
FN:207,(anonymous_9)
FN:221,isEveryChild
FNF:10
FNH:3
FNDA:0,arrayToObject
FNDA:27,hasChild
FNDA:0,hasDescendant
FNDA:0,hasFirstChild
FNDA:0,getChild
FNDA:0,(anonymous_6)
FNDA:37,validateClassProps
FNDA:0,spliceChildren
FNDA:0,(anonymous_9)
FNDA:16,isEveryChild
DA:4,1
DA:6,1
DA:8,1
DA:10,1
DA:13,1
DA:14,1
DA:15,1
DA:16,1
DA:17,1
DA:18,1
DA:19,1
DA:20,1
DA:22,1
DA:24,1
DA:26,1
DA:28,1
DA:30,1
DA:32,1
DA:34,1
DA:35,0
DA:37,0
DA:39,0
DA:40,0
DA:41,0
DA:43,0
DA:44,0
DA:45,0
DA:47,0
DA:50,0
DA:51,0
DA:53,0
DA:54,0
DA:55,0
DA:58,0
DA:59,0
DA:64,0
DA:67,1
DA:68,27
DA:70,27
DA:71,27
DA:72,27
DA:74,27
DA:75,27
DA:76,1
DA:78,1
DA:79,1
DA:80,0
DA:81,0
DA:85,0
DA:86,0
DA:88,27
DA:89,27
DA:90,0
DA:93,27
DA:94,0
DA:99,26
DA:102,1
DA:103,0
DA:105,0
DA:106,0
DA:107,0
DA:109,0
DA:110,0
DA:111,0
DA:113,0
DA:114,0
DA:115,0
DA:116,0
DA:120,0
DA:121,0
DA:123,0
DA:124,0
DA:125,0
DA:128,0
DA:129,0
DA:134,0
DA:137,1
DA:138,0
DA:139,0
DA:142,0
DA:143,0
DA:145,0
DA:148,0
DA:151,1
DA:152,0
DA:154,0
DA:155,0
DA:156,0
DA:157,0
DA:158,0
DA:160,0
DA:165,1
DA:166,37
DA:167,37
DA:168,37
DA:170,37
DA:171,37
DA:172,130
DA:174,130
DA:175,15
DA:177,15
DA:178,11
DA:180,4
DA:185,0
DA:186,0
DA:188,37
DA:189,37
DA:190,0
DA:193,37
DA:194,0
DA:199,37
DA:202,1
DA:203,0
DA:205,0
DA:207,0
DA:208,0
DA:209,0
DA:210,0
DA:214,0
DA:221,1
DA:222,16
DA:224,16
DA:225,16
DA:226,16
DA:228,16
DA:229,16
DA:230,16
DA:232,16
DA:233,12
DA:237,0
DA:238,0
DA:240,16
DA:241,16
DA:242,0
DA:245,16
DA:246,0
DA:251,4
LF:137
LH:67
BRDA:35,1,0,0
BRDA:35,1,1,0
BRDA:35,2,0,0
BRDA:35,2,1,0
BRDA:54,3,0,0
BRDA:54,3,1,0
BRDA:54,4,0,0
BRDA:54,4,1,0
BRDA:58,5,0,0
BRDA:58,5,1,0
BRDA:78,6,0,1
BRDA:78,6,1,0
BRDA:78,7,0,1
BRDA:78,7,1,1
BRDA:80,8,0,0
BRDA:80,8,1,0
BRDA:89,9,0,0
BRDA:89,9,1,27
BRDA:89,10,0,27
BRDA:89,10,1,1
BRDA:93,11,0,0
BRDA:93,11,1,27
BRDA:113,12,0,0
BRDA:113,12,1,0
BRDA:113,13,0,0
BRDA:113,13,1,0
BRDA:115,14,0,0
BRDA:115,14,1,0
BRDA:124,15,0,0
BRDA:124,15,1,0
BRDA:124,16,0,0
BRDA:124,16,1,0
BRDA:128,17,0,0
BRDA:128,17,1,0
BRDA:138,18,0,0
BRDA:138,18,1,0
BRDA:142,19,0,0
BRDA:142,19,1,0
BRDA:152,20,0,0
BRDA:152,20,1,0
BRDA:152,21,0,0
BRDA:152,21,1,0
BRDA:155,22,0,0
BRDA:155,22,1,0
BRDA:155,23,0,0
BRDA:155,23,1,0
BRDA:157,24,0,0
BRDA:157,24,1,0
BRDA:157,25,0,0
BRDA:157,25,1,0
BRDA:174,26,0,15
BRDA:174,26,1,115
BRDA:177,27,0,11
BRDA:177,27,1,4
BRDA:189,28,0,0
BRDA:189,28,1,37
BRDA:189,29,0,37
BRDA:189,29,1,0
BRDA:193,30,0,0
BRDA:193,30,1,37
BRDA:208,31,0,0
BRDA:208,31,1,0
BRDA:208,32,0,0
BRDA:208,32,1,0
BRDA:232,33,0,12
BRDA:232,33,1,4
BRDA:232,34,0,16
BRDA:232,34,1,16
BRDA:241,35,0,0
BRDA:241,35,1,16
BRDA:241,36,0,16
BRDA:241,36,1,12
BRDA:245,37,0,0
BRDA:245,37,1,16
BRF:74
BRH:22
end_of_record
TN:
SF:/home/justin/Projects/ReactStart/src/components/elements/button/buttons.jsx
FN:61,_wrapComponent
FN:62,(anonymous_2)
FN:72,(anonymous_3)
FN:75,Buttons
FN:83,getChildContext
FN:92,render
FN:122,getClasses
FNF:7
FNH:7
FNDA:1,_wrapComponent
FNDA:1,(anonymous_2)
FNDA:1,(anonymous_3)
FNDA:9,Buttons
FNDA:9,getChildContext
FNDA:9,render
FNDA:9,getClasses
DA:3,1
DA:5,1
DA:7,1
DA:9,1
DA:11,1
DA:13,1
DA:15,1
DA:17,1
DA:19,1
DA:21,1
DA:23,1
DA:25,1
DA:27,1
DA:31,1
DA:33,1
DA:35,1
DA:37,1
DA:39,1
DA:41,1
DA:47,1
DA:54,1
DA:61,1
DA:62,1
DA:63,1
DA:67,1
DA:72,1
DA:73,1
DA:75,1
DA:76,9
DA:78,9
DA:81,1
DA:84,9
DA:93,9
DA:94,9
DA:95,9
DA:96,9
DA:97,9
DA:98,9
DA:99,9
DA:100,9
DA:101,9
DA:102,9
DA:103,9
DA:104,9
DA:105,9
DA:106,9
DA:107,9
DA:108,9
DA:109,9
DA:110,9
DA:111,9
DA:112,9
DA:114,9
DA:116,9
DA:118,9
DA:123,9
DA:146,9
DA:149,9
DA:150,3
DA:151,1
DA:153,2
DA:157,9
DA:158,9
DA:160,9
DA:203,1
DA:204,1
DA:205,1
DA:208,1
LF:68
LH:68
BRDA:129,1,0,9
BRDA:129,1,1,8
BRDA:131,2,0,9
BRDA:131,2,1,8
BRDA:149,3,0,3
BRDA:149,3,1,6
BRDA:150,4,0,1
BRDA:150,4,1,2
BRDA:150,5,0,3
BRDA:150,5,1,1
BRDA:204,6,0,1
BRDA:204,6,1,0
BRF:12
BRH:11
end_of_record
TN:
SF:/home/justin/Projects/ReactStart/src/components/elements/button/labeledbutton.jsx
FN:63,_wrapComponent
FN:64,(anonymous_2)
FN:69,(anonymous_3)
FN:72,LabeledButton
FN:84,renderButton
FN:98,renderChildren
FN:130,render
FN:168,getClasses
FNF:8
FNH:3
FNDA:1,_wrapComponent
FNDA:1,(anonymous_2)
FNDA:1,(anonymous_3)
FNDA:0,LabeledButton
FNDA:0,renderButton
FNDA:0,renderChildren
FNDA:0,render
FNDA:0,getClasses
DA:3,1
DA:5,1
DA:7,1
DA:9,1
DA:11,1
DA:13,1
DA:15,1
DA:17,1
DA:19,1
DA:21,1
DA:23,1
DA:25,1
DA:27,1
DA:29,1
DA:33,1
DA:35,1
DA:37,1
DA:39,1
DA:41,1
DA:43,1
DA:49,1
DA:56,1
DA:63,1
DA:64,1
DA:65,1
DA:69,1
DA:70,1
DA:72,1
DA:73,0
DA:75,0
DA:78,1
DA:85,0
DA:87,0
DA:88,0
DA:90,0
DA:103,0
DA:106,0
DA:109,0
DA:110,0
DA:112,0
DA:114,0
DA:116,0
DA:125,0
DA:126,0
DA:127,0
DA:130,0
DA:131,0
DA:134,0
DA:140,0
DA:141,0
DA:145,0
DA:146,0
DA:147,0
DA:148,0
DA:149,0
DA:150,0
DA:151,0
DA:152,0
DA:153,0
DA:154,0
DA:155,0
DA:156,0
DA:157,0
DA:159,0
DA:161,0
DA:164,0
DA:165,0
DA:169,0
DA:172,0
DA:181,0
DA:212,0
DA:213,0
DA:214,0
DA:216,0
DA:260,1
DA:261,1
DA:262,1
DA:265,1
LF:78
LH:33
BRDA:88,1,0,0
BRDA:88,1,1,0
BRDA:117,2,0,0
BRDA:117,2,1,0
BRDA:132,3,0,0
BRDA:132,3,1,0
BRDA:156,4,0,0
BRDA:156,4,1,0
BRDA:179,5,0,0
BRDA:179,5,1,0
BRDA:249,6,0,1
BRDA:249,6,1,0
BRF:12
BRH:1
end_of_record
TN:
SF:/home/justin/Projects/ReactStart/src/components/elements/button/iconbutton.jsx
FN:15,(anonymous_1)
FN:29,(anonymous_2)
FNF:2
FNH:2
FNDA:7,(anonymous_1)
FNDA:1,(anonymous_2)
DA:3,1
DA:5,1
DA:7,1
DA:9,1
DA:11,1
DA:13,1
DA:15,1
DA:16,7
DA:17,7
DA:19,7
DA:21,7
DA:23,7
DA:29,7
DA:30,1
DA:33,7
LF:15
LH:15
BRDA:34,1,0,6
BRDA:34,1,1,1
BRF:2
BRH:2
end_of_record
TN:
SF:/home/justin/Projects/ReactStart/src/components/elements/button/socialbutton.jsx
FN:15,(anonymous_1)
FN:27,(anonymous_2)
FNF:2
FNH:2
FNDA:5,(anonymous_1)
FNDA:1,(anonymous_2)
DA:3,1
DA:5,1
DA:7,1
DA:9,1
DA:11,1
DA:13,1
DA:15,1
DA:16,5
DA:18,5
DA:20,5
DA:22,5
DA:27,5
DA:28,1
DA:31,5
LF:14
LH:14
BRDA:32,1,0,4
BRDA:32,1,1,1
BRF:2
BRH:2
end_of_record
TN:
SF:/home/justin/Projects/ReactStart/src/components/elements/divider/divider.jsx
FN:59,_wrapComponent
FN:60,(anonymous_2)
FN:65,(anonymous_3)
FN:68,Divider
FN:76,render
FN:98,getClasses
FNF:6
FNH:3
FNDA:1,_wrapComponent
FNDA:1,(anonymous_2)
FNDA:1,(anonymous_3)
FNDA:0,Divider
FNDA:0,render
FNDA:0,getClasses
DA:3,1
DA:5,1
DA:7,1
DA:9,1
DA:11,1
DA:13,1
DA:15,1
DA:17,1
DA:19,1
DA:21,1
DA:23,1
DA:25,1
DA:27,1
DA:31,1
DA:33,1
DA:35,1
DA:39,1
DA:45,1
DA:52,1
DA:59,1
DA:60,1
DA:61,1
DA:65,1
DA:66,1
DA:68,1
DA:69,0
DA:71,0
DA:74,1
DA:77,0
DA:78,0
DA:79,0
DA:80,0
DA:81,0
DA:82,0
DA:83,0
DA:84,0
DA:85,0
DA:86,0
DA:87,0
DA:88,0
DA:90,0
DA:92,0
DA:94,0
DA:99,0
DA:119,0
DA:147,1
DA:148,1
DA:149,1
DA:152,1
LF:49
LH:30
BRDA:148,1,0,1
BRDA:148,1,1,0
BRF:2
BRH:1
end_of_record
TN:
SF:/home/justin/Projects/ReactStart/src/components/elements/flag/flag.jsx
FN:13,(anonymous_1)
FNF:1
FNH:0
FNDA:0,(anonymous_1)
DA:3,1
DA:5,1
DA:7,1
DA:9,1
DA:11,1
DA:13,1
DA:14,0
LF:7
LH:6
BRF:0
BRH:0
end_of_record
TN:
SF:/home/justin/Projects/ReactStart/src/components/elements/header/header.jsx
FN:61,_wrapComponent
FN:62,(anonymous_2)
FN:73,(anonymous_3)
FN:76,Header
FN:84,getChildContext
FN:91,render
FN:120,getClasses
FNF:7
FNH:3
FNDA:1,_wrapComponent
FNDA:1,(anonymous_2)
FNDA:1,(anonymous_3)
FNDA:0,Header
FNDA:0,getChildContext
FNDA:0,render
FNDA:0,getClasses
DA:3,1
DA:5,1
DA:7,1
DA:9,1
DA:11,1
DA:13,1
DA:15,1
DA:17,1
DA:19,1
DA:21,1
DA:23,1
DA:25,1
DA:27,1
DA:31,1
DA:33,1
DA:35,1
DA:37,1
DA:39,1
DA:41,1
DA:47,1
DA:54,1
DA:61,1
DA:62,1
DA:63,1
DA:67,1
DA:73,1
DA:74,1
DA:76,1
DA:77,0
DA:79,0
DA:82,1
DA:85,0
DA:92,0
DA:94,0
DA:95,0
DA:96,0
DA:97,0
DA:98,0
DA:99,0
DA:100,0
DA:101,0
DA:102,0
DA:103,0
DA:104,0
DA:105,0
DA:106,0
DA:107,0
DA:108,0
DA:109,0
DA:111,0
DA:114,0
DA:116,0
DA:121,0
DA:146,0
DA:147,0
DA:149,0
DA:201,1
DA:202,1
DA:203,1
DA:206,1
LF:60
LH:33
BRDA:92,1,0,0
BRDA:92,1,1,0
BRDA:116,2,0,0
BRDA:116,2,1,0
BRDA:123,3,0,0
BRDA:123,3,1,0
BRDA:123,3,2,0
BRDA:123,3,3,0
BRDA:126,4,0,0
BRDA:126,4,1,0
BRDA:133,5,0,0
BRDA:133,5,1,0
BRDA:202,6,0,1
BRDA:202,6,1,0
BRF:14
BRH:1
end_of_record
TN:
SF:/home/justin/Projects/ReactStart/src/components/elements/header/subheader.jsx
FN:59,_wrapComponent
FN:60,(anonymous_2)
FN:65,(anonymous_3)
FN:68,SubHeader
FN:76,render
FN:90,getClasses
FNF:6
FNH:3
FNDA:1,_wrapComponent
FNDA:1,(anonymous_2)
FNDA:1,(anonymous_3)
FNDA:0,SubHeader
FNDA:0,render
FNDA:0,getClasses
DA:3,1
DA:5,1
DA:7,1
DA:9,1
DA:11,1
DA:13,1
DA:15,1
DA:17,1
DA:19,1
DA:21,1
DA:23,1
DA:25,1
DA:27,1
DA:31,1
DA:33,1
DA:35,1
DA:37,1
DA:39,1
DA:45,1
DA:52,1
DA:59,1
DA:60,1
DA:61,1
DA:65,1
DA:66,1
DA:68,1
DA:69,0
DA:71,0
DA:74,1
DA:77,0
DA:78,0
DA:80,0
DA:82,0
DA:84,0
DA:91,0
DA:96,0
DA:115,1
DA:116,1
DA:117,1
DA:120,1
LF:40
LH:31
BRDA:86,1,0,0
BRDA:86,1,1,0
BRDA:116,2,0,1
BRDA:116,2,1,0
BRF:4
BRH:1
end_of_record
TN:
SF:/home/justin/Projects/ReactStart/src/components/elements/icon/icon.jsx
FN:59,_wrapComponent
FN:60,(anonymous_2)
FN:70,(anonymous_3)
FN:73,Icon
FN:81,render
FN:106,getClasses
FNF:6
FNH:3
FNDA:1,_wrapComponent
FNDA:1,(anonymous_2)
FNDA:1,(anonymous_3)
FNDA:0,Icon
FNDA:0,render
FNDA:0,getClasses
DA:3,1
DA:5,1
DA:7,1
DA:9,1
DA:11,1
DA:13,1
DA:15,1
DA:17,1
DA:19,1
DA:21,1
DA:23,1
DA:25,1
DA:27,1
DA:31,1
DA:33,1
DA:35,1
DA:37,1
DA:39,1
DA:45,1
DA:52,1
DA:59,1
DA:60,1
DA:61,1
DA:65,1
DA:70,1
DA:71,1
DA:73,1
DA:74,0
DA:76,0
DA:79,1
DA:82,0
DA:83,0
DA:84,0
DA:85,0
DA:86,0
DA:87,0
DA:88,0
DA:89,0
DA:90,0
DA:91,0
DA:92,0
DA:93,0
DA:94,0
DA:95,0
DA:96,0
DA:98,0
DA:100,0
DA:102,0
DA:107,0
DA:127,0
DA:128,0
DA:129,0
DA:131,0
DA:164,1
DA:165,1
DA:166,1
DA:169,1
LF:57
LH:32
BRDA:116,1,0,0
BRDA:116,1,1,0
BRDA:165,2,0,1
BRDA:165,2,1,0
BRF:4
BRH:1
end_of_record
TN:
SF:/home/justin/Projects/ReactStart/src/components/elements/icon/icons.jsx
FN:59,_wrapComponent
FN:60,(anonymous_2)
FN:70,(anonymous_3)
FN:73,Icons
FN:81,render
FN:96,getClasses
FNF:6
FNH:3
FNDA:1,_wrapComponent
FNDA:1,(anonymous_2)
FNDA:1,(anonymous_3)
FNDA:0,Icons
FNDA:0,render
FNDA:0,getClasses
DA:3,1
DA:5,1
DA:7,1
DA:9,1
DA:11,1
DA:13,1
DA:15,1
DA:17,1
DA:19,1
DA:21,1
DA:23,1
DA:25,1
DA:27,1
DA:31,1
DA:33,1
DA:35,1
DA:37,1
DA:39,1
DA:45,1
DA:52,1
DA:59,1
DA:60,1
DA:61,1
DA:65,1
DA:70,1
DA:71,1
DA:73,1
DA:74,0
DA:76,0
DA:79,1
DA:82,0
DA:83,0
DA:84,0
DA:85,0
DA:86,0
DA:88,0
DA:90,0
DA:92,0
DA:97,0
DA:118,0
DA:119,0
DA:121,0
DA:153,1
DA:154,1
DA:155,1
DA:158,1
LF:46
LH:32
BRDA:105,1,0,0
BRDA:105,1,1,0
BRDA:154,2,0,1
BRDA:154,2,1,0
BRF:4
BRH:1
end_of_record
TN:
SF:/home/justin/Projects/ReactStart/src/components/elements/image/image.jsx
FN:61,_wrapComponent
FN:62,(anonymous_2)
FN:75,(anonymous_3)
FN:78,Image
FN:86,renderComponent
FN:96,renderImg
FN:102,render
FN:133,getClasses
FNF:8
FNH:3
FNDA:1,_wrapComponent
FNDA:1,(anonymous_2)
FNDA:1,(anonymous_3)
FNDA:0,Image
FNDA:0,renderComponent
FNDA:0,renderImg
FNDA:0,render
FNDA:0,getClasses
DA:3,1
DA:5,1
DA:7,1
DA:9,1
DA:11,1
DA:13,1
DA:15,1
DA:17,1
DA:19,1
DA:21,1
DA:23,1
DA:25,1
DA:27,1
DA:29,1
DA:33,1
DA:35,1
DA:37,1
DA:39,1
DA:41,1
DA:47,1
DA:54,1
DA:61,1
DA:62,1
DA:63,1
DA:67,1
DA:75,1
DA:76,1
DA:78,1
DA:79,0
DA:81,0
DA:84,1
DA:87,0
DA:92,0
DA:97,0
DA:103,0
DA:104,0
DA:105,0
DA:106,0
DA:107,0
DA:108,0
DA:109,0
DA:110,0
DA:111,0
DA:112,0
DA:113,0
DA:114,0
DA:115,0
DA:116,0
DA:117,0
DA:118,0
DA:119,0
DA:120,0
DA:121,0
DA:123,0
DA:125,0
DA:129,0
DA:134,0
DA:163,0
DA:165,0
DA:207,1
DA:208,1
DA:209,1
DA:212,1
LF:63
LH:33
BRDA:92,1,0,0
BRDA:92,1,1,0
BRDA:129,2,0,0
BRDA:129,2,1,0
BRDA:129,3,0,0
BRDA:129,3,1,0
BRDA:137,4,0,0
BRDA:137,4,1,0
BRDA:159,5,0,0
BRDA:159,5,1,0
BRDA:208,6,0,1
BRDA:208,6,1,0
BRF:12
BRH:1
end_of_record
TN:
SF:/home/justin/Projects/ReactStart/src/components/elements/image/images.jsx
FN:57,_wrapComponent
FN:58,(anonymous_2)
FN:63,(anonymous_3)
FN:66,Images
FN:74,render
FN:94,getClasses
FNF:6
FNH:3
FNDA:1,_wrapComponent
FNDA:1,(anonymous_2)
FNDA:1,(anonymous_3)
FNDA:0,Images
FNDA:0,render
FNDA:0,getClasses
DA:3,1
DA:5,1
DA:7,1
DA:9,1
DA:11,1
DA:13,1
DA:15,1
DA:17,1
DA:19,1
DA:21,1
DA:23,1
DA:25,1
DA:27,1
DA:31,1
DA:33,1
DA:35,1
DA:37,1
DA:43,1
DA:50,1
DA:57,1
DA:58,1
DA:59,1
DA:63,1
DA:64,1
DA:66,1
DA:67,0
DA:69,0
DA:72,1
DA:75,0
DA:76,0
DA:77,0
DA:78,0
DA:79,0
DA:80,0
DA:81,0
DA:82,0
DA:83,0
DA:84,0
DA:86,0
DA:88,0
DA:90,0
DA:95,0
DA:115,0
DA:117,0
DA:144,1
DA:145,1
DA:146,1
DA:149,1
LF:48
LH:30
BRDA:145,1,0,1
BRDA:145,1,1,0
BRF:2
BRH:1
end_of_record
TN:
SF:/home/justin/Projects/ReactStart/src/components/elements/input/input.jsx
FN:59,_wrapComponent
FN:60,(anonymous_2)
FN:65,(anonymous_3)
FN:68,Input
FN:76,renderCheckbox
FN:87,renderText
FN:111,render
FN:120,getClasses
FN:150,getIconClasses
FN:170,getLabelClasses
FN:192,prepareInput
FN:227,processChildren
FN:233,(anonymous_13)
FNF:13
FNH:3
FNDA:1,_wrapComponent
FNDA:1,(anonymous_2)
FNDA:1,(anonymous_3)
FNDA:0,Input
FNDA:0,renderCheckbox
FNDA:0,renderText
FNDA:0,render
FNDA:0,getClasses
FNDA:0,getIconClasses
FNDA:0,getLabelClasses
FNDA:0,prepareInput
FNDA:0,processChildren
FNDA:0,(anonymous_13)
DA:3,1
DA:5,1
DA:7,1
DA:9,1
DA:11,1
DA:13,1
DA:15,1
DA:17,1
DA:19,1
DA:21,1
DA:23,1
DA:25,1
DA:27,1
DA:31,1
DA:33,1
DA:35,1
DA:37,1
DA:39,1
DA:45,1
DA:52,1
DA:59,1
DA:60,1
DA:61,1
DA:65,1
DA:66,1
DA:68,1
DA:69,0
DA:71,0
DA:74,1
DA:78,0
DA:79,0
DA:81,0
DA:83,0
DA:89,0
DA:91,0
DA:92,0
DA:93,0
DA:94,0
DA:95,0
DA:96,0
DA:97,0
DA:98,0
DA:99,0
DA:100,0
DA:101,0
DA:103,0
DA:105,0
DA:107,0
DA:112,0
DA:113,0
DA:115,0
DA:121,0
DA:142,0
DA:144,0
DA:151,0
DA:158,0
DA:159,0
DA:160,0
DA:161,0
DA:164,0
DA:171,0
DA:179,0
DA:180,0
DA:181,0
DA:182,0
DA:183,0
DA:186,0
DA:193,0
DA:194,0
DA:197,0
DA:203,0
DA:204,0
DA:205,0
DA:207,0
DA:210,0
DA:211,0
DA:212,0
DA:214,0
DA:215,0
DA:219,0
DA:228,0
DA:233,0
DA:234,0
DA:235,0
DA:236,0
DA:237,0
DA:241,0
DA:269,1
DA:270,1
DA:271,1
DA:274,1
LF:91
LH:31
BRDA:112,1,0,0
BRDA:112,1,1,0
BRDA:158,2,0,0
BRDA:158,2,1,0
BRDA:159,3,0,0
BRDA:159,3,1,0
BRDA:160,4,0,0
BRDA:160,4,1,0
BRDA:179,5,0,0
BRDA:179,5,1,0
BRDA:180,6,0,0
BRDA:180,6,1,0
BRDA:181,7,0,0
BRDA:181,7,1,0
BRDA:182,8,0,0
BRDA:182,8,1,0
BRDA:182,8,2,0
BRDA:203,9,0,0
BRDA:203,9,1,0
BRDA:210,10,0,0
BRDA:210,10,1,0
BRDA:234,11,0,0
BRDA:234,11,1,0
BRDA:234,12,0,0
BRDA:234,12,1,0
BRDA:236,13,0,0
BRDA:236,13,1,0
BRDA:236,14,0,0
BRDA:236,14,1,0
BRDA:270,15,0,1
BRDA:270,15,1,0
BRF:31
BRH:1
end_of_record
TN:
SF:/home/justin/Projects/ReactStart/src/components/elements/label/detail.jsx
FN:57,_wrapComponent
FN:58,(anonymous_2)
FN:63,(anonymous_3)
FN:66,Detail
FN:74,render
FN:87,getClasses
FNF:6
FNH:3
FNDA:1,_wrapComponent
FNDA:1,(anonymous_2)
FNDA:1,(anonymous_3)
FNDA:0,Detail
FNDA:0,render
FNDA:0,getClasses
DA:3,1
DA:5,1
DA:7,1
DA:9,1
DA:11,1
DA:13,1
DA:15,1
DA:17,1
DA:19,1
DA:21,1
DA:23,1
DA:25,1
DA:27,1
DA:31,1
DA:33,1
DA:35,1
DA:37,1
DA:43,1
DA:50,1
DA:57,1
DA:58,1
DA:59,1
DA:63,1
DA:64,1
DA:66,1
DA:67,0
DA:69,0
DA:72,1
DA:75,0
DA:76,0
DA:77,0
DA:79,0
DA:81,0
DA:83,0
DA:88,0
DA:93,0
DA:113,1
DA:114,1
DA:115,1
DA:118,1
LF:40
LH:30
BRDA:75,1,0,0
BRDA:75,1,1,0
BRDA:83,2,0,0
BRDA:83,2,1,0
BRDA:114,3,0,1
BRDA:114,3,1,0
BRF:6
BRH:1
end_of_record
TN:
SF:/home/justin/Projects/ReactStart/src/components/elements/label/label.jsx
FN:61,_wrapComponent
FN:62,(anonymous_2)
FN:74,(anonymous_3)
FN:77,Label
FN:85,getChildContext
FN:92,render
FN:121,getClasses
FNF:7
FNH:3
FNDA:1,_wrapComponent
FNDA:1,(anonymous_2)
FNDA:1,(anonymous_3)
FNDA:0,Label
FNDA:0,getChildContext
FNDA:0,render
FNDA:0,getClasses
DA:3,1
DA:5,1
DA:7,1
DA:9,1
DA:11,1
DA:13,1
DA:15,1
DA:17,1
DA:19,1
DA:21,1
DA:23,1
DA:25,1
DA:27,1
DA:31,1
DA:33,1
DA:35,1
DA:37,1
DA:39,1
DA:41,1
DA:47,1
DA:54,1
DA:61,1
DA:62,1
DA:63,1
DA:67,1
DA:74,1
DA:75,1
DA:77,1
DA:78,0
DA:80,0
DA:83,1
DA:86,0
DA:95,0
DA:97,0
DA:98,0
DA:99,0
DA:100,0
DA:101,0
DA:102,0
DA:103,0
DA:104,0
DA:105,0
DA:106,0
DA:107,0
DA:108,0
DA:109,0
DA:110,0
DA:111,0
DA:113,0
DA:115,0
DA:117,0
DA:122,0
DA:144,0
DA:145,0
DA:147,0
DA:193,1
DA:194,1
DA:195,1
DA:198,1
LF:59
LH:33
BRDA:95,1,0,0
BRDA:95,1,1,0
BRDA:117,2,0,0
BRDA:117,2,1,0
BRDA:130,3,0,0
BRDA:130,3,1,0
BRDA:194,4,0,1
BRDA:194,4,1,0
BRF:8
BRH:1
end_of_record
TN:
SF:/home/justin/Projects/ReactStart/src/components/elements/label/labels.jsx
FN:57,_wrapComponent
FN:58,(anonymous_2)
FN:63,(anonymous_3)
FN:66,Labels
FN:74,render
FN:91,getClasses
FNF:6
FNH:3
FNDA:1,_wrapComponent
FNDA:1,(anonymous_2)
FNDA:1,(anonymous_3)
FNDA:0,Labels
FNDA:0,render
FNDA:0,getClasses
DA:3,1
DA:5,1
DA:7,1
DA:9,1
DA:11,1
DA:13,1
DA:15,1
DA:17,1
DA:19,1
DA:21,1
DA:23,1
DA:25,1
DA:27,1
DA:31,1
DA:33,1
DA:35,1
DA:37,1
DA:43,1
DA:50,1
DA:57,1
DA:58,1
DA:59,1
DA:63,1
DA:64,1
DA:66,1
DA:67,0
DA:69,0
DA:72,1
DA:75,0
DA:76,0
DA:77,0
DA:78,0
DA:79,0
DA:80,0
DA:81,0
DA:83,0
DA:85,0
DA:87,0
DA:92,0
DA:105,0
DA:106,0
DA:108,0
DA:134,1
DA:135,1
DA:136,1
DA:139,1
LF:46
LH:30
BRDA:135,1,0,1
BRDA:135,1,1,0
BRF:2
BRH:1
end_of_record
TN:
SF:/home/justin/Projects/ReactStart/src/components/elements/list/list.jsx
FN:59,_wrapComponent
FN:60,(anonymous_2)
FN:70,(anonymous_3)
FN:73,List
FN:81,getChildContext
FN:88,render
FN:112,getClasses
FNF:7
FNH:3
FNDA:1,_wrapComponent
FNDA:1,(anonymous_2)
FNDA:1,(anonymous_3)
FNDA:0,List
FNDA:0,getChildContext
FNDA:0,render
FNDA:0,getClasses
DA:3,1
DA:5,1
DA:7,1
DA:9,1
DA:11,1
DA:13,1
DA:15,1
DA:17,1
DA:19,1
DA:21,1
DA:23,1
DA:25,1
DA:27,1
DA:31,1
DA:33,1
DA:35,1
DA:37,1
DA:39,1
DA:45,1
DA:52,1
DA:59,1
DA:60,1
DA:61,1
DA:65,1
DA:70,1
DA:71,1
DA:73,1
DA:74,0
DA:76,0
DA:79,1
DA:82,0
DA:89,0
DA:90,0
DA:91,0
DA:92,0
DA:93,0
DA:94,0
DA:95,0
DA:96,0
DA:97,0
DA:98,0
DA:99,0
DA:100,0
DA:101,0
DA:102,0
DA:104,0
DA:106,0
DA:108,0
DA:113,0
DA:136,0
DA:138,0
DA:177,1
DA:178,1
DA:179,1
DA:182,1
LF:55
LH:32
BRDA:178,1,0,1
BRDA:178,1,1,0
BRF:2
BRH:1
end_of_record
TN:
SF:/home/justin/Projects/ReactStart/src/components/elements/loader/loader.jsx
FN:59,_wrapComponent
FN:60,(anonymous_2)
FN:65,(anonymous_3)
FN:68,Loader
FN:76,render
FN:85,getClasses
FNF:6
FNH:3
FNDA:1,_wrapComponent
FNDA:1,(anonymous_2)
FNDA:1,(anonymous_3)
FNDA:0,Loader
FNDA:0,render
FNDA:0,getClasses
DA:3,1
DA:5,1
DA:7,1
DA:9,1
DA:11,1
DA:13,1
DA:15,1
DA:17,1
DA:19,1
DA:21,1
DA:23,1
DA:25,1
DA:27,1
DA:31,1
DA:33,1
DA:35,1
DA:37,1
DA:39,1
DA:45,1
DA:52,1
DA:59,1
DA:60,1
DA:61,1
DA:65,1
DA:66,1
DA:68,1
DA:69,0
DA:71,0
DA:74,1
DA:77,0
DA:79,0
DA:81,0
DA:86,0
DA:101,0
DA:103,0
DA:131,1
DA:132,1
DA:133,1
DA:136,1
LF:39
LH:31
BRDA:94,1,0,0
BRDA:94,1,1,0
BRDA:132,2,0,1
BRDA:132,2,1,0
BRF:4
BRH:1
end_of_record
TN:
SF:/home/justin/Projects/ReactStart/src/components/elements/rail/rail.jsx
FN:59,_wrapComponent
FN:60,(anonymous_2)
FN:69,(anonymous_3)
FN:72,Rail
FN:80,render
FN:99,getClasses
FNF:6
FNH:3
FNDA:1,_wrapComponent
FNDA:1,(anonymous_2)
FNDA:1,(anonymous_3)
FNDA:0,Rail
FNDA:0,render
FNDA:0,getClasses
DA:3,1
DA:5,1
DA:7,1
DA:9,1
DA:11,1
DA:13,1
DA:15,1
DA:17,1
DA:19,1
DA:21,1
DA:23,1
DA:25,1
DA:27,1
DA:31,1
DA:33,1
DA:35,1
DA:37,1
DA:39,1
DA:45,1
DA:52,1
DA:59,1
DA:60,1
DA:61,1
DA:65,1
DA:69,1
DA:70,1
DA:72,1
DA:73,0
DA:75,0
DA:78,1
DA:81,0
DA:82,0
DA:83,0
DA:84,0
DA:85,0
DA:86,0
DA:87,0
DA:88,0
DA:89,0
DA:91,0
DA:93,0
DA:95,0
DA:100,0
DA:115,0
DA:142,1
DA:143,1
DA:144,1
DA:147,1
LF:48
LH:32
BRDA:107,1,0,0
BRDA:107,1,1,0
BRDA:143,2,0,1
BRDA:143,2,1,0
BRF:4
BRH:1
end_of_record
TN:
SF:/home/justin/Projects/ReactStart/src/components/elements/reveal/reveal.jsx
FN:61,_wrapComponent
FN:62,(anonymous_2)
FN:72,(anonymous_3)
FN:75,Reveal
FN:83,render
FN:106,getClasses
FNF:6
FNH:3
FNDA:1,_wrapComponent
FNDA:1,(anonymous_2)
FNDA:1,(anonymous_3)
FNDA:0,Reveal
FNDA:0,render
FNDA:0,getClasses
DA:3,1
DA:5,1
DA:7,1
DA:9,1
DA:11,1
DA:13,1
DA:15,1
DA:17,1
DA:19,1
DA:21,1
DA:23,1
DA:25,1
DA:27,1
DA:31,1
DA:33,1
DA:35,1
DA:37,1
DA:39,1
DA:41,1
DA:47,1
DA:54,1
DA:61,1
DA:62,1
DA:63,1
DA:67,1
DA:72,1
DA:73,1
DA:75,1
DA:76,0
DA:78,0
DA:81,1
DA:84,0
DA:85,0
DA:86,0
DA:87,0
DA:88,0
DA:89,0
DA:90,0
DA:91,0
DA:92,0
DA:93,0
DA:94,0
DA:95,0
DA:96,0
DA:98,0
DA:100,0
DA:102,0
DA:107,0
DA:129,0
DA:131,0
DA:166,1
DA:167,1
DA:168,1
DA:171,1
LF:54
LH:33
BRDA:126,1,0,0
BRDA:126,1,1,0
BRDA:167,2,0,1
BRDA:167,2,1,0
BRF:4
BRH:1
end_of_record
TN:
SF:/home/justin/Projects/ReactStart/src/components/elements/segment/segment.jsx
FN:59,_wrapComponent
FN:60,(anonymous_2)
FN:71,(anonymous_3)
FN:74,Segment
FN:82,render
FN:117,getClasses
FN:163,getStyle
FNF:7
FNH:3
FNDA:1,_wrapComponent
FNDA:1,(anonymous_2)
FNDA:1,(anonymous_3)
FNDA:0,Segment
FNDA:0,render
FNDA:0,getClasses
FNDA:0,getStyle
DA:3,1
DA:5,1
DA:7,1
DA:9,1
DA:11,1
DA:13,1
DA:15,1
DA:17,1
DA:19,1
DA:21,1
DA:23,1
DA:25,1
DA:27,1
DA:31,1
DA:33,1
DA:35,1
DA:37,1
DA:39,1
DA:45,1
DA:52,1
DA:59,1
DA:60,1
DA:61,1
DA:65,1
DA:71,1
DA:72,1
DA:74,1
DA:75,0
DA:77,0
DA:80,1
DA:83,0
DA:84,0
DA:85,0
DA:86,0
DA:87,0
DA:88,0
DA:89,0
DA:90,0
DA:91,0
DA:92,0
DA:93,0
DA:94,0
DA:95,0
DA:96,0
DA:97,0
DA:98,0
DA:99,0
DA:100,0
DA:101,0
DA:102,0
DA:103,0
DA:104,0
DA:105,0
DA:106,0
DA:108,0
DA:110,0
DA:111,0
DA:113,0
DA:118,0
DA:157,0
DA:159,0
DA:164,0
DA:166,0
DA:167,0
DA:170,0
DA:214,1
DA:215,1
DA:216,1
DA:219,1
LF:69
LH:32
BRDA:166,1,0,0
BRDA:166,1,1,0
BRDA:166,2,0,0
BRDA:166,2,1,0
BRDA:167,3,0,0
BRDA:167,3,1,0
BRDA:215,4,0,1
BRDA:215,4,1,0
BRF:8
BRH:1
end_of_record
TN:
SF:/home/justin/Projects/ReactStart/src/components/elements/segment/segments.jsx
FN:57,_wrapComponent
FN:58,(anonymous_2)
FN:63,(anonymous_3)
FN:66,Segments
FN:74,render
FN:93,getClasses
FNF:6
FNH:3
FNDA:1,_wrapComponent
FNDA:1,(anonymous_2)
FNDA:1,(anonymous_3)
FNDA:0,Segments
FNDA:0,render
FNDA:0,getClasses
DA:3,1
DA:5,1
DA:7,1
DA:9,1
DA:11,1
DA:13,1
DA:15,1
DA:17,1
DA:19,1
DA:21,1
DA:23,1
DA:25,1
DA:27,1
DA:31,1
DA:33,1
DA:35,1
DA:37,1
DA:43,1
DA:50,1
DA:57,1
DA:58,1
DA:59,1
DA:63,1
DA:64,1
DA:66,1
DA:67,0
DA:69,0
DA:72,1
DA:75,0
DA:76,0
DA:77,0
DA:78,0
DA:79,0
DA:80,0
DA:81,0
DA:82,0
DA:83,0
DA:85,0
DA:87,0
DA:89,0
DA:94,0
DA:105,0
DA:131,1
DA:132,1
DA:133,1
DA:136,1
LF:46
LH:30
BRDA:132,1,0,1
BRDA:132,1,1,0
BRF:2
BRH:1
end_of_record
TN:
SF:/home/justin/Projects/ReactStart/src/components/elements/leaves/content.jsx
FN:59,_wrapComponent
FN:60,(anonymous_2)
FN:70,(anonymous_3)
FN:73,Content
FN:81,renderDimmerChild
FN:86,render
FN:106,getClasses
FNF:7
FNH:3
FNDA:1,_wrapComponent
FNDA:1,(anonymous_2)
FNDA:1,(anonymous_3)
FNDA:0,Content
FNDA:0,renderDimmerChild
FNDA:0,render
FNDA:0,getClasses
DA:3,1
DA:5,1
DA:7,1
DA:9,1
DA:11,1
DA:13,1
DA:15,1
DA:17,1
DA:19,1
DA:21,1
DA:23,1
DA:25,1
DA:27,1
DA:31,1
DA:33,1
DA:35,1
DA:37,1
DA:39,1
DA:45,1
DA:52,1
DA:59,1
DA:60,1
DA:61,1
DA:65,1
DA:70,1
DA:71,1
DA:73,1
DA:74,0
DA:76,0
DA:79,1
DA:82,0
DA:91,0
DA:93,0
DA:94,0
DA:95,0
DA:96,0
DA:97,0
DA:98,0
DA:99,0
DA:100,0
DA:102,0
DA:104,0
DA:106,0
DA:111,0
DA:125,0
DA:159,1
DA:160,1
DA:161,1
DA:164,1
LF:49
LH:32
BRDA:87,1,0,0
BRDA:87,1,1,0
BRDA:156,2,0,1
BRDA:156,2,1,0
BRF:4
BRH:1
end_of_record
TN:
SF:/home/justin/Projects/ReactStart/src/components/elements/leaves/description.jsx
FN:57,_wrapComponent
FN:58,(anonymous_2)
FN:63,(anonymous_3)
FN:66,Description
FN:74,render
FN:89,getClasses
FNF:6
FNH:3
FNDA:1,_wrapComponent
FNDA:1,(anonymous_2)
FNDA:1,(anonymous_3)
FNDA:0,Description
FNDA:0,render
FNDA:0,getClasses
DA:3,1
DA:5,1
DA:7,1
DA:9,1
DA:11,1
DA:13,1
DA:15,1
DA:17,1
DA:19,1
DA:21,1
DA:23,1
DA:25,1
DA:27,1
DA:31,1
DA:33,1
DA:35,1
DA:37,1
DA:43,1
DA:50,1
DA:57,1
DA:58,1
DA:59,1
DA:63,1
DA:64,1
DA:66,1
DA:67,0
DA:69,0
DA:72,1
DA:75,0
DA:76,0
DA:77,0
DA:78,0
DA:79,0
DA:81,0
DA:83,0
DA:85,0
DA:90,0
DA:99,0
DA:121,1
DA:122,1
DA:123,1
DA:126,1
LF:42
LH:30
BRDA:122,1,0,1
BRDA:122,1,1,0
BRF:2
BRH:1
end_of_record
TN:
SF:/home/justin/Projects/ReactStart/src/components/elements/leaves/item.jsx
FN:57,_wrapComponent
FN:58,(anonymous_2)
FN:63,(anonymous_3)
FN:66,Item
FN:74,render
FN:91,getClasses
FNF:6
FNH:3
FNDA:1,_wrapComponent
FNDA:1,(anonymous_2)
FNDA:1,(anonymous_3)
FNDA:0,Item
FNDA:0,render
FNDA:0,getClasses
DA:3,1
DA:5,1
DA:7,1
DA:9,1
DA:11,1
DA:13,1
DA:15,1
DA:17,1
DA:19,1
DA:21,1
DA:23,1
DA:25,1
DA:27,1
DA:31,1
DA:33,1
DA:35,1
DA:37,1
DA:43,1
DA:50,1
DA:57,1
DA:58,1
DA:59,1
DA:63,1
DA:64,1
DA:66,1
DA:67,0
DA:69,0
DA:72,1
DA:76,0
DA:78,0
DA:79,0
DA:80,0
DA:81,0
DA:83,0
DA:85,0
DA:87,0
DA:92,0
DA:109,0
DA:111,0
DA:144,1
DA:145,1
DA:146,1
DA:149,1
LF:43
LH:30
BRDA:76,1,0,0
BRDA:76,1,1,0
BRDA:76,2,0,0
BRDA:76,2,1,0
BRDA:76,2,2,0
BRDA:87,3,0,0
BRDA:87,3,1,0
BRDA:99,4,0,0
BRDA:99,4,1,0
BRDA:145,5,0,1
BRDA:145,5,1,0
BRF:11
BRH:1
end_of_record
TN:
SF:/home/justin/Projects/ReactStart/src/components/modules.jsx
FNF:0
FNH:0
DA:3,1
DA:5,1
DA:7,1
DA:11,1
DA:13,1
DA:15,1
DA:17,1
DA:19,1
DA:21,1
DA:23,1
DA:25,1
DA:27,1
DA:29,1
DA:31,1
DA:33,1
DA:35,1
DA:37,1
DA:39,1
DA:41,1
DA:43,1
DA:45,1
DA:47,1
DA:49,1
LF:23
LH:23
BRF:0
BRH:0
end_of_record
TN:
SF:/home/justin/Projects/ReactStart/src/components/modules/accordion/accordion.jsx
FN:57,_wrapComponent
FN:58,(anonymous_2)
FN:63,(anonymous_3)
FN:85,Accordion
FN:97,_handleClick
FN:110,renderChildren
FN:114,(anonymous_7)
FN:137,render
FNF:8
FNH:3
FNDA:1,_wrapComponent
FNDA:1,(anonymous_2)
FNDA:1,(anonymous_3)
FNDA:0,Accordion
FNDA:0,_handleClick
FNDA:0,renderChildren
FNDA:0,(anonymous_7)
FNDA:0,render
DA:3,1
DA:5,1
DA:7,1
DA:9,1
DA:11,1
DA:13,1
DA:15,1
DA:17,1
DA:19,1
DA:21,1
DA:23,1
DA:25,1
DA:29,1
DA:31,1
DA:33,1
DA:35,1
DA:37,1
DA:43,1
DA:50,1
DA:57,1
DA:58,1
DA:59,1
DA:63,1
DA:64,1
DA:66,1
DA:85,1
DA:86,0
DA:88,0
DA:90,0
DA:95,1
DA:98,0
DA:100,0
DA:101,0
DA:104,0
DA:111,0
DA:112,0
DA:114,0
DA:115,0
DA:116,0
DA:118,0
DA:122,0
DA:123,0
DA:127,0
DA:129,0
DA:132,0
DA:138,0
DA:155,0
DA:163,1
DA:164,1
DA:165,1
DA:168,1
LF:51
LH:31
BRDA:100,1,0,0
BRDA:100,1,1,0
BRDA:115,2,0,0
BRDA:115,2,1,0
BRDA:122,3,0,0
BRDA:122,3,1,0
BRDA:160,4,0,1
BRDA:160,4,1,0
BRF:8
BRH:1
end_of_record
TN:
SF:/home/justin/Projects/ReactStart/src/components/modules/accordion/accordionbody.jsx
FN:59,_wrapComponent
FN:60,(anonymous_2)
FN:65,(anonymous_3)
FN:84,AccordionBody
FN:92,render
FNF:5
FNH:3
FNDA:1,_wrapComponent
FNDA:1,(anonymous_2)
FNDA:1,(anonymous_3)
FNDA:0,AccordionBody
FNDA:0,render
DA:3,1
DA:5,1
DA:7,1
DA:9,1
DA:11,1
DA:13,1
DA:15,1
DA:17,1
DA:19,1
DA:21,1
DA:23,1
DA:25,1
DA:29,1
DA:31,1
DA:33,1
DA:35,1
DA:39,1
DA:45,1
DA:52,1
DA:59,1
DA:60,1
DA:61,1
DA:65,1
DA:66,1
DA:68,1
DA:84,1
DA:85,0
DA:87,0
DA:90,1
DA:93,0
DA:120,0
DA:139,0
DA:158,0
DA:174,1
DA:175,1
DA:176,1
DA:179,1
LF:37
LH:31
BRDA:167,1,0,1
BRDA:167,1,1,0
BRF:2
BRH:1
end_of_record
TN:
SF:/home/justin/Projects/ReactStart/src/components/modules/accordion/accordiontitle.jsx
FN:57,_wrapComponent
FN:58,(anonymous_2)
FN:63,(anonymous_3)
FN:87,AccordionTitle
FN:95,render
FNF:5
FNH:3
FNDA:1,_wrapComponent
FNDA:1,(anonymous_2)
FNDA:1,(anonymous_3)
FNDA:0,AccordionTitle
FNDA:0,render
DA:3,1
DA:5,1
DA:7,1
DA:9,1
DA:11,1
DA:13,1
DA:15,1
DA:17,1
DA:19,1
DA:21,1
DA:23,1
DA:25,1
DA:29,1
DA:31,1
DA:33,1
DA:35,1
DA:37,1
DA:43,1
DA:50,1
DA:57,1
DA:58,1
DA:59,1
DA:63,1
DA:64,1
DA:66,1
DA:87,1
DA:88,0
DA:90,0
DA:93,1
DA:96,0
DA:110,0
DA:122,1
DA:123,1
DA:124,1
DA:127,1
LF:35
LH:31
BRDA:118,1,0,1
BRDA:118,1,1,0
BRF:2
BRH:1
end_of_record
TN:
SF:/home/justin/Projects/ReactStart/src/components/modules/animate/animate.jsx
FN:55,_wrapComponent
FN:56,(anonymous_2)
FN:61,(anonymous_3)
FN:76,Animate
FN:88,componentWillReceiveProps
FN:115,componentDidMount
FN:133,render
FN:143,getIEVersion
FN:166,getPosition
FN:168,getOffsetParent
FN:201,getPropertyValue
FN:250,customAnimation
FN:255,fadeIn
FN:264,fadeOut
FN:273,onComplete
FN:282,slideDown
FN:293,slideUp
FN:306,onComplete
FN:315,slideIn
FN:329,slideOut
FN:336,(anonymous_21)
FN:362,slideRightIn
FN:379,slideLeftOut
FN:396,onComplete
FNF:24
FNH:3
FNDA:1,_wrapComponent
FNDA:1,(anonymous_2)
FNDA:1,(anonymous_3)
FNDA:0,Animate
FNDA:0,componentWillReceiveProps
FNDA:0,componentDidMount
FNDA:0,render
FNDA:0,getIEVersion
FNDA:0,getPosition
FNDA:0,getOffsetParent
FNDA:0,getPropertyValue
FNDA:0,customAnimation
FNDA:0,fadeIn
FNDA:0,fadeOut
FNDA:0,onComplete
FNDA:0,slideDown
FNDA:0,slideUp
FNDA:0,onComplete
FNDA:0,slideIn
FNDA:0,slideOut
FNDA:0,(anonymous_21)
FNDA:0,slideRightIn
FNDA:0,slideLeftOut
FNDA:0,onComplete
DA:3,1
DA:5,1
DA:7,1
DA:9,1
DA:11,1
DA:13,1
DA:15,1
DA:17,1
DA:19,1
DA:21,1
DA:23,1
DA:25,1
DA:27,1
DA:29,1
DA:31,1
DA:33,1
DA:35,1
DA:41,1
DA:48,1
DA:55,1
DA:56,1
DA:57,1
DA:61,1
DA:62,1
DA:64,1
DA:76,1
DA:77,0
DA:79,0
DA:81,0
DA:86,1
DA:89,0
DA:91,0
DA:93,0
DA:94,0
DA:96,0
DA:99,0
DA:100,0
DA:103,0
DA:107,0
DA:119,0
DA:120,0
DA:134,0
DA:148,0
DA:149,0
DA:151,0
DA:152,0
DA:154,0
DA:156,0
DA:157,0
DA:159,0
DA:164,0
DA:172,1
DA:173,0
DA:175,0
DA:176,0
DA:179,0
DA:183,0
DA:188,0
DA:189,0
DA:191,0
DA:192,0
DA:193,0
DA:196,0
DA:206,0
DA:207,0
DA:210,0
DA:223,0
DA:225,0
DA:226,0
DA:229,0
DA:230,0
DA:232,0
DA:236,0
DA:237,0
DA:241,0
DA:242,0
DA:244,0
DA:246,0
DA:250,0
DA:255,0
DA:260,0
DA:269,0
DA:271,0
DA:278,0
DA:287,0
DA:298,0
DA:300,0
DA:311,0
DA:320,0
DA:334,0
DA:336,0
DA:338,0
DA:340,0
DA:341,0
DA:345,0
DA:346,0
DA:350,0
DA:367,0
DA:384,0
DA:386,0
DA:401,0
DA:409,1
DA:410,1
DA:411,1
LF:104
LH:31
BRDA:91,1,0,0
BRDA:91,1,1,0
BRDA:93,2,0,0
BRDA:93,2,1,0
BRDA:99,3,0,0
BRDA:99,3,1,0
BRDA:99,4,0,0
BRDA:99,4,1,0
BRDA:119,5,0,0
BRDA:119,5,1,0
BRDA:119,6,0,0
BRDA:119,6,1,0
BRDA:119,6,2,0
BRDA:119,6,3,0
BRDA:137,7,0,0
BRDA:137,7,1,0
BRDA:144,8,0,0
BRDA:144,8,1,0
BRDA:152,9,0,0
BRDA:152,9,1,0
BRDA:169,10,0,0
BRDA:169,10,1,0
BRDA:171,11,0,0
BRDA:171,11,1,0
BRDA:171,11,2,0
BRDA:175,12,0,0
BRDA:175,12,1,0
BRDA:182,13,0,0
BRDA:182,13,1,0
BRDA:184,14,0,0
BRDA:184,14,1,0
BRDA:185,15,0,0
BRDA:185,15,1,0
BRDA:187,16,0,0
BRDA:187,16,1,0
BRDA:188,17,0,0
BRDA:188,17,1,0
BRDA:189,18,0,0
BRDA:189,18,1,0
BRDA:202,19,0,0
BRDA:202,19,1,0
BRDA:221,20,0,0
BRDA:221,20,1,0
BRDA:225,21,0,0
BRDA:225,21,1,0
BRDA:225,22,0,0
BRDA:225,22,1,0
BRDA:232,23,0,0
BRDA:232,23,1,0
BRDA:232,24,0,0
BRDA:232,24,1,0
BRDA:237,25,0,0
BRDA:237,25,1,0
BRDA:237,26,0,0
BRDA:237,26,1,0
BRDA:240,27,0,0
BRDA:240,27,1,0
BRDA:240,28,0,0
BRDA:240,28,1,0
BRDA:240,28,2,0
BRDA:332,29,0,0
BRDA:332,29,1,0
BRDA:341,30,0,0
BRDA:341,30,1,0
BRDA:406,31,0,1
BRDA:406,31,1,0
BRF:66
BRH:1
end_of_record
TN:
SF:/home/justin/Projects/ReactStart/src/lib/animate.jsx
FN:47,isMobile
FN:52,isGingerbread
FN:65,shouldEnableHA
FN:78,enableHA
FN:81,(anonymous_5)
FN:106,animate
FN:113,abortAnimation
FN:120,getAnimatedStyle
FN:127,isAnimated
FN:139,animatedStyleStateKey
FN:143,(anonymous_11)
FN:144,(anonymous_12)
FN:147,_class
FN:160,componentWillUnmount
FN:167,(anonymous_15)
FN:174,value
FN:182,value
FN:190,value
FN:213,value
FN:220,(anonymous_20)
FN:224,(anonymous_21)
FN:228,(anonymous_22)
FN:253,(anonymous_23)
FN:258,(anonymous_24)
FN:262,(anonymous_25)
FN:271,(anonymous_26)
FN:287,tick
FN:301,(anonymous_28)
FNF:28
FNH:2
FNDA:0,isMobile
FNDA:0,isGingerbread
FNDA:0,shouldEnableHA
FNDA:0,enableHA
FNDA:0,(anonymous_5)
FNDA:0,animate
FNDA:0,abortAnimation
FNDA:0,getAnimatedStyle
FNDA:0,isAnimated
FNDA:0,animatedStyleStateKey
FNDA:1,(anonymous_11)
FNDA:1,(anonymous_12)
FNDA:0,_class
FNDA:0,componentWillUnmount
FNDA:0,(anonymous_15)
FNDA:0,value
FNDA:0,value
FNDA:0,value
FNDA:0,value
FNDA:0,(anonymous_20)
FNDA:0,(anonymous_21)
FNDA:0,(anonymous_22)
FNDA:0,(anonymous_23)
FNDA:0,(anonymous_24)
FNDA:0,(anonymous_25)
FNDA:0,(anonymous_26)
FNDA:0,tick
FNDA:0,(anonymous_28)
DA:3,1
DA:5,1
DA:7,1
DA:9,1
DA:11,1
DA:13,1
DA:15,1
DA:17,1
DA:19,1
DA:21,1
DA:23,1
DA:27,1
DA:29,1
DA:31,1
DA:33,1
DA:35,1
DA:37,1
DA:44,1
DA:45,1
DA:47,1
DA:48,0
DA:52,1
DA:53,0
DA:58,1
DA:59,1
DA:65,1
DA:66,0
DA:67,0
DA:69,0
DA:71,0
DA:72,0
DA:75,0
DA:78,1
DA:81,0
DA:82,0
DA:83,0
DA:85,0
DA:87,0
DA:88,0
DA:90,0
DA:95,1
DA:107,0
DA:108,0
DA:110,0
DA:114,0
DA:115,0
DA:117,0
DA:121,0
DA:122,0
DA:124,0
DA:128,0
DA:129,0
DA:131,0
DA:139,1
DA:140,0
DA:143,1
DA:144,1
DA:145,1
DA:147,1
DA:148,0
DA:150,0
DA:152,0
DA:153,0
DA:155,0
DA:158,1
DA:161,0
DA:163,0
DA:164,0
DA:166,0
DA:167,0
DA:168,0
DA:175,0
DA:176,0
DA:178,0
DA:183,0
DA:184,0
DA:186,0
DA:191,0
DA:192,0
DA:194,0
DA:195,0
DA:196,0
DA:197,0
DA:198,0
DA:199,0
DA:200,0
DA:202,0
DA:203,0
DA:205,0
DA:206,0
DA:209,0
DA:214,0
DA:216,0
DA:217,0
DA:218,0
DA:219,0
DA:220,0
DA:221,0
DA:223,0
DA:224,0
DA:225,0
DA:227,0
DA:228,0
DA:229,0
DA:231,0
DA:232,0
DA:234,0
DA:235,0
DA:236,0
DA:237,0
DA:238,0
DA:239,0
DA:240,0
DA:241,0
DA:244,0
DA:245,0
DA:248,0
DA:250,0
DA:253,0
DA:254,0
DA:258,0
DA:259,0
DA:262,0
DA:263,0
DA:265,0
DA:266,0
DA:267,0
DA:271,0
DA:272,0
DA:274,0
DA:275,0
DA:279,0
DA:280,0
DA:283,0
DA:284,0
DA:287,0
DA:288,0
DA:290,0
DA:292,0
DA:293,0
DA:294,0
DA:295,0
DA:297,0
DA:298,0
DA:301,0
DA:302,0
DA:304,0
DA:305,0
DA:306,0
DA:310,0
DA:317,0
DA:321,1
DA:325,1
DA:326,1
LF:154
LH:35
BRDA:66,1,0,0
BRDA:66,1,1,0
BRDA:71,2,0,0
BRDA:71,2,1,0
BRDA:75,3,0,0
BRDA:75,3,1,0
BRDA:82,4,0,0
BRDA:82,4,1,0
BRDA:107,5,0,0
BRDA:107,5,1,0
BRDA:114,6,0,0
BRDA:114,6,1,0
BRDA:121,7,0,0
BRDA:121,7,1,0
BRDA:128,8,0,0
BRDA:128,8,1,0
BRDA:152,9,0,0
BRDA:152,9,1,0
BRDA:163,10,0,0
BRDA:163,10,1,0
BRDA:166,11,0,0
BRDA:166,11,1,0
BRDA:175,12,0,0
BRDA:175,12,1,0
BRDA:178,13,0,0
BRDA:178,13,1,0
BRDA:178,13,2,0
BRDA:183,14,0,0
BRDA:183,14,1,0
BRDA:191,15,0,0
BRDA:191,15,1,0
BRDA:194,16,0,0
BRDA:194,16,1,0
BRDA:216,17,0,0
BRDA:216,17,1,0
BRDA:216,18,0,0
BRDA:216,18,1,0
BRDA:218,19,0,0
BRDA:218,19,1,0
BRDA:220,20,0,0
BRDA:220,20,1,0
BRDA:224,21,0,0
BRDA:224,21,1,0
BRDA:228,22,0,0
BRDA:228,22,1,0
BRDA:232,23,0,0
BRDA:232,23,1,0
BRDA:234,24,0,0
BRDA:234,24,1,0
BRDA:244,25,0,0
BRDA:244,25,1,0
BRDA:248,26,0,0
BRDA:248,26,1,0
BRDA:259,27,0,0
BRDA:259,27,1,0
BRDA:279,28,0,0
BRDA:279,28,1,0
BRDA:279,29,0,0
BRDA:279,29,1,0
BRDA:292,30,0,0
BRDA:292,30,1,0
BRF:61
BRH:0
end_of_record
TN:
SF:/home/justin/Projects/ReactStart/src/components/modules/checkbox/checkbox.jsx
FN:61,_wrapComponent
FN:62,(anonymous_2)
FN:67,(anonymous_3)
FN:99,Checkbox
FN:107,renderCheckbox
FN:114,renderCheckboxes
FN:121,renderChildren
FN:152,render
FNF:8
FNH:3
FNDA:1,_wrapComponent
FNDA:1,(anonymous_2)
FNDA:1,(anonymous_3)
FNDA:0,Checkbox
FNDA:0,renderCheckbox
FNDA:0,renderCheckboxes
FNDA:0,renderChildren
FNDA:0,render
DA:3,1
DA:5,1
DA:7,1
DA:9,1
DA:11,1
DA:13,1
DA:15,1
DA:17,1
DA:19,1
DA:21,1
DA:23,1
DA:25,1
DA:27,1
DA:29,1
DA:33,1
DA:35,1
DA:37,1
DA:39,1
DA:41,1
DA:47,1
DA:54,1
DA:61,1
DA:62,1
DA:63,1
DA:67,1
DA:68,1
DA:70,1
DA:99,1
DA:100,0
DA:102,0
DA:105,1
DA:108,0
DA:115,0
DA:121,0
DA:126,0
DA:127,0
DA:128,0
DA:129,0
DA:130,0
DA:131,0
DA:132,0
DA:133,0
DA:134,0
DA:135,0
DA:136,0
DA:137,0
DA:138,0
DA:140,0
DA:142,0
DA:152,0
DA:157,0
DA:180,0
DA:184,1
DA:185,1
DA:186,1
DA:189,1
LF:56
LH:33
BRDA:142,1,0,0
BRDA:142,1,1,0
BRDA:168,2,0,0
BRDA:168,2,1,0
BRDA:176,3,0,0
BRDA:176,3,1,0
BRDA:181,4,0,1
BRDA:181,4,1,0
BRF:8
BRH:1
end_of_record
TN:
SF:/home/justin/Projects/ReactStart/src/components/modules/checkbox/checkboxes.jsx
FN:61,_wrapComponent
FN:62,(anonymous_2)
FN:67,(anonymous_3)
FN:94,Checkboxes
FN:108,getChildContext
FN:115,onClick
FN:126,renderChildren
FN:133,(anonymous_8)
FN:153,render
FN:178,cloneChild
FN:201,getCurrentActive
FN:215,setCurrentActive
FNF:12
FNH:3
FNDA:1,_wrapComponent
FNDA:1,(anonymous_2)
FNDA:1,(anonymous_3)
FNDA:0,Checkboxes
FNDA:0,getChildContext
FNDA:0,onClick
FNDA:0,renderChildren
FNDA:0,(anonymous_8)
FNDA:0,render
FNDA:0,cloneChild
FNDA:0,getCurrentActive
FNDA:0,setCurrentActive
DA:3,1
DA:5,1
DA:7,1
DA:9,1
DA:11,1
DA:13,1
DA:15,1
DA:17,1
DA:19,1
DA:21,1
DA:23,1
DA:25,1
DA:27,1
DA:29,1
DA:33,1
DA:35,1
DA:37,1
DA:39,1
DA:41,1
DA:47,1
DA:54,1
DA:61,1
DA:62,1
DA:63,1
DA:67,1
DA:68,1
DA:70,1
DA:94,1
DA:95,0
DA:97,0
DA:99,0
DA:101,0
DA:106,1
DA:109,0
DA:117,0
DA:118,0
DA:121,0
DA:127,0
DA:128,0
DA:130,0
DA:131,0
DA:133,0
DA:134,0
DA:135,0
DA:137,0
DA:142,0
DA:144,0
DA:147,0
DA:154,0
DA:170,0
DA:179,0
DA:181,0
DA:182,0
DA:183,0
DA:184,0
DA:185,0
DA:186,0
DA:187,0
DA:189,0
DA:191,0
DA:202,0
DA:203,0
DA:205,0
DA:206,0
DA:208,0
DA:211,0
DA:216,0
DA:220,0
DA:221,0
DA:222,0
DA:224,0
DA:228,0
DA:231,0
DA:237,1
DA:238,1
DA:239,1
DA:242,1
LF:77
LH:33
BRDA:99,1,0,0
BRDA:99,1,1,0
BRDA:117,2,0,0
BRDA:117,2,1,0
BRDA:117,3,0,0
BRDA:117,3,1,0
BRDA:130,4,0,0
BRDA:130,4,1,0
BRDA:134,5,0,0
BRDA:134,5,1,0
BRDA:196,6,0,0
BRDA:196,6,1,0
BRDA:205,7,0,0
BRDA:205,7,1,0
BRDA:206,8,0,0
BRDA:206,8,1,0
BRDA:208,9,0,0
BRDA:208,9,1,0
BRDA:220,10,0,0
BRDA:220,10,1,0
BRDA:221,11,0,0
BRDA:221,11,1,0
BRDA:238,12,0,1
BRDA:238,12,1,0
BRF:24
BRH:1
end_of_record
TN:
SF:/home/justin/Projects/ReactStart/src/components/modules/dimmer/dimmer.jsx
FN:63,_wrapComponent
FN:64,(anonymous_2)
FN:69,(anonymous_3)
FN:72,Dimmer
FN:80,getChildContext
FN:87,renderChildren
FN:92,renderContent
FN:97,renderDimmer
FN:112,renderLoader
FN:125,render
FN:134,getAnimation
FN:151,getClasses
FN:173,getDimmerClasses
FNF:13
FNH:3
FNDA:1,_wrapComponent
FNDA:1,(anonymous_2)
FNDA:1,(anonymous_3)
FNDA:0,Dimmer
FNDA:0,getChildContext
FNDA:0,renderChildren
FNDA:0,renderContent
FNDA:0,renderDimmer
FNDA:0,renderLoader
FNDA:0,render
FNDA:0,getAnimation
FNDA:0,getClasses
FNDA:0,getDimmerClasses
DA:3,1
DA:5,1
DA:7,1
DA:9,1
DA:11,1
DA:13,1
DA:15,1
DA:17,1
DA:19,1
DA:21,1
DA:23,1
DA:25,1
DA:27,1
DA:31,1
DA:33,1
DA:35,1
DA:37,1
DA:39,1
DA:41,1
DA:43,1
DA:49,1
DA:56,1
DA:63,1
DA:64,1
DA:65,1
DA:69,1
DA:70,1
DA:72,1
DA:73,0
DA:75,0
DA:78,1
DA:81,0
DA:88,0
DA:93,0
DA:98,0
DA:99,0
DA:100,0
DA:102,0
DA:104,0
DA:117,0
DA:118,0
DA:119,0
DA:121,0
DA:123,0
DA:125,0
DA:130,0
DA:131,0
DA:133,0
DA:139,0
DA:156,0
DA:173,0
DA:178,0
DA:184,0
DA:214,1
DA:215,1
DA:216,1
DA:219,1
LF:57
LH:33
BRDA:108,1,0,0
BRDA:108,1,1,0
BRDA:119,2,0,0
BRDA:119,2,1,0
BRDA:126,3,0,0
BRDA:126,3,1,0
BRDA:211,4,0,1
BRDA:211,4,1,0
BRF:8
BRH:1
end_of_record
TN:
SF:/home/justin/Projects/ReactStart/src/components/modules/dropdown/dropdown.jsx
FN:57,_wrapComponent
FN:58,(anonymous_2)
FN:63,(anonymous_3)
FN:100,Dropdown
FN:108,getChildContext
FN:163,render
FN:177,getClasses
FNF:7
FNH:3
FNDA:1,_wrapComponent
FNDA:1,(anonymous_2)
FNDA:1,(anonymous_3)
FNDA:0,Dropdown
FNDA:0,getChildContext
FNDA:0,render
FNDA:0,getClasses
DA:3,1
DA:5,1
DA:7,1
DA:9,1
DA:11,1
DA:13,1
DA:15,1
DA:17,1
DA:19,1
DA:21,1
DA:23,1
DA:25,1
DA:27,1
DA:31,1
DA:33,1
DA:35,1
DA:37,1
DA:43,1
DA:50,1
DA:57,1
DA:58,1
DA:59,1
DA:63,1
DA:64,1
DA:66,1
DA:100,1
DA:101,0
DA:103,0
DA:106,1
DA:109,0
DA:164,0
DA:165,0
DA:166,0
DA:167,0
DA:169,0
DA:171,0
DA:173,0
DA:178,0
DA:203,0
DA:207,1
DA:208,1
DA:209,1
DA:212,1
LF:43
LH:31
BRDA:208,1,0,1
BRDA:208,1,1,0
BRF:2
BRH:1
end_of_record
TN:
SF:/home/justin/Projects/ReactStart/src/components/modules/dropdown/select.jsx
FN:73,_wrapComponent
FN:74,(anonymous_2)
FN:79,(anonymous_3)
FN:108,Select
FN:125,componentWillMount
FN:128,(anonymous_6)
FN:134,shouldComponentUpdate
FN:153,onDocumentClick
FN:160,onClick
FN:173,onLabelClick
FN:179,onOptionClick
FN:196,onSearchInputClick
FN:208,onSearchChange
FN:218,onSearchBlur
FN:253,onSearchComplete
FN:262,renderChildren
FN:270,(anonymous_17)
FN:306,renderLabels
FN:310,(anonymous_19)
FN:325,renderSearch
FN:344,renderText
FN:349,render
FN:404,formatValue
FN:408,(anonymous_24)
FN:412,(anonymous_25)
FN:428,getTextClasses
FN:439,getClasses
FN:462,getSelected
FN:480,setFocus
FNF:29
FNH:3
FNDA:1,_wrapComponent
FNDA:1,(anonymous_2)
FNDA:1,(anonymous_3)
FNDA:0,Select
FNDA:0,componentWillMount
FNDA:0,(anonymous_6)
FNDA:0,shouldComponentUpdate
FNDA:0,onDocumentClick
FNDA:0,onClick
FNDA:0,onLabelClick
FNDA:0,onOptionClick
FNDA:0,onSearchInputClick
FNDA:0,onSearchChange
FNDA:0,onSearchBlur
FNDA:0,onSearchComplete
FNDA:0,renderChildren
FNDA:0,(anonymous_17)
FNDA:0,renderLabels
FNDA:0,(anonymous_19)
FNDA:0,renderSearch
FNDA:0,renderText
FNDA:0,render
FNDA:0,formatValue
FNDA:0,(anonymous_24)
FNDA:0,(anonymous_25)
FNDA:0,getTextClasses
FNDA:0,getClasses
FNDA:0,getSelected
FNDA:0,setFocus
DA:3,1
DA:5,1
DA:7,1
DA:9,1
DA:11,1
DA:13,1
DA:15,1
DA:17,1
DA:19,1
DA:21,1
DA:23,1
DA:25,1
DA:27,1
DA:29,1
DA:33,1
DA:35,1
DA:37,1
DA:39,1
DA:41,1
DA:43,1
DA:45,1
DA:47,1
DA:49,1
DA:51,1
DA:53,1
DA:59,1
DA:66,1
DA:73,1
DA:74,1
DA:75,1
DA:79,1
DA:80,1
DA:82,1
DA:108,1
DA:109,0
DA:111,0
DA:113,0
DA:120,0
DA:123,1
DA:126,0
DA:128,0
DA:129,0
DA:138,0
DA:140,0
DA:141,0
DA:143,0
DA:147,0
DA:154,0
DA:161,0
DA:162,0
DA:164,0
DA:166,0
DA:174,0
DA:175,0
DA:180,0
DA:181,0
DA:183,0
DA:185,0
DA:187,0
DA:197,0
DA:198,0
DA:200,0
DA:209,0
DA:210,0
DA:219,0
DA:220,0
DA:222,0
DA:223,0
DA:225,0
DA:226,0
DA:227,0
DA:231,0
DA:232,0
DA:233,0
DA:236,0
DA:242,0
DA:255,0
DA:263,0
DA:265,0
DA:266,0
DA:267,0
DA:268,0
DA:270,0
DA:271,0
DA:272,0
DA:273,0
DA:276,0
DA:277,0
DA:279,0
DA:280,0
DA:284,0
DA:285,0
DA:286,0
DA:290,0
DA:291,0
DA:299,0
DA:307,0
DA:309,0
DA:310,0
DA:311,0
DA:331,0
DA:332,0
DA:334,0
DA:335,0
DA:338,0
DA:350,0
DA:359,0
DA:360,0
DA:361,0
DA:362,0
DA:364,0
DA:366,0
DA:367,0
DA:369,0
DA:388,0
DA:390,0
DA:391,0
DA:398,0
DA:435,0
DA:437,0
DA:438,0
DA:440,0
DA:442,0
DA:443,0
DA:446,0
DA:451,0
DA:453,0
DA:459,0
DA:465,0
DA:470,0
DA:488,0
DA:493,0
DA:495,0
DA:496,0
DA:497,0
DA:499,0
DA:500,0
DA:502,0
DA:506,0
DA:511,0
DA:512,0
DA:517,1
DA:518,1
DA:519,1
DA:522,1
LF:145
LH:39
BRDA:116,1,0,0
BRDA:116,1,1,0
BRDA:138,2,0,0
BRDA:138,2,1,0
BRDA:140,3,0,0
BRDA:140,3,1,0
BRDA:209,4,0,0
BRDA:209,4,1,0
BRDA:209,5,0,0
BRDA:209,5,1,0
BRDA:220,6,0,0
BRDA:220,6,1,0
BRDA:223,7,0,0
BRDA:223,7,1,0
BRDA:225,8,0,0
BRDA:225,8,1,0
BRDA:231,9,0,0
BRDA:231,9,1,0
BRDA:232,10,0,0
BRDA:232,10,1,0
BRDA:266,11,0,0
BRDA:266,11,1,0
BRDA:267,12,0,0
BRDA:267,12,1,0
BRDA:271,13,0,0
BRDA:271,13,1,0
BRDA:276,14,0,0
BRDA:276,14,1,0
BRDA:279,15,0,0
BRDA:279,15,1,0
BRDA:284,16,0,0
BRDA:284,16,1,0
BRDA:285,17,0,0
BRDA:285,17,1,0
BRDA:290,18,0,0
BRDA:290,18,1,0
BRDA:290,19,0,0
BRDA:290,19,1,0
BRDA:292,20,0,0
BRDA:292,20,1,0
BRDA:309,21,0,0
BRDA:309,21,1,0
BRDA:327,22,0,0
BRDA:327,22,1,0
BRDA:329,23,0,0
BRDA:329,23,1,0
BRDA:333,24,0,0
BRDA:333,24,1,0
BRDA:345,25,0,0
BRDA:345,25,1,0
BRDA:345,26,0,0
BRDA:345,26,1,0
BRDA:381,27,0,0
BRDA:381,27,1,0
BRDA:407,28,0,0
BRDA:407,28,1,0
BRDA:421,29,0,0
BRDA:421,29,1,0
BRDA:430,30,0,0
BRDA:430,30,1,0
BRDA:431,31,0,0
BRDA:431,31,1,0
BRDA:465,32,0,0
BRDA:465,32,1,0
BRDA:469,33,0,0
BRDA:469,33,1,0
BRDA:481,34,0,0
BRDA:481,34,1,0
BRDA:488,35,0,1
BRDA:488,35,1,0
BRF:70
BRH:1
end_of_record
TN:
SF:/home/justin/Projects/ReactStart/src/components/views.jsx
FNF:0
FNH:0
DA:3,1
DA:5,1
DA:7,1
DA:11,1
DA:13,1
DA:15,1
DA:17,1
DA:19,1
DA:21,1
LF:9
LH:9
BRF:0
BRH:0
end_of_record
TN:
SF:/home/justin/Projects/ReactStart/src/components/views/card/card.jsx
FN:57,_wrapComponent
FN:58,(anonymous_2)
FN:63,(anonymous_3)
FN:103,Card
FN:111,getChildContext
FN:118,render
FN:135,getClasses
FNF:7
FNH:3
FNDA:1,_wrapComponent
FNDA:1,(anonymous_2)
FNDA:1,(anonymous_3)
FNDA:0,Card
FNDA:0,getChildContext
FNDA:0,render
FNDA:0,getClasses
DA:3,1
DA:5,1
DA:7,1
DA:9,1
DA:11,1
DA:13,1
DA:15,1
DA:17,1
DA:19,1
DA:21,1
DA:23,1
DA:25,1
DA:27,1
DA:31,1
DA:33,1
DA:35,1
DA:37,1
DA:43,1
DA:50,1
DA:57,1
DA:58,1
DA:59,1
DA:63,1
DA:64,1
DA:66,1
DA:103,1
DA:104,0
DA:106,0
DA:109,1
DA:112,0
DA:119,0
DA:120,0
DA:121,0
DA:122,0
DA:123,0
DA:124,0
DA:125,0
DA:127,0
DA:129,0
DA:131,0
DA:136,0
DA:151,0
DA:152,0
DA:153,0
DA:155,0
DA:159,1
DA:160,1
DA:161,1
DA:164,1
LF:49
LH:31
BRDA:138,1,0,0
BRDA:138,1,1,0
BRDA:148,2,0,0
BRDA:148,2,1,0
BRDA:160,3,0,1
BRDA:160,3,1,0
BRF:6
BRH:1
end_of_record
TN:
SF:/home/justin/Projects/ReactStart/src/components/views/card/cards.jsx
FN:55,_wrapComponent
FN:56,(anonymous_2)
FN:61,(anonymous_3)
FN:88,Cards
FN:96,getChildContext
FN:103,render
FNF:6
FNH:3
FNDA:1,_wrapComponent
FNDA:1,(anonymous_2)
FNDA:1,(anonymous_3)
FNDA:0,Cards
FNDA:0,getChildContext
FNDA:0,render
DA:3,1
DA:5,1
DA:7,1
DA:9,1
DA:11,1
DA:13,1
DA:15,1
DA:17,1
DA:19,1
DA:21,1
DA:23,1
DA:25,1
DA:29,1
DA:31,1
DA:33,1
DA:35,1
DA:41,1
DA:48,1
DA:55,1
DA:56,1
DA:57,1
DA:61,1
DA:62,1
DA:64,1
DA:88,1
DA:89,0
DA:91,0
DA:94,1
DA:97,0
DA:104,0
DA:115,0
DA:123,1
DA:124,1
DA:125,1
DA:128,1
LF:35
LH:30
BRDA:109,1,0,0
BRDA:109,1,1,0
BRDA:120,2,0,1
BRDA:120,2,1,0
BRF:4
BRH:1
end_of_record
TN:
SF:/home/justin/Projects/ReactStart/src/components/views/menu/menu.jsx
FN:63,_wrapComponent
FN:64,(anonymous_2)
FN:73,(anonymous_3)
FN:76,Menu
FN:84,getChildContext
FN:91,renderAnimatedMenu
FN:100,renderMenu
FN:107,render
FN:121,getClasses
FNF:9
FNH:3
FNDA:1,_wrapComponent
FNDA:1,(anonymous_2)
FNDA:1,(anonymous_3)
FNDA:0,Menu
FNDA:0,getChildContext
FNDA:0,renderAnimatedMenu
FNDA:0,renderMenu
FNDA:0,render
FNDA:0,getClasses
DA:3,1
DA:5,1
DA:7,1
DA:9,1
DA:11,1
DA:13,1
DA:15,1
DA:17,1
DA:19,1
DA:21,1
DA:23,1
DA:25,1
DA:27,1
DA:29,1
DA:33,1
DA:35,1
DA:37,1
DA:39,1
DA:41,1
DA:43,1
DA:49,1
DA:56,1
DA:63,1
DA:64,1
DA:65,1
DA:69,1
DA:73,1
DA:74,1
DA:76,1
DA:77,0
DA:79,0
DA:82,1
DA:85,0
DA:92,0
DA:94,0
DA:105,0
DA:107,0
DA:115,0
DA:116,0
DA:117,0
DA:119,0
DA:121,0
DA:126,0
DA:128,0
DA:156,0
DA:157,0
DA:158,0
DA:162,0
DA:190,1
DA:191,1
DA:192,1
DA:195,1
LF:52
LH:34
BRDA:117,1,0,0
BRDA:117,1,1,0
BRDA:126,2,0,0
BRDA:126,2,1,0
BRDA:126,2,2,0
BRDA:136,3,0,0
BRDA:136,3,1,0
BRDA:152,4,0,0
BRDA:152,4,1,0
BRDA:152,5,0,0
BRDA:152,5,1,0
BRDA:153,6,0,0
BRDA:153,6,1,0
BRDA:153,7,0,0
BRDA:153,7,1,0
BRDA:187,8,0,1
BRDA:187,8,1,0
BRF:17
BRH:1
end_of_record
TN:
SF:/home/justin/Projects/ReactStart/src/components/modules/dropdown/option.jsx
FN:53,_wrapComponent
FN:54,(anonymous_2)
FN:59,(anonymous_3)
FN:62,Option
FN:70,render
FNF:5
FNH:3
FNDA:1,_wrapComponent
FNDA:1,(anonymous_2)
FNDA:1,(anonymous_3)
FNDA:0,Option
FNDA:0,render
DA:3,1
DA:5,1
DA:7,1
DA:9,1
DA:11,1
DA:13,1
DA:15,1
DA:17,1
DA:19,1
DA:21,1
DA:23,1
DA:25,1
DA:29,1
DA:31,1
DA:33,1
DA:39,1
DA:46,1
DA:53,1
DA:54,1
DA:55,1
DA:59,1
DA:60,1
DA:62,1
DA:63,0
DA:65,0
DA:68,1
DA:71,0
DA:86,1
DA:87,1
DA:88,1
DA:91,1
LF:31
LH:28
BRDA:83,1,0,1
BRDA:83,1,1,0
BRF:2
BRH:1
end_of_record
TN:
SF:/home/justin/Projects/ReactStart/src/components/modules/dimmer/overlay.jsx
FNF:0
FNH:0
LF:0
LH:0
BRF:0
BRH:0
end_of_record
TN:
SF:/home/justin/Projects/ReactStart/src/components/semantic-react.jsx
FNF:0
FNH:0
DA:3,1
DA:5,1
DA:7,1
DA:9,1
DA:11,1
DA:13,1
DA:15,1
DA:17,1
DA:19,1
DA:21,1
DA:22,1
DA:23,1
DA:24,1
LF:13
LH:13
BRF:0
BRH:0
end_of_record
TN:
SF:/home/justin/Projects/ReactStart/src/components/test.jsx
FN:67,_wrapComponent
FN:68,(anonymous_2)
FN:73,renderStateless
FN:79,renderDeep
FN:83,getNode
FN:88,(anonymous_6)
FN:91,(anonymous_7)
FN:96,render
FN:104,className
FN:108,type
FN:112,getOutput
FN:116,(anonymous_12)
FN:119,TestProps
FN:127,render
FNF:14
FNH:4
FNDA:1,_wrapComponent
FNDA:1,(anonymous_2)
FNDA:0,renderStateless
FNDA:0,renderDeep
FNDA:0,getNode
FNDA:1,(anonymous_6)
FNDA:0,(anonymous_7)
FNDA:0,render
FNDA:0,className
FNDA:0,type
FNDA:0,getOutput
FNDA:1,(anonymous_12)
FNDA:0,TestProps
FNDA:0,render
DA:3,1
DA:5,1
DA:7,1
DA:9,1
DA:11,1
DA:13,1
DA:15,1
DA:17,1
DA:19,1
DA:21,1
DA:23,1
DA:25,1
DA:28,1
DA:29,1
DA:30,1
DA:31,1
DA:32,1
DA:33,1
DA:34,1
DA:36,1
DA:38,1
DA:40,1
DA:42,1
DA:44,1
DA:47,1
DA:53,1
DA:60,1
DA:67,1
DA:68,1
DA:69,1
DA:73,1
DA:74,0
DA:76,0
DA:87,1
DA:88,0
DA:91,1
DA:92,0
DA:96,1
DA:97,1
DA:99,1
DA:100,0
DA:104,1
DA:105,0
DA:107,0
DA:113,0
DA:116,1
DA:117,0
DA:120,1
DA:121,0
DA:124,1
DA:125,0
DA:128,1
DA:129,1
DA:131,1
DA:132,0
DA:134,0
DA:137,1
DA:140,0
DA:144,1
DA:145,1
DA:146,1
DA:149,1
LF:62
LH:48
BRDA:74,1,0,0
BRDA:74,1,1,0
BRDA:74,2,0,0
BRDA:74,2,1,0
BRDA:76,3,0,0
BRDA:76,3,1,0
BRDA:97,4,0,0
BRDA:97,4,1,0
BRDA:97,5,0,0
BRDA:97,5,1,0
BRDA:99,6,0,0
BRDA:99,6,1,0
BRDA:133,7,0,1
BRDA:133,7,1,0
BRF:14
BRH:1
end_of_record
TN:
SF:/home/justin/Projects/ReactStart/src/components/views/grid/column.jsx
FN:61,_wrapComponent
FN:62,(anonymous_2)
FN:67,(anonymous_3)
FN:70,Column
FN:78,render
FNF:5
FNH:3
FNDA:1,_wrapComponent
FNDA:1,(anonymous_2)
FNDA:1,(anonymous_3)
FNDA:0,Column
FNDA:0,render
DA:3,1
DA:5,1
DA:7,1
DA:9,1
DA:11,1
DA:13,1
DA:15,1
DA:17,1
DA:19,1
DA:21,1
DA:23,1
DA:25,1
DA:27,1
DA:29,1
DA:33,1
DA:35,1
DA:37,1
DA:39,1
DA:41,1
DA:47,1
DA:54,1
DA:61,1
DA:62,1
DA:63,1
DA:67,1
DA:68,1
DA:70,1
DA:71,0
DA:73,0
DA:76,1
DA:79,0
DA:105,0
DA:106,0
DA:108,0
DA:109,0
DA:110,0
DA:112,0
DA:114,0
DA:115,0
DA:116,0
DA:117,0
DA:118,0
DA:120,0
DA:122,0
DA:138,1
DA:139,1
DA:140,1
DA:143,1
LF:48
LH:32
BRDA:105,1,0,0
BRDA:105,1,1,0
BRDA:106,2,0,0
BRDA:106,2,1,0
BRDA:112,3,0,0
BRDA:112,3,1,0
BRDA:139,4,0,1
BRDA:139,4,1,0
BRF:8
BRH:1
end_of_record
TN:
SF:/home/justin/Projects/ReactStart/src/components/views/grid/grid.jsx
FN:61,_wrapComponent
FN:62,(anonymous_2)
FN:67,(anonymous_3)
FN:70,Grid
FN:78,renderColumn
FN:83,render
FNF:6
FNH:3
FNDA:1,_wrapComponent
FNDA:1,(anonymous_2)
FNDA:1,(anonymous_3)
FNDA:0,Grid
FNDA:0,renderColumn
FNDA:0,render
DA:3,1
DA:5,1
DA:7,1
DA:9,1
DA:11,1
DA:13,1
DA:15,1
DA:17,1
DA:19,1
DA:21,1
DA:23,1
DA:25,1
DA:27,1
DA:29,1
DA:33,1
DA:35,1
DA:37,1
DA:39,1
DA:41,1
DA:47,1
DA:54,1
DA:61,1
DA:62,1
DA:63,1
DA:67,1
DA:68,1
DA:70,1
DA:71,0
DA:73,0
DA:76,1
DA:79,0
DA:88,0
DA:89,0
DA:92,0
DA:120,0
DA:121,0
DA:123,0
DA:125,0
DA:126,0
DA:127,0
DA:128,0
DA:129,0
DA:130,0
DA:131,0
DA:133,0
DA:135,0
DA:151,1
DA:152,1
DA:153,1
DA:156,1
LF:50
LH:32
BRDA:84,1,0,0
BRDA:84,1,1,0
BRDA:119,2,0,0
BRDA:119,2,1,0
BRDA:148,3,0,1
BRDA:148,3,1,0
BRF:6
BRH:1
end_of_record
TN:
SF:/home/justin/Projects/ReactStart/src/components/views/grid/row.jsx
FN:59,_wrapComponent
FN:60,(anonymous_2)
FN:65,(anonymous_3)
FN:68,Row
FN:76,renderColumn
FN:81,render
FNF:6
FNH:3
FNDA:1,_wrapComponent
FNDA:1,(anonymous_2)
FNDA:1,(anonymous_3)
FNDA:0,Row
FNDA:0,renderColumn
FNDA:0,render
DA:3,1
DA:5,1
DA:7,1
DA:9,1
DA:11,1
DA:13,1
DA:15,1
DA:17,1
DA:19,1
DA:21,1
DA:23,1
DA:25,1
DA:27,1
DA:29,1
DA:33,1
DA:35,1
DA:37,1
DA:39,1
DA:45,1
DA:52,1
DA:59,1
DA:60,1
DA:61,1
DA:65,1
DA:66,1
DA:68,1
DA:69,0
DA:71,0
DA:74,1
DA:77,0
DA:86,0
DA:87,0
DA:90,0
DA:101,0
DA:103,0
DA:104,0
DA:105,0
DA:107,0
DA:109,0
DA:125,1
DA:126,1
DA:127,1
DA:130,1
LF:43
LH:31
BRDA:82,1,0,0
BRDA:82,1,1,0
BRDA:97,2,0,0
BRDA:97,2,1,0
BRDA:122,3,0,1
BRDA:122,3,1,0
BRF:6
BRH:1
end_of_record
TN:
SF:/home/justin/Projects/ReactStart/src/docs/docblock.jsx
FN:57,_wrapComponent
FN:58,(anonymous_2)
FN:63,(anonymous_3)
FN:66,DocBlock
FN:79,onCodeButtonClick
FN:87,renderSegments
FN:92,renderSegment
FN:97,renderHeader
FN:102,render
FNF:9
FNH:3
FNDA:1,_wrapComponent
FNDA:1,(anonymous_2)
FNDA:1,(anonymous_3)
FNDA:0,DocBlock
FNDA:0,onCodeButtonClick
FNDA:0,renderSegments
FNDA:0,renderSegment
FNDA:0,renderHeader
FNDA:0,render
DA:3,1
DA:5,1
DA:7,1
DA:9,1
DA:11,1
DA:13,1
DA:15,1
DA:17,1
DA:19,1
DA:21,1
DA:23,1
DA:25,1
DA:29,1
DA:31,1
DA:33,1
DA:35,1
DA:37,1
DA:43,1
DA:50,1
DA:57,1
DA:58,1
DA:59,1
DA:63,1
DA:64,1
DA:66,1
DA:67,0
DA:69,0
DA:71,0
DA:77,1
DA:80,0
DA:88,0
DA:124,0
DA:142,0
DA:156,0
DA:190,1
DA:191,1
DA:192,1
DA:195,1
LF:38
LH:30
BRDA:82,1,0,0
BRDA:82,1,1,0
BRDA:103,2,0,0
BRDA:103,2,1,0
BRDA:103,3,0,0
BRDA:103,3,1,0
BRDA:108,4,0,1
BRDA:108,4,1,0
BRF:8
BRH:1
end_of_record
TN:
SF:/home/justin/Projects/ReactStart/src/docs/elements.jsx
FNF:0
FNH:0
DA:3,1
DA:5,1
DA:7,1
DA:11,1
DA:13,1
DA:15,1
DA:17,1
DA:19,1
DA:21,1
DA:23,1
DA:25,1
DA:27,1
DA:29,1
DA:31,1
DA:33,1
DA:35,1
DA:37,1
DA:39,1
DA:41,1
DA:43,1
DA:45,1
DA:47,1
DA:49,1
DA:51,1
DA:53,1
LF:25
LH:25
BRF:0
BRH:0
end_of_record
TN:
SF:/home/justin/Projects/ReactStart/src/docs/elements/buttondoc.jsx
FN:77,_wrapComponent
FN:78,(anonymous_2)
FN:215,(anonymous_3)
FN:218,ButtonDoc
FN:226,render
FN:230,(anonymous_6)
FN:236,(anonymous_7)
FNF:7
FNH:3
FNDA:1,_wrapComponent
FNDA:1,(anonymous_2)
FNDA:1,(anonymous_3)
FNDA:0,ButtonDoc
FNDA:0,render
FNDA:0,(anonymous_6)
FNDA:0,(anonymous_7)
DA:3,1
DA:5,1
DA:7,1
DA:9,1
DA:11,1
DA:13,1
DA:15,1
DA:17,1
DA:19,1
DA:21,1
DA:23,1
DA:25,1
DA:27,1
DA:31,1
DA:33,1
DA:35,1
DA:37,1
DA:39,1
DA:41,1
DA:43,1
DA:45,1
DA:47,1
DA:49,1
DA:51,1
DA:53,1
DA:55,1
DA:57,1
DA:63,1
DA:70,1
DA:77,1
DA:78,1
DA:79,1
DA:83,1
DA:215,1
DA:216,1
DA:218,1
DA:219,0
DA:221,0
DA:224,1
DA:227,0
DA:228,0
DA:230,0
DA:231,0
DA:237,0
DA:242,0
DA:244,0
DA:245,0
DA:246,0
DA:257,0
DA:264,0
DA:267,0
DA:279,0
DA:300,1
DA:301,1
DA:302,1
DA:305,1
LF:56
LH:41
BRDA:237,1,0,0
BRDA:237,1,1,0
BRDA:259,2,0,1
BRDA:259,2,1,0
BRF:4
BRH:1
end_of_record
TN:
SF:/home/justin/Projects/ReactStart/src/docs/elements/button/types.jsx
FNF:0
FNH:0
DA:3,1
DA:5,1
DA:7,1
DA:11,1
DA:13,1
DA:15,1
DA:17,1
DA:19,1
DA:21,1
DA:23,1
DA:25,1
DA:27,1
DA:29,1
DA:31,1
DA:33,1
DA:35,1
DA:37,1
DA:39,1
DA:41,1
DA:43,1
DA:45,1
DA:47,1
DA:49,1
DA:51,1
DA:53,1
DA:55,1
DA:57,1
LF:27
LH:27
BRF:0
BRH:0
end_of_record
TN:
SF:/home/justin/Projects/ReactStart/src/docs/elements/button/types/button.jsx
FN:63,_wrapComponent
FN:64,(anonymous_2)
FN:71,(anonymous_3)
FN:74,ButtonDoc
FN:82,render
FNF:5
FNH:3
FNDA:1,_wrapComponent
FNDA:1,(anonymous_2)
FNDA:1,(anonymous_3)
FNDA:0,ButtonDoc
FNDA:0,render
DA:3,1
DA:5,1
DA:7,1
DA:9,1
DA:11,1
DA:13,1
DA:15,1
DA:17,1
DA:19,1
DA:21,1
DA:23,1
DA:25,1
DA:29,1
DA:31,1
DA:33,1
DA:35,1
DA:37,1
DA:39,1
DA:41,1
DA:43,1
DA:49,1
DA:56,1
DA:63,1
DA:64,1
DA:65,1
DA:69,1
DA:71,1
DA:72,1
DA:74,1
DA:75,0
DA:77,0
DA:80,1
DA:83,0
DA:98,1
DA:99,1
DA:100,1
DA:103,1
LF:37
LH:34
BRDA:91,1,0,1
BRDA:91,1,1,0
BRF:2
BRH:1
end_of_record
TN:
SF:/home/justin/Projects/ReactStart/src/docs/elements/button/types/button2.jsx
FN:63,_wrapComponent
FN:64,(anonymous_2)
FN:71,(anonymous_3)
FN:74,Button2Doc
FN:82,render
FNF:5
FNH:3
FNDA:1,_wrapComponent
FNDA:1,(anonymous_2)
FNDA:1,(anonymous_3)
FNDA:0,Button2Doc
FNDA:0,render
DA:3,1
DA:5,1
DA:7,1
DA:9,1
DA:11,1
DA:13,1
DA:15,1
DA:17,1
DA:19,1
DA:21,1
DA:23,1
DA:25,1
DA:29,1
DA:31,1
DA:33,1
DA:35,1
DA:37,1
DA:39,1
DA:41,1
DA:43,1
DA:49,1
DA:56,1
DA:63,1
DA:64,1
DA:65,1
DA:69,1
DA:71,1
DA:72,1
DA:74,1
DA:75,0
DA:77,0
DA:80,1
DA:83,0
DA:100,1
DA:101,1
DA:102,1
DA:105,1
LF:37
LH:34
BRDA:88,1,0,1
BRDA:88,1,1,0
BRF:2
BRH:1
end_of_record
TN:
SF:/home/justin/Projects/ReactStart/src/docs/elements/button/types/emphasis.jsx
FN:63,_wrapComponent
FN:64,(anonymous_2)
FN:71,(anonymous_3)
FN:74,EmphasisDoc
FN:82,render
FNF:5
FNH:3
FNDA:1,_wrapComponent
FNDA:1,(anonymous_2)
FNDA:1,(anonymous_3)
FNDA:0,EmphasisDoc
FNDA:0,render
DA:3,1
DA:5,1
DA:7,1
DA:9,1
DA:11,1
DA:13,1
DA:15,1
DA:17,1
DA:19,1
DA:21,1
DA:23,1
DA:25,1
DA:29,1
DA:31,1
DA:33,1
DA:35,1
DA:37,1
DA:39,1
DA:41,1
DA:43,1
DA:49,1
DA:56,1
DA:63,1
DA:64,1
DA:65,1
DA:69,1
DA:71,1
DA:72,1
DA:74,1
DA:75,0
DA:77,0
DA:80,1
DA:83,0
DA:103,1
DA:104,1
DA:105,1
DA:108,1
LF:37
LH:34
BRDA:91,1,0,1
BRDA:91,1,1,0
BRF:2
BRH:1
end_of_record
TN:
SF:/home/justin/Projects/ReactStart/src/docs/elements/button/types/emphasis2.jsx
FN:63,_wrapComponent
FN:64,(anonymous_2)
FN:71,(anonymous_3)
FN:74,Emphasis2Doc
FN:82,render
FNF:5
FNH:3
FNDA:1,_wrapComponent
FNDA:1,(anonymous_2)
FNDA:1,(anonymous_3)
FNDA:0,Emphasis2Doc
FNDA:0,render
DA:3,1
DA:5,1
DA:7,1
DA:9,1
DA:11,1
DA:13,1
DA:15,1
DA:17,1
DA:19,1
DA:21,1
DA:23,1
DA:25,1
DA:29,1
DA:31,1
DA:33,1
DA:35,1
DA:37,1
DA:39,1
DA:41,1
DA:43,1
DA:49,1
DA:56,1
DA:63,1
DA:64,1
DA:65,1
DA:69,1
DA:71,1
DA:72,1
DA:74,1
DA:75,0
DA:77,0
DA:80,1
DA:83,0
DA:100,1
DA:101,1
DA:102,1
DA:105,1
LF:37
LH:34
BRDA:88,1,0,1
BRDA:88,1,1,0
BRF:2
BRH:1
end_of_record
TN:
SF:/home/justin/Projects/ReactStart/src/docs/elements/button/types/animated.jsx
FN:63,_wrapComponent
FN:64,(anonymous_2)
FN:71,(anonymous_3)
FN:74,AnimatedDoc
FN:82,render
FNF:5
FNH:3
FNDA:1,_wrapComponent
FNDA:1,(anonymous_2)
FNDA:1,(anonymous_3)
FNDA:0,AnimatedDoc
FNDA:0,render
DA:3,1
DA:5,1
DA:7,1
DA:9,1
DA:11,1
DA:13,1
DA:15,1
DA:17,1
DA:19,1
DA:21,1
DA:23,1
DA:25,1
DA:29,1
DA:31,1
DA:33,1
DA:35,1
DA:37,1
DA:39,1
DA:41,1
DA:43,1
DA:49,1
DA:56,1
DA:63,1
DA:64,1
DA:65,1
DA:69,1
DA:71,1
DA:72,1
DA:74,1
DA:75,0
DA:77,0
DA:80,1
DA:83,0
DA:135,1
DA:136,1
DA:137,1
DA:140,1
LF:37
LH:34
BRDA:91,1,0,1
BRDA:91,1,1,0
BRF:2
BRH:1
end_of_record
TN:
SF:/home/justin/Projects/ReactStart/src/docs/elements/button/types/labeled.jsx
FN:63,_wrapComponent
FN:64,(anonymous_2)
FN:71,(anonymous_3)
FN:74,LabeledDoc
FN:82,render
FNF:5
FNH:3
FNDA:1,_wrapComponent
FNDA:1,(anonymous_2)
FNDA:1,(anonymous_3)
FNDA:0,LabeledDoc
FNDA:0,render
DA:3,1
DA:5,1
DA:7,1
DA:9,1
DA:11,1
DA:13,1
DA:15,1
DA:17,1
DA:19,1
DA:21,1
DA:23,1
DA:25,1
DA:29,1
DA:31,1
DA:33,1
DA:35,1
DA:37,1
DA:39,1
DA:41,1
DA:43,1
DA:49,1
DA:56,1
DA:63,1
DA:64,1
DA:65,1
DA:69,1
DA:71,1
DA:72,1
DA:74,1
DA:75,0
DA:77,0
DA:80,1
DA:83,0
DA:125,1
DA:126,1
DA:127,1
DA:130,1
LF:37
LH:34
BRDA:91,1,0,1
BRDA:91,1,1,0
BRF:2
BRH:1
end_of_record
TN:
SF:/home/justin/Projects/ReactStart/src/docs/elements/button/types/labeled2.jsx
FN:63,_wrapComponent
FN:64,(anonymous_2)
FN:71,(anonymous_3)
FN:74,Labeled2Doc
FN:82,render
FNF:5
FNH:3
FNDA:1,_wrapComponent
FNDA:1,(anonymous_2)
FNDA:1,(anonymous_3)
FNDA:0,Labeled2Doc
FNDA:0,render
DA:3,1
DA:5,1
DA:7,1
DA:9,1
DA:11,1
DA:13,1
DA:15,1
DA:17,1
DA:19,1
DA:21,1
DA:23,1
DA:25,1
DA:29,1
DA:31,1
DA:33,1
DA:35,1
DA:37,1
DA:39,1
DA:41,1
DA:43,1
DA:49,1
DA:56,1
DA:63,1
DA:64,1
DA:65,1
DA:69,1
DA:71,1
DA:72,1
DA:74,1
DA:75,0
DA:77,0
DA:80,1
DA:83,0
DA:112,1
DA:113,1
DA:114,1
DA:117,1
LF:37
LH:34
BRDA:88,1,0,1
BRDA:88,1,1,0
BRF:2
BRH:1
end_of_record
TN:
SF:/home/justin/Projects/ReactStart/src/docs/elements/button/types/icon.jsx
FN:63,_wrapComponent
FN:64,(anonymous_2)
FN:71,(anonymous_3)
FN:74,IconDoc
FN:82,render
FNF:5
FNH:3
FNDA:1,_wrapComponent
FNDA:1,(anonymous_2)
FNDA:1,(anonymous_3)
FNDA:0,IconDoc
FNDA:0,render
DA:3,1
DA:5,1
DA:7,1
DA:9,1
DA:11,1
DA:13,1
DA:15,1
DA:17,1
DA:19,1
DA:21,1
DA:23,1
DA:25,1
DA:29,1
DA:31,1
DA:33,1
DA:35,1
DA:37,1
DA:39,1
DA:41,1
DA:43,1
DA:49,1
DA:56,1
DA:63,1
DA:64,1
DA:65,1
DA:69,1
DA:71,1
DA:72,1
DA:74,1
DA:75,0
DA:77,0
DA:80,1
DA:83,0
DA:95,1
DA:96,1
DA:97,1
DA:100,1
LF:37
LH:34
BRDA:91,1,0,1
BRDA:91,1,1,0
BRF:2
BRH:1
end_of_record
TN:
SF:/home/justin/Projects/ReactStart/src/docs/elements/button/types/labeledicon.jsx
FN:63,_wrapComponent
FN:64,(anonymous_2)
FN:71,(anonymous_3)
FN:74,LabeledIconDoc
FN:82,render
FNF:5
FNH:3
FNDA:1,_wrapComponent
FNDA:1,(anonymous_2)
FNDA:1,(anonymous_3)
FNDA:0,LabeledIconDoc
FNDA:0,render
DA:3,1
DA:5,1
DA:7,1
DA:9,1
DA:11,1
DA:13,1
DA:15,1
DA:17,1
DA:19,1
DA:21,1
DA:23,1
DA:25,1
DA:29,1
DA:31,1
DA:33,1
DA:35,1
DA:37,1
DA:39,1
DA:41,1
DA:43,1
DA:49,1
DA:56,1
DA:63,1
DA:64,1
DA:65,1
DA:69,1
DA:71,1
DA:72,1
DA:74,1
DA:75,0
DA:77,0
DA:80,1
DA:83,0
DA:105,1
DA:106,1
DA:107,1
DA:110,1
LF:37
LH:34
BRDA:91,1,0,1
BRDA:91,1,1,0
BRF:2
BRH:1
end_of_record
TN:
SF:/home/justin/Projects/ReactStart/src/docs/elements/button/types/basic.jsx
FN:65,_wrapComponent
FN:66,(anonymous_2)
FN:73,(anonymous_3)
FN:77,(anonymous_4)
FN:80,BasicDoc
FN:88,render
FN:91,(anonymous_7)
FNF:7
FNH:4
FNDA:1,_wrapComponent
FNDA:1,(anonymous_2)
FNDA:13,(anonymous_3)
FNDA:1,(anonymous_4)
FNDA:0,BasicDoc
FNDA:0,render
FNDA:0,(anonymous_7)
DA:3,1
DA:5,1
DA:7,1
DA:9,1
DA:11,1
DA:13,1
DA:15,1
DA:17,1
DA:19,1
DA:21,1
DA:23,1
DA:25,1
DA:29,1
DA:31,1
DA:33,1
DA:35,1
DA:37,1
DA:39,1
DA:41,1
DA:43,1
DA:45,1
DA:51,1
DA:58,1
DA:65,1
DA:66,1
DA:67,1
DA:71,1
DA:73,1
DA:74,13
DA:77,1
DA:78,1
DA:80,1
DA:81,0
DA:83,0
DA:86,1
DA:89,0
DA:91,0
DA:92,0
DA:94,0
DA:101,0
DA:116,1
DA:117,1
DA:118,1
DA:121,1
LF:44
LH:37
BRDA:105,1,0,1
BRDA:105,1,1,0
BRF:2
BRH:1
end_of_record
TN:
SF:/home/justin/Projects/ReactStart/src/docs/utilities.jsx
FNF:0
FNH:0
DA:3,1
DA:5,1
DA:7,1
DA:9,1
LF:4
LH:4
BRF:0
BRH:0
end_of_record
TN:
SF:/home/justin/Projects/ReactStart/src/docs/elements/button/types/inverted.jsx
FN:65,_wrapComponent
FN:66,(anonymous_2)
FN:73,(anonymous_3)
FN:77,(anonymous_4)
FN:80,InvertedDoc
FN:88,render
FN:93,(anonymous_7)
FNF:7
FNH:4
FNDA:1,_wrapComponent
FNDA:1,(anonymous_2)
FNDA:13,(anonymous_3)
FNDA:1,(anonymous_4)
FNDA:0,InvertedDoc
FNDA:0,render
FNDA:0,(anonymous_7)
DA:3,1
DA:5,1
DA:7,1
DA:9,1
DA:11,1
DA:13,1
DA:15,1
DA:17,1
DA:19,1
DA:21,1
DA:23,1
DA:25,1
DA:29,1
DA:31,1
DA:33,1
DA:35,1
DA:37,1
DA:39,1
DA:41,1
DA:43,1
DA:45,1
DA:51,1
DA:58,1
DA:65,1
DA:66,1
DA:67,1
DA:71,1
DA:73,1
DA:74,13
DA:77,1
DA:78,1
DA:80,1
DA:81,0
DA:83,0
DA:86,1
DA:89,0
DA:90,0
DA:91,0
DA:93,0
DA:94,0
DA:96,0
DA:101,0
DA:103,0
DA:106,0
DA:123,1
DA:124,1
DA:125,1
DA:128,1
LF:48
LH:37
BRDA:99,1,0,0
BRDA:99,1,1,0
BRDA:112,2,0,1
BRDA:112,2,1,0
BRF:4
BRH:1
end_of_record
TN:
SF:/home/justin/Projects/ReactStart/src/docs/elements/button/types/inverted2.jsx
FN:65,_wrapComponent
FN:66,(anonymous_2)
FN:73,(anonymous_3)
FN:77,(anonymous_4)
FN:80,Inverted2Doc
FN:88,render
FN:91,(anonymous_7)
FNF:7
FNH:4
FNDA:1,_wrapComponent
FNDA:1,(anonymous_2)
FNDA:13,(anonymous_3)
FNDA:1,(anonymous_4)
FNDA:0,Inverted2Doc
FNDA:0,render
FNDA:0,(anonymous_7)
DA:3,1
DA:5,1
DA:7,1
DA:9,1
DA:11,1
DA:13,1
DA:15,1
DA:17,1
DA:19,1
DA:21,1
DA:23,1
DA:25,1
DA:29,1
DA:31,1
DA:33,1
DA:35,1
DA:37,1
DA:39,1
DA:41,1
DA:43,1
DA:45,1
DA:51,1
DA:58,1
DA:65,1
DA:66,1
DA:67,1
DA:71,1
DA:73,1
DA:74,13
DA:77,1
DA:78,1
DA:80,1
DA:81,0
DA:83,0
DA:86,1
DA:89,0
DA:91,0
DA:92,0
DA:94,0
DA:102,0
DA:115,1
DA:116,1
DA:117,1
DA:120,1
LF:44
LH:37
BRDA:103,1,0,1
BRDA:103,1,1,0
BRF:2
BRH:1
end_of_record
TN:
SF:/home/justin/Projects/ReactStart/src/docs/elements/button/groups.jsx
FNF:0
FNH:0
DA:3,1
DA:5,1
DA:7,1
DA:11,1
DA:13,1
DA:15,1
DA:17,1
LF:7
LH:7
BRF:0
BRH:0
end_of_record
TN:
SF:/home/justin/Projects/ReactStart/src/docs/elements/button/groups/buttons.jsx
FN:63,_wrapComponent
FN:64,(anonymous_2)
FN:71,(anonymous_3)
FN:74,ButtonsDoc
FN:82,render
FNF:5
FNH:3
FNDA:1,_wrapComponent
FNDA:1,(anonymous_2)
FNDA:1,(anonymous_3)
FNDA:0,ButtonsDoc
FNDA:0,render
DA:3,1
DA:5,1
DA:7,1
DA:9,1
DA:11,1
DA:13,1
DA:15,1
DA:17,1
DA:19,1
DA:21,1
DA:23,1
DA:25,1
DA:29,1
DA:31,1
DA:33,1
DA:35,1
DA:37,1
DA:39,1
DA:41,1
DA:43,1
DA:49,1
DA:56,1
DA:63,1
DA:64,1
DA:65,1
DA:69,1
DA:71,1
DA:72,1
DA:74,1
DA:75,0
DA:77,0
DA:80,1
DA:84,0
DA:113,1
DA:114,1
DA:115,1
DA:118,1
LF:37
LH:34
BRDA:92,1,0,1
BRDA:92,1,1,0
BRF:2
BRH:1
end_of_record
TN:
SF:/home/justin/Projects/ReactStart/src/docs/elements/button/groups/iconbuttons.jsx
FN:63,_wrapComponent
FN:64,(anonymous_2)
FN:71,(anonymous_3)
FN:74,IconButtonsDoc
FN:82,render
FNF:5
FNH:3
FNDA:1,_wrapComponent
FNDA:1,(anonymous_2)
FNDA:1,(anonymous_3)
FNDA:0,IconButtonsDoc
FNDA:0,render
DA:3,1
DA:5,1
DA:7,1
DA:9,1
DA:11,1
DA:13,1
DA:15,1
DA:17,1
DA:19,1
DA:21,1
DA:23,1
DA:25,1
DA:29,1
DA:31,1
DA:33,1
DA:35,1
DA:37,1
DA:39,1
DA:41,1
DA:43,1
DA:49,1
DA:56,1
DA:63,1
DA:64,1
DA:65,1
DA:69,1
DA:71,1
DA:72,1
DA:74,1
DA:75,0
DA:77,0
DA:80,1
DA:84,0
DA:109,1
DA:110,1
DA:111,1
DA:114,1
LF:37
LH:34
BRDA:92,1,0,1
BRDA:92,1,1,0
BRF:2
BRH:1
end_of_record
TN:
SF:/home/justin/Projects/ReactStart/src/docs/elements/button/content.jsx
FNF:0
FNH:0
DA:3,1
DA:5,1
DA:7,1
DA:11,1
DA:13,1
LF:5
LH:5
BRF:0
BRH:0
end_of_record
TN:
SF:/home/justin/Projects/ReactStart/src/docs/elements/button/content/conditionals.jsx
FN:63,_wrapComponent
FN:64,(anonymous_2)
FN:71,(anonymous_3)
FN:74,ConditionalsDoc
FN:82,render
FNF:5
FNH:3
FNDA:1,_wrapComponent
FNDA:1,(anonymous_2)
FNDA:1,(anonymous_3)
FNDA:0,ConditionalsDoc
FNDA:0,render
DA:3,1
DA:5,1
DA:7,1
DA:9,1
DA:11,1
DA:13,1
DA:15,1
DA:17,1
DA:19,1
DA:21,1
DA:23,1
DA:25,1
DA:29,1
DA:31,1
DA:33,1
DA:35,1
DA:37,1
DA:39,1
DA:41,1
DA:43,1
DA:49,1
DA:56,1
DA:63,1
DA:64,1
DA:65,1
DA:69,1
DA:71,1
DA:72,1
DA:74,1
DA:75,0
DA:77,0
DA:80,1
DA:84,0
DA:109,1
DA:110,1
DA:111,1
DA:114,1
LF:37
LH:34
BRDA:92,1,0,1
BRDA:92,1,1,0
BRF:2
BRH:1
end_of_record
TN:
SF:/home/justin/Projects/ReactStart/src/docs/elements/button/states.jsx
FNF:0
FNH:0
DA:3,1
DA:5,1
DA:7,1
DA:11,1
DA:13,1
DA:15,1
DA:17,1
DA:19,1
DA:21,1
LF:9
LH:9
BRF:0
BRH:0
end_of_record
TN:
SF:/home/justin/Projects/ReactStart/src/docs/elements/button/states/active.jsx
FN:63,_wrapComponent
FN:64,(anonymous_2)
FN:71,(anonymous_3)
FN:74,ActiveDoc
FN:82,render
FNF:5
FNH:3
FNDA:1,_wrapComponent
FNDA:1,(anonymous_2)
FNDA:1,(anonymous_3)
FNDA:0,ActiveDoc
FNDA:0,render
DA:3,1
DA:5,1
DA:7,1
DA:9,1
DA:11,1
DA:13,1
DA:15,1
DA:17,1
DA:19,1
DA:21,1
DA:23,1
DA:25,1
DA:29,1
DA:31,1
DA:33,1
DA:35,1
DA:37,1
DA:39,1
DA:41,1
DA:43,1
DA:49,1
DA:56,1
DA:63,1
DA:64,1
DA:65,1
DA:69,1
DA:71,1
DA:72,1
DA:74,1
DA:75,0
DA:77,0
DA:80,1
DA:84,0
DA:99,1
DA:100,1
DA:101,1
DA:104,1
LF:37
LH:34
BRDA:92,1,0,1
BRDA:92,1,1,0
BRF:2
BRH:1
end_of_record
TN:
SF:/home/justin/Projects/ReactStart/src/docs/elements/button/states/disabled.jsx
FN:63,_wrapComponent
FN:64,(anonymous_2)
FN:71,(anonymous_3)
FN:74,DisabledDoc
FN:82,render
FNF:5
FNH:3
FNDA:1,_wrapComponent
FNDA:1,(anonymous_2)
FNDA:1,(anonymous_3)
FNDA:0,DisabledDoc
FNDA:0,render
DA:3,1
DA:5,1
DA:7,1
DA:9,1
DA:11,1
DA:13,1
DA:15,1
DA:17,1
DA:19,1
DA:21,1
DA:23,1
DA:25,1
DA:29,1
DA:31,1
DA:33,1
DA:35,1
DA:37,1
DA:39,1
DA:41,1
DA:43,1
DA:49,1
DA:56,1
DA:63,1
DA:64,1
DA:65,1
DA:69,1
DA:71,1
DA:72,1
DA:74,1
DA:75,0
DA:77,0
DA:80,1
DA:84,0
DA:99,1
DA:100,1
DA:101,1
DA:104,1
LF:37
LH:34
BRDA:92,1,0,1
BRDA:92,1,1,0
BRF:2
BRH:1
end_of_record
TN:
SF:/home/justin/Projects/ReactStart/src/docs/elements/button/states/loading.jsx
FN:63,_wrapComponent
FN:64,(anonymous_2)
FN:71,(anonymous_3)
FN:74,LoadingDoc
FN:82,render
FNF:5
FNH:3
FNDA:1,_wrapComponent
FNDA:1,(anonymous_2)
FNDA:1,(anonymous_3)
FNDA:0,LoadingDoc
FNDA:0,render
DA:3,1
DA:5,1
DA:7,1
DA:9,1
DA:11,1
DA:13,1
DA:15,1
DA:17,1
DA:19,1
DA:21,1
DA:23,1
DA:25,1
DA:29,1
DA:31,1
DA:33,1
DA:35,1
DA:37,1
DA:39,1
DA:41,1
DA:43,1
DA:49,1
DA:56,1
DA:63,1
DA:64,1
DA:65,1
DA:69,1
DA:71,1
DA:72,1
DA:74,1
DA:75,0
DA:77,0
DA:80,1
DA:84,0
DA:114,1
DA:115,1
DA:116,1
DA:119,1
LF:37
LH:34
BRDA:92,1,0,1
BRDA:92,1,1,0
BRF:2
BRH:1
end_of_record
TN:
SF:/home/justin/Projects/ReactStart/src/docs/elements/button/variations.jsx
FNF:0
FNH:0
DA:3,1
DA:5,1
DA:7,1
DA:11,1
DA:13,1
DA:15,1
DA:17,1
DA:19,1
DA:21,1
DA:23,1
DA:25,1
DA:27,1
DA:29,1
DA:31,1
DA:33,1
DA:35,1
DA:37,1
DA:39,1
DA:41,1
DA:43,1
DA:45,1
DA:47,1
DA:49,1
DA:51,1
DA:53,1
LF:25
LH:25
BRF:0
BRH:0
end_of_record
TN:
SF:/home/justin/Projects/ReactStart/src/docs/elements/button/variations/circular.jsx
FN:63,_wrapComponent
FN:64,(anonymous_2)
FN:71,(anonymous_3)
FN:74,CircularDoc
FN:82,render
FNF:5
FNH:3
FNDA:1,_wrapComponent
FNDA:1,(anonymous_2)
FNDA:1,(anonymous_3)
FNDA:0,CircularDoc
FNDA:0,render
DA:3,1
DA:5,1
DA:7,1
DA:9,1
DA:11,1
DA:13,1
DA:15,1
DA:17,1
DA:19,1
DA:21,1
DA:23,1
DA:25,1
DA:29,1
DA:31,1
DA:33,1
DA:35,1
DA:37,1
DA:39,1
DA:41,1
DA:43,1
DA:49,1
DA:56,1
DA:63,1
DA:64,1
DA:65,1
DA:69,1
DA:71,1
DA:72,1
DA:74,1
DA:75,0
DA:77,0
DA:80,1
DA:84,0
DA:99,1
DA:100,1
DA:101,1
DA:104,1
LF:37
LH:34
BRDA:92,1,0,1
BRDA:92,1,1,0
BRF:2
BRH:1
end_of_record
TN:
SF:/home/justin/Projects/ReactStart/src/docs/elements/button/variations/circular2.jsx
FN:65,_wrapComponent
FN:66,(anonymous_2)
FN:73,(anonymous_3)
FN:77,(anonymous_4)
FN:80,Circular2Doc
FN:88,render
FN:91,(anonymous_7)
FNF:7
FNH:4
FNDA:1,_wrapComponent
FNDA:1,(anonymous_2)
FNDA:7,(anonymous_3)
FNDA:1,(anonymous_4)
FNDA:0,Circular2Doc
FNDA:0,render
FNDA:0,(anonymous_7)
DA:3,1
DA:5,1
DA:7,1
DA:9,1
DA:11,1
DA:13,1
DA:15,1
DA:17,1
DA:19,1
DA:21,1
DA:23,1
DA:25,1
DA:29,1
DA:31,1
DA:33,1
DA:35,1
DA:37,1
DA:39,1
DA:41,1
DA:43,1
DA:45,1
DA:51,1
DA:58,1
DA:65,1
DA:66,1
DA:67,1
DA:71,1
DA:73,1
DA:74,7
DA:77,1
DA:78,1
DA:80,1
DA:81,0
DA:83,0
DA:86,1
DA:89,0
DA:91,0
DA:92,0
DA:94,0
DA:97,0
DA:109,1
DA:110,1
DA:111,1
DA:114,1
LF:44
LH:37
BRDA:102,1,0,1
BRDA:102,1,1,0
BRF:2
BRH:1
end_of_record
TN:
SF:/home/justin/Projects/ReactStart/src/docs/elements/button/variations/colored.jsx
FN:65,_wrapComponent
FN:66,(anonymous_2)
FN:73,(anonymous_3)
FN:77,(anonymous_4)
FN:80,ColoredDoc
FN:88,render
FN:91,(anonymous_7)
FNF:7
FNH:4
FNDA:1,_wrapComponent
FNDA:1,(anonymous_2)
FNDA:13,(anonymous_3)
FNDA:1,(anonymous_4)
FNDA:0,ColoredDoc
FNDA:0,render
FNDA:0,(anonymous_7)
DA:3,1
DA:5,1
DA:7,1
DA:9,1
DA:11,1
DA:13,1
DA:15,1
DA:17,1
DA:19,1
DA:21,1
DA:23,1
DA:25,1
DA:29,1
DA:31,1
DA:33,1
DA:35,1
DA:37,1
DA:39,1
DA:41,1
DA:43,1
DA:45,1
DA:51,1
DA:58,1
DA:65,1
DA:66,1
DA:67,1
DA:71,1
DA:73,1
DA:74,13
DA:77,1
DA:78,1
DA:80,1
DA:81,0
DA:83,0
DA:86,1
DA:89,0
DA:91,0
DA:92,0
DA:94,0
DA:101,0
DA:116,1
DA:117,1
DA:118,1
DA:121,1
LF:44
LH:37
BRDA:105,1,0,1
BRDA:105,1,1,0
BRF:2
BRH:1
end_of_record
TN:
SF:/home/justin/Projects/ReactStart/src/docs/elements/button/variations/compact.jsx
FN:63,_wrapComponent
FN:64,(anonymous_2)
FN:71,(anonymous_3)
FN:74,CompactDoc
FN:82,render
FNF:5
FNH:3
FNDA:1,_wrapComponent
FNDA:1,(anonymous_2)
FNDA:1,(anonymous_3)
FNDA:0,CompactDoc
FNDA:0,render
DA:3,1
DA:5,1
DA:7,1
DA:9,1
DA:11,1
DA:13,1
DA:15,1
DA:17,1
DA:19,1
DA:21,1
DA:23,1
DA:25,1
DA:29,1
DA:31,1
DA:33,1
DA:35,1
DA:37,1
DA:39,1
DA:41,1
DA:43,1
DA:49,1
DA:56,1
DA:63,1
DA:64,1
DA:65,1
DA:69,1
DA:71,1
DA:72,1
DA:74,1
DA:75,0
DA:77,0
DA:80,1
DA:84,0
DA:106,1
DA:107,1
DA:108,1
DA:111,1
LF:37
LH:34
BRDA:92,1,0,1
BRDA:92,1,1,0
BRF:2
BRH:1
end_of_record
TN:
SF:/home/justin/Projects/ReactStart/src/docs/elements/button/variations/consequence.jsx
FN:63,_wrapComponent
FN:64,(anonymous_2)
FN:71,(anonymous_3)
FN:74,ConsequenceDoc
FN:82,render
FNF:5
FNH:3
FNDA:1,_wrapComponent
FNDA:1,(anonymous_2)
FNDA:1,(anonymous_3)
FNDA:0,ConsequenceDoc
FNDA:0,render
DA:3,1
DA:5,1
DA:7,1
DA:9,1
DA:11,1
DA:13,1
DA:15,1
DA:17,1
DA:19,1
DA:21,1
DA:23,1
DA:25,1
DA:29,1
DA:31,1
DA:33,1
DA:35,1
DA:37,1
DA:39,1
DA:41,1
DA:43,1
DA:49,1
DA:56,1
DA:63,1
DA:64,1
DA:65,1
DA:69,1
DA:71,1
DA:72,1
DA:74,1
DA:75,0
DA:77,0
DA:80,1
DA:84,0
DA:104,1
DA:105,1
DA:106,1
DA:109,1
LF:37
LH:34
BRDA:92,1,0,1
BRDA:92,1,1,0
BRF:2
BRH:1
end_of_record
TN:
SF:/home/justin/Projects/ReactStart/src/docs/elements/button/variations/floated.jsx
FN:63,_wrapComponent
FN:64,(anonymous_2)
FN:71,(anonymous_3)
FN:74,FloatedDoc
FN:82,render
FNF:5
FNH:3
FNDA:1,_wrapComponent
FNDA:1,(anonymous_2)
FNDA:1,(anonymous_3)
FNDA:0,FloatedDoc
FNDA:0,render
DA:3,1
DA:5,1
DA:7,1
DA:9,1
DA:11,1
DA:13,1
DA:15,1
DA:17,1
DA:19,1
DA:21,1
DA:23,1
DA:25,1
DA:29,1
DA:31,1
DA:33,1
DA:35,1
DA:37,1
DA:39,1
DA:41,1
DA:43,1
DA:49,1
DA:56,1
DA:63,1
DA:64,1
DA:65,1
DA:69,1
DA:71,1
DA:72,1
DA:74,1
DA:75,0
DA:77,0
DA:80,1
DA:84,0
DA:108,1
DA:109,1
DA:110,1
DA:113,1
LF:37
LH:34
BRDA:92,1,0,1
BRDA:92,1,1,0
BRF:2
BRH:1
end_of_record
TN:
SF:/home/justin/Projects/ReactStart/src/docs/elements/button/variations/fluid.jsx
FN:63,_wrapComponent
FN:64,(anonymous_2)
FN:71,(anonymous_3)
FN:74,FluidDoc
FN:82,render
FNF:5
FNH:3
FNDA:1,_wrapComponent
FNDA:1,(anonymous_2)
FNDA:1,(anonymous_3)
FNDA:0,FluidDoc
FNDA:0,render
DA:3,1
DA:5,1
DA:7,1
DA:9,1
DA:11,1
DA:13,1
DA:15,1
DA:17,1
DA:19,1
DA:21,1
DA:23,1
DA:25,1
DA:29,1
DA:31,1
DA:33,1
DA:35,1
DA:37,1
DA:39,1
DA:41,1
DA:43,1
DA:49,1
DA:56,1
DA:63,1
DA:64,1
DA:65,1
DA:69,1
DA:71,1
DA:72,1
DA:74,1
DA:75,0
DA:77,0
DA:80,1
DA:84,0
DA:99,1
DA:100,1
DA:101,1
DA:104,1
LF:37
LH:34
BRDA:92,1,0,1
BRDA:92,1,1,0
BRF:2
BRH:1
end_of_record
TN:
SF:/home/justin/Projects/ReactStart/src/docs/elements/button/variations/horizontallyattached.jsx
FN:63,_wrapComponent
FN:64,(anonymous_2)
FN:71,(anonymous_3)
FN:74,HorizontallyAttachedDoc
FN:82,render
FNF:5
FNH:3
FNDA:1,_wrapComponent
FNDA:1,(anonymous_2)
FNDA:1,(anonymous_3)
FNDA:0,HorizontallyAttachedDoc
FNDA:0,render
DA:3,1
DA:5,1
DA:7,1
DA:9,1
DA:11,1
DA:13,1
DA:15,1
DA:17,1
DA:19,1
DA:21,1
DA:23,1
DA:25,1
DA:29,1
DA:31,1
DA:33,1
DA:35,1
DA:37,1
DA:39,1
DA:41,1
DA:43,1
DA:49,1
DA:56,1
DA:63,1
DA:64,1
DA:65,1
DA:69,1
DA:71,1
DA:72,1
DA:74,1
DA:75,0
DA:77,0
DA:80,1
DA:84,0
DA:104,1
DA:105,1
DA:106,1
DA:109,1
LF:37
LH:34
BRDA:92,1,0,1
BRDA:92,1,1,0
BRF:2
BRH:1
end_of_record
TN:
SF:/home/justin/Projects/ReactStart/src/docs/elements/button/variations/size.jsx
FN:65,_wrapComponent
FN:66,(anonymous_2)
FN:73,(anonymous_3)
FN:79,(anonymous_4)
FN:82,SizeDoc
FN:90,render
FN:93,(anonymous_7)
FNF:7
FNH:4
FNDA:1,_wrapComponent
FNDA:1,(anonymous_2)
FNDA:8,(anonymous_3)
FNDA:1,(anonymous_4)
FNDA:0,SizeDoc
FNDA:0,render
FNDA:0,(anonymous_7)
DA:3,1
DA:5,1
DA:7,1
DA:9,1
DA:11,1
DA:13,1
DA:15,1
DA:17,1
DA:19,1
DA:21,1
DA:23,1
DA:25,1
DA:29,1
DA:31,1
DA:33,1
DA:35,1
DA:37,1
DA:39,1
DA:41,1
DA:43,1
DA:45,1
DA:51,1
DA:58,1
DA:65,1
DA:66,1
DA:67,1
DA:71,1
DA:73,1
DA:74,8
DA:76,8
DA:79,1
DA:80,1
DA:82,1
DA:83,0
DA:85,0
DA:88,1
DA:91,0
DA:93,0
DA:94,0
DA:96,0
DA:103,0
DA:118,1
DA:119,1
DA:120,1
DA:123,1
LF:45
LH:38
BRDA:107,1,0,1
BRDA:107,1,1,0
BRF:2
BRH:1
end_of_record
TN:
SF:/home/justin/Projects/ReactStart/src/docs/elements/button/variations/social.jsx
FN:65,_wrapComponent
FN:66,(anonymous_2)
FN:73,(anonymous_3)
FN:77,(anonymous_4)
FN:80,SocialDoc
FN:88,render
FN:91,(anonymous_7)
FNF:7
FNH:4
FNDA:1,_wrapComponent
FNDA:1,(anonymous_2)
FNDA:7,(anonymous_3)
FNDA:1,(anonymous_4)
FNDA:0,SocialDoc
FNDA:0,render
FNDA:0,(anonymous_7)
DA:3,1
DA:5,1
DA:7,1
DA:9,1
DA:11,1
DA:13,1
DA:15,1
DA:17,1
DA:19,1
DA:21,1
DA:23,1
DA:25,1
DA:29,1
DA:31,1
DA:33,1
DA:35,1
DA:37,1
DA:39,1
DA:41,1
DA:43,1
DA:45,1
DA:51,1
DA:58,1
DA:65,1
DA:66,1
DA:67,1
DA:71,1
DA:73,1
DA:74,7
DA:77,1
DA:78,1
DA:80,1
DA:81,0
DA:83,0
DA:86,1
DA:89,0
DA:91,0
DA:92,0
DA:94,0
DA:101,0
DA:116,1
DA:117,1
DA:118,1
DA:121,1
LF:44
LH:37
BRDA:105,1,0,1
BRDA:105,1,1,0
BRF:2
BRH:1
end_of_record
TN:
SF:/home/justin/Projects/ReactStart/src/docs/elements/button/variations/verticallyattached.jsx
FN:63,_wrapComponent
FN:64,(anonymous_2)
FN:71,(anonymous_3)
FN:74,VerticallyAttachedDoc
FN:82,render
FNF:5
FNH:3
FNDA:1,_wrapComponent
FNDA:1,(anonymous_2)
FNDA:1,(anonymous_3)
FNDA:0,VerticallyAttachedDoc
FNDA:0,render
DA:3,1
DA:5,1
DA:7,1
DA:9,1
DA:11,1
DA:13,1
DA:15,1
DA:17,1
DA:19,1
DA:21,1
DA:23,1
DA:25,1
DA:29,1
DA:31,1
DA:33,1
DA:35,1
DA:37,1
DA:39,1
DA:41,1
DA:43,1
DA:49,1
DA:56,1
DA:63,1
DA:64,1
DA:65,1
DA:69,1
DA:71,1
DA:72,1
DA:74,1
DA:75,0
DA:77,0
DA:80,1
DA:84,0
DA:109,1
DA:110,1
DA:111,1
DA:114,1
LF:37
LH:34
BRDA:92,1,0,1
BRDA:92,1,1,0
BRF:2
BRH:1
end_of_record
TN:
SF:/home/justin/Projects/ReactStart/src/docs/elements/dividerdoc.jsx
FN:56,_wrapComponent
FN:57,(anonymous_2)
FN:62,(anonymous_3)
FN:65,DividerDoc
FN:73,render
FN:86,(anonymous_6)
FN:94,(anonymous_7)
FN:98,(anonymous_8)
FNF:8
FNH:3
FNDA:1,_wrapComponent
FNDA:1,(anonymous_2)
FNDA:1,(anonymous_3)
FNDA:0,DividerDoc
FNDA:0,render
FNDA:0,(anonymous_6)
FNDA:0,(anonymous_7)
FNDA:0,(anonymous_8)
DA:3,1
DA:5,1
DA:7,1
DA:9,1
DA:11,1
DA:13,1
DA:15,1
DA:17,1
DA:19,1
DA:21,1
DA:23,1
DA:25,1
DA:29,1
DA:31,1
DA:36,1
DA:42,1
DA:49,1
DA:56,1
DA:57,1
DA:58,1
DA:62,1
DA:63,1
DA:65,1
DA:66,0
DA:68,0
DA:71,1
DA:74,0
DA:75,0
DA:76,0
DA:77,0
DA:78,0
DA:80,0
DA:82,0
DA:83,0
DA:84,0
DA:86,0
DA:87,0
DA:94,0
DA:98,0
DA:102,0
DA:189,1
DA:190,1
DA:191,1
DA:194,1
LF:44
LH:28
BRDA:107,1,0,1
BRDA:107,1,1,0
BRF:2
BRH:1
end_of_record
TN:
SF:/home/justin/Projects/ReactStart/src/docs/elements/headerdoc.jsx
FN:54,_wrapComponent
FN:55,(anonymous_2)
FN:78,(anonymous_3)
FN:81,HeaderDoc
FN:89,render
FN:94,(anonymous_6)
FN:101,test
FNF:7
FNH:3
FNDA:1,_wrapComponent
FNDA:1,(anonymous_2)
FNDA:1,(anonymous_3)
FNDA:0,HeaderDoc
FNDA:0,render
FNDA:0,(anonymous_6)
FNDA:0,test
DA:3,1
DA:5,1
DA:7,1
DA:9,1
DA:11,1
DA:13,1
DA:15,1
DA:17,1
DA:19,1
DA:21,1
DA:23,1
DA:25,1
DA:29,1
DA:31,1
DA:34,1
DA:40,1
DA:47,1
DA:54,1
DA:55,1
DA:56,1
DA:60,1
DA:78,1
DA:79,1
DA:81,1
DA:82,0
DA:84,0
DA:87,1
DA:90,0
DA:91,0
DA:92,0
DA:94,0
DA:95,0
DA:97,0
DA:102,0
DA:109,0
DA:417,1
DA:418,1
DA:419,1
DA:422,1
LF:39
LH:29
BRDA:106,1,0,1
BRDA:106,1,1,0
BRF:2
BRH:1
end_of_record
TN:
SF:/home/justin/Projects/ReactStart/src/docs/elements/imagedoc.jsx
FN:54,_wrapComponent
FN:55,(anonymous_2)
FN:62,(anonymous_3)
FN:65,ImageDoc
FN:73,render
FNF:5
FNH:3
FNDA:1,_wrapComponent
FNDA:1,(anonymous_2)
FNDA:1,(anonymous_3)
FNDA:0,ImageDoc
FNDA:0,render
DA:3,1
DA:5,1
DA:7,1
DA:9,1
DA:11,1
DA:13,1
DA:15,1
DA:17,1
DA:19,1
DA:21,1
DA:23,1
DA:25,1
DA:29,1
DA:31,1
DA:34,1
DA:40,1
DA:47,1
DA:54,1
DA:55,1
DA:56,1
DA:60,1
DA:62,1
DA:63,1
DA:65,1
DA:66,0
DA:68,0
DA:71,1
DA:74,0
DA:218,1
DA:219,1
DA:220,1
DA:223,1
LF:32
LH:29
BRDA:79,1,0,1
BRDA:79,1,1,0
BRF:2
BRH:1
end_of_record
TN:
SF:/home/justin/Projects/ReactStart/src/docs/elements/inputdoc.jsx
FN:53,_wrapComponent
FN:54,(anonymous_2)
FN:59,(anonymous_3)
FN:62,InputDoc
FN:70,render
FNF:5
FNH:3
FNDA:1,_wrapComponent
FNDA:1,(anonymous_2)
FNDA:1,(anonymous_3)
FNDA:0,InputDoc
FNDA:0,render
DA:3,1
DA:5,1
DA:7,1
DA:9,1
DA:11,1
DA:13,1
DA:15,1
DA:17,1
DA:19,1
DA:21,1
DA:23,1
DA:25,1
DA:29,1
DA:31,1
DA:33,1
DA:39,1
DA:46,1
DA:53,1
DA:54,1
DA:55,1
DA:59,1
DA:60,1
DA:62,1
DA:63,0
DA:65,0
DA:68,1
DA:71,0
DA:204,1
DA:205,1
DA:206,1
DA:209,1
LF:31
LH:28
BRDA:76,1,0,1
BRDA:76,1,1,0
BRF:2
BRH:1
end_of_record
TN:
SF:/home/justin/Projects/ReactStart/src/docs/elements/labeldoc.jsx
FN:58,_wrapComponent
FN:59,(anonymous_2)
FN:64,(anonymous_3)
FN:67,LabelDoc
FN:75,handleOnClick
FN:80,render
FN:89,(anonymous_7)
FN:96,(anonymous_8)
FNF:8
FNH:3
FNDA:1,_wrapComponent
FNDA:1,(anonymous_2)
FNDA:1,(anonymous_3)
FNDA:0,LabelDoc
FNDA:0,handleOnClick
FNDA:0,render
FNDA:0,(anonymous_7)
FNDA:0,(anonymous_8)
DA:3,1
DA:5,1
DA:7,1
DA:9,1
DA:11,1
DA:13,1
DA:15,1
DA:17,1
DA:19,1
DA:21,1
DA:23,1
DA:25,1
DA:29,1
DA:31,1
DA:38,1
DA:44,1
DA:51,1
DA:58,1
DA:59,1
DA:60,1
DA:64,1
DA:65,1
DA:67,1
DA:68,0
DA:70,0
DA:73,1
DA:76,0
DA:81,0
DA:82,0
DA:83,0
DA:85,0
DA:87,0
DA:89,0
DA:90,0
DA:92,0
DA:97,0
DA:104,0
DA:105,0
DA:107,0
DA:114,0
DA:400,1
DA:401,1
DA:402,1
DA:405,1
LF:44
LH:28
BRDA:107,1,0,1
BRDA:107,1,1,0
BRF:2
BRH:1
end_of_record
TN:
SF:/home/justin/Projects/ReactStart/src/docs/elements/listdoc.jsx
FN:56,_wrapComponent
FN:57,(anonymous_2)
FN:62,(anonymous_3)
FN:65,ListDoc
FN:73,handleOnClick
FN:78,render
FNF:6
FNH:3
FNDA:1,_wrapComponent
FNDA:1,(anonymous_2)
FNDA:1,(anonymous_3)
FNDA:0,ListDoc
FNDA:0,handleOnClick
FNDA:0,render
DA:3,1
DA:5,1
DA:7,1
DA:9,1
DA:11,1
DA:13,1
DA:15,1
DA:17,1
DA:19,1
DA:21,1
DA:23,1
DA:25,1
DA:29,1
DA:31,1
DA:36,1
DA:42,1
DA:49,1
DA:56,1
DA:57,1
DA:58,1
DA:62,1
DA:63,1
DA:65,1
DA:66,0
DA:68,0
DA:71,1
DA:74,0
DA:79,0
DA:813,1
DA:814,1
DA:815,1
DA:818,1
LF:32
LH:28
BRDA:84,1,0,1
BRDA:84,1,1,0
BRF:2
BRH:1
end_of_record
TN:
SF:/home/justin/Projects/ReactStart/src/docs/elements/loaderdoc.jsx
FN:57,_wrapComponent
FN:58,(anonymous_2)
FN:63,(anonymous_3)
FN:66,LoaderDoc
FN:74,render
FNF:5
FNH:3
FNDA:1,_wrapComponent
FNDA:1,(anonymous_2)
FNDA:1,(anonymous_3)
FNDA:0,LoaderDoc
FNDA:0,render
DA:3,1
DA:5,1
DA:7,1
DA:9,1
DA:11,1
DA:13,1
DA:15,1
DA:17,1
DA:19,1
DA:21,1
DA:23,1
DA:25,1
DA:29,1
DA:31,1
DA:33,1
DA:37,1
DA:43,1
DA:50,1
DA:57,1
DA:58,1
DA:59,1
DA:63,1
DA:64,1
DA:66,1
DA:67,0
DA:69,0
DA:72,1
DA:76,0
DA:145,1
DA:146,1
DA:147,1
DA:150,1
LF:32
LH:29
BRDA:81,1,0,1
BRDA:81,1,1,0
BRF:2
BRH:1
end_of_record
TN:
SF:/home/justin/Projects/ReactStart/src/docs/elements/raildoc.jsx
FN:55,_wrapComponent
FN:56,(anonymous_2)
FN:61,(anonymous_3)
FN:64,RailDoc
FN:72,render
FNF:5
FNH:3
FNDA:1,_wrapComponent
FNDA:1,(anonymous_2)
FNDA:1,(anonymous_3)
FNDA:0,RailDoc
FNDA:0,render
DA:3,1
DA:5,1
DA:7,1
DA:9,1
DA:11,1
DA:13,1
DA:15,1
DA:17,1
DA:19,1
DA:21,1
DA:23,1
DA:25,1
DA:29,1
DA:31,1
DA:35,1
DA:41,1
DA:48,1
DA:55,1
DA:56,1
DA:57,1
DA:61,1
DA:62,1
DA:64,1
DA:65,0
DA:67,0
DA:70,1
DA:74,0
DA:238,1
DA:239,1
DA:240,1
DA:243,1
LF:31
LH:28
BRDA:79,1,0,1
BRDA:79,1,1,0
BRF:2
BRH:1
end_of_record
TN:
SF:/home/justin/Projects/ReactStart/src/docs/elements/revealdoc.jsx
FN:55,_wrapComponent
FN:56,(anonymous_2)
FN:61,(anonymous_3)
FN:64,RevealDoc
FN:72,render
FNF:5
FNH:3
FNDA:1,_wrapComponent
FNDA:1,(anonymous_2)
FNDA:1,(anonymous_3)
FNDA:0,RevealDoc
FNDA:0,render
DA:3,1
DA:5,1
DA:7,1
DA:9,1
DA:11,1
DA:13,1
DA:15,1
DA:17,1
DA:19,1
DA:21,1
DA:23,1
DA:25,1
DA:29,1
DA:31,1
DA:35,1
DA:41,1
DA:48,1
DA:55,1
DA:56,1
DA:57,1
DA:61,1
DA:62,1
DA:64,1
DA:65,0
DA:67,0
DA:70,1
DA:74,0
DA:259,1
DA:260,1
DA:261,1
DA:264,1
LF:31
LH:28
BRDA:79,1,0,1
BRDA:79,1,1,0
BRF:2
BRH:1
end_of_record
TN:
SF:/home/justin/Projects/ReactStart/src/docs/elements/segmentdoc.jsx
FN:54,_wrapComponent
FN:55,(anonymous_2)
FN:62,(anonymous_3)
FN:65,SegmentDoc
FN:73,render
FNF:5
FNH:3
FNDA:1,_wrapComponent
FNDA:1,(anonymous_2)
FNDA:1,(anonymous_3)
FNDA:0,SegmentDoc
FNDA:0,render
DA:3,1
DA:5,1
DA:7,1
DA:9,1
DA:11,1
DA:13,1
DA:15,1
DA:17,1
DA:19,1
DA:21,1
DA:23,1
DA:25,1
DA:29,1
DA:31,1
DA:34,1
DA:40,1
DA:47,1
DA:54,1
DA:55,1
DA:56,1
DA:60,1
DA:62,1
DA:63,1
DA:65,1
DA:66,0
DA:68,0
DA:71,1
DA:74,0
DA:415,1
DA:416,1
DA:417,1
DA:420,1
LF:32
LH:29
BRDA:79,1,0,1
BRDA:79,1,1,0
BRF:2
BRH:1
end_of_record
TN:
SF:/home/justin/Projects/ReactStart/src/docs/modules.jsx
FNF:0
FNH:0
DA:3,1
DA:5,1
DA:7,1
DA:11,1
DA:13,1
DA:15,1
DA:17,1
DA:19,1
DA:21,1
DA:23,1
DA:25,1
LF:11
LH:11
BRF:0
BRH:0
end_of_record
TN:
SF:/home/justin/Projects/ReactStart/src/docs/modules/accordiondoc.jsx
FN:57,_wrapComponent
FN:58,(anonymous_2)
FN:63,(anonymous_3)
FN:66,AccordionDoc
FN:74,render
FNF:5
FNH:3
FNDA:1,_wrapComponent
FNDA:1,(anonymous_2)
FNDA:1,(anonymous_3)
FNDA:0,AccordionDoc
FNDA:0,render
DA:3,1
DA:5,1
DA:7,1
DA:9,1
DA:11,1
DA:13,1
DA:15,1
DA:17,1
DA:19,1
DA:21,1
DA:23,1
DA:25,1
DA:29,1
DA:33,1
DA:35,1
DA:37,1
DA:43,1
DA:50,1
DA:57,1
DA:58,1
DA:59,1
DA:63,1
DA:64,1
DA:66,1
DA:67,0
DA:69,0
DA:72,1
DA:75,0
DA:223,1
DA:224,1
DA:225,1
DA:228,1
LF:32
LH:29
BRDA:80,1,0,1
BRDA:80,1,1,0
BRF:2
BRH:1
end_of_record
TN:
SF:/home/justin/Projects/ReactStart/src/docs/modules/checkboxdoc.jsx
FN:57,_wrapComponent
FN:58,(anonymous_2)
FN:63,(anonymous_3)
FN:66,CheckboxDoc
FN:89,render
FNF:5
FNH:3
FNDA:1,_wrapComponent
FNDA:1,(anonymous_2)
FNDA:1,(anonymous_3)
FNDA:0,CheckboxDoc
FNDA:0,render
DA:3,1
DA:5,1
DA:7,1
DA:9,1
DA:11,1
DA:13,1
DA:15,1
DA:17,1
DA:19,1
DA:21,1
DA:23,1
DA:25,1
DA:29,1
DA:33,1
DA:35,1
DA:37,1
DA:43,1
DA:50,1
DA:57,1
DA:58,1
DA:59,1
DA:63,1
DA:64,1
DA:66,1
DA:67,0
DA:69,0
DA:87,1
DA:90,0
DA:247,1
DA:248,1
DA:249,1
DA:252,1
LF:32
LH:29
BRDA:95,1,0,1
BRDA:95,1,1,0
BRF:2
BRH:1
end_of_record
TN:
SF:/home/justin/Projects/ReactStart/src/docs/modules/dimmerdoc.jsx
FN:55,_wrapComponent
FN:56,(anonymous_2)
FN:61,(anonymous_3)
FN:64,DimmerDoc
FN:77,onClick
FN:84,onBlur
FN:91,render
FNF:7
FNH:3
FNDA:1,_wrapComponent
FNDA:1,(anonymous_2)
FNDA:1,(anonymous_3)
FNDA:0,DimmerDoc
FNDA:0,onClick
FNDA:0,onBlur
FNDA:0,render
DA:3,1
DA:5,1
DA:7,1
DA:9,1
DA:11,1
DA:13,1
DA:15,1
DA:17,1
DA:19,1
DA:21,1
DA:23,1
DA:25,1
DA:29,1
DA:31,1
DA:33,1
DA:35,1
DA:41,1
DA:48,1
DA:55,1
DA:56,1
DA:57,1
DA:61,1
DA:62,1
DA:64,1
DA:65,0
DA:67,0
DA:69,0
DA:75,1
DA:78,0
DA:85,0
DA:92,0
DA:157,1
DA:158,1
DA:159,1
DA:162,1
LF:35
LH:29
BRDA:97,1,0,1
BRDA:97,1,1,0
BRF:2
BRH:1
end_of_record
TN:
SF:/home/justin/Projects/ReactStart/src/docs/modules/dropdowndoc.jsx
FN:79,_wrapComponent
FN:80,(anonymous_2)
FN:85,(anonymous_3)
FN:88,DropdownDoc
FN:96,render
FNF:5
FNH:3
FNDA:1,_wrapComponent
FNDA:1,(anonymous_2)
FNDA:1,(anonymous_3)
FNDA:0,DropdownDoc
FNDA:0,render
DA:3,1
DA:5,1
DA:7,1
DA:9,1
DA:11,1
DA:13,1
DA:15,1
DA:17,1
DA:19,1
DA:21,1
DA:23,1
DA:25,1
DA:29,1
DA:31,1
DA:33,1
DA:35,1
DA:37,1
DA:39,1
DA:41,1
DA:43,1
DA:45,1
DA:47,1
DA:49,1
DA:51,1
DA:59,1
DA:65,1
DA:72,1
DA:79,1
DA:80,1
DA:81,1
DA:85,1
DA:86,1
DA:88,1
DA:89,0
DA:91,0
DA:94,1
DA:97,0
DA:110,1
DA:111,1
DA:112,1
DA:115,1
LF:41
LH:38
BRDA:102,1,0,1
BRDA:102,1,1,0
BRF:2
BRH:1
end_of_record
TN:
SF:/home/justin/Projects/ReactStart/src/docs/modules/dropdown/dropdown.jsx
FN:71,_wrapComponent
FN:72,(anonymous_2)
FN:81,(anonymous_3)
FN:84,DropdownExample
FN:98,componentDidMount
FN:101,(anonymous_6)
FN:117,onDocumentClick
FN:125,onClick
FN:134,onSubClick
FN:142,render
FNF:10
FNH:3
FNDA:1,_wrapComponent
FNDA:1,(anonymous_2)
FNDA:1,(anonymous_3)
FNDA:0,DropdownExample
FNDA:0,componentDidMount
FNDA:0,(anonymous_6)
FNDA:0,onDocumentClick
FNDA:0,onClick
FNDA:0,onSubClick
FNDA:0,render
DA:3,1
DA:5,1
DA:7,1
DA:9,1
DA:11,1
DA:13,1
DA:15,1
DA:17,1
DA:19,1
DA:21,1
DA:23,1
DA:25,1
DA:29,1
DA:31,1
DA:33,1
DA:35,1
DA:37,1
DA:39,1
DA:41,1
DA:43,1
DA:45,1
DA:47,1
DA:49,1
DA:51,1
DA:57,1
DA:64,1
DA:71,1
DA:72,1
DA:73,1
DA:77,1
DA:79,1
DA:81,1
DA:82,1
DA:84,1
DA:85,0
DA:87,0
DA:89,0
DA:96,1
DA:99,0
DA:101,0
DA:102,0
DA:103,0
DA:105,0
DA:106,0
DA:107,0
DA:109,0
DA:112,0
DA:118,0
DA:126,0
DA:127,0
DA:135,0
DA:136,0
DA:143,0
DA:148,0
DA:272,1
DA:273,1
DA:274,1
DA:277,1
LF:58
LH:39
BRDA:109,1,0,0
BRDA:109,1,1,0
BRDA:129,2,0,0
BRDA:129,2,1,0
BRDA:129,3,0,0
BRDA:129,3,1,0
BRDA:157,4,0,1
BRDA:157,4,1,0
BRF:8
BRH:1
end_of_record
TN:
SF:/home/justin/Projects/ReactStart/src/docs/modules/dropdown/selection.jsx
FN:71,_wrapComponent
FN:72,(anonymous_2)
FN:81,(anonymous_3)
FN:84,SelectionExample
FN:97,componentDidMount
FN:100,(anonymous_6)
FN:116,onDocumentClick
FN:123,onClick
FN:131,onMenuItemClick
FN:140,render
FNF:10
FNH:3
FNDA:1,_wrapComponent
FNDA:1,(anonymous_2)
FNDA:1,(anonymous_3)
FNDA:0,SelectionExample
FNDA:0,componentDidMount
FNDA:0,(anonymous_6)
FNDA:0,onDocumentClick
FNDA:0,onClick
FNDA:0,onMenuItemClick
FNDA:0,render
DA:3,1
DA:5,1
DA:7,1
DA:9,1
DA:11,1
DA:13,1
DA:15,1
DA:17,1
DA:19,1
DA:21,1
DA:23,1
DA:25,1
DA:29,1
DA:31,1
DA:33,1
DA:35,1
DA:37,1
DA:39,1
DA:41,1
DA:43,1
DA:45,1
DA:47,1
DA:49,1
DA:51,1
DA:57,1
DA:64,1
DA:71,1
DA:72,1
DA:73,1
DA:77,1
DA:79,1
DA:81,1
DA:82,1
DA:84,1
DA:85,0
DA:87,0
DA:89,0
DA:95,1
DA:98,0
DA:100,0
DA:101,0
DA:102,0
DA:104,0
DA:105,0
DA:106,0
DA:108,0
DA:111,0
DA:117,0
DA:124,0
DA:125,0
DA:132,0
DA:133,0
DA:141,0
DA:146,0
DA:189,1
DA:190,1
DA:191,1
DA:194,1
LF:58
LH:39
BRDA:108,1,0,0
BRDA:108,1,1,0
BRDA:162,2,0,1
BRDA:162,2,1,0
BRF:4
BRH:1
end_of_record
TN:
SF:/home/justin/Projects/ReactStart/src/docs/modules/dropdown/selection2.jsx
FN:71,_wrapComponent
FN:72,(anonymous_2)
FN:81,(anonymous_3)
FN:84,Selection2Example
FN:98,componentDidMount
FN:101,(anonymous_6)
FN:117,onDocumentClick
FN:125,onClick
FN:134,onSubClick
FN:142,render
FNF:10
FNH:3
FNDA:1,_wrapComponent
FNDA:1,(anonymous_2)
FNDA:1,(anonymous_3)
FNDA:0,Selection2Example
FNDA:0,componentDidMount
FNDA:0,(anonymous_6)
FNDA:0,onDocumentClick
FNDA:0,onClick
FNDA:0,onSubClick
FNDA:0,render
DA:3,1
DA:5,1
DA:7,1
DA:9,1
DA:11,1
DA:13,1
DA:15,1
DA:17,1
DA:19,1
DA:21,1
DA:23,1
DA:25,1
DA:29,1
DA:31,1
DA:33,1
DA:35,1
DA:37,1
DA:39,1
DA:41,1
DA:43,1
DA:45,1
DA:47,1
DA:49,1
DA:51,1
DA:57,1
DA:64,1
DA:71,1
DA:72,1
DA:73,1
DA:77,1
DA:79,1
DA:81,1
DA:82,1
DA:84,1
DA:85,0
DA:87,0
DA:89,0
DA:96,1
DA:99,0
DA:101,0
DA:102,0
DA:103,0
DA:105,0
DA:106,0
DA:107,0
DA:109,0
DA:112,0
DA:118,0
DA:126,0
DA:127,0
DA:135,0
DA:136,0
DA:143,0
DA:148,0
DA:173,1
DA:174,1
DA:175,1
DA:178,1
LF:58
LH:39
BRDA:109,1,0,0
BRDA:109,1,1,0
BRDA:129,2,0,0
BRDA:129,2,1,0
BRDA:129,3,0,0
BRDA:129,3,1,0
BRDA:157,4,0,1
BRDA:157,4,1,0
BRF:8
BRH:1
end_of_record
TN:
SF:/home/justin/Projects/ReactStart/src/docs/modules/dropdown/search.jsx
FN:77,_wrapComponent
FN:78,(anonymous_2)
FN:87,(anonymous_3)
FN:90,SearchExample
FN:105,componentDidMount
FN:108,(anonymous_6)
FN:124,onDocumentClick
FN:131,onClick
FN:138,onChange
FN:145,onMenuItemClick
FN:154,render
FNF:11
FNH:3
FNDA:1,_wrapComponent
FNDA:1,(anonymous_2)
FNDA:1,(anonymous_3)
FNDA:0,SearchExample
FNDA:0,componentDidMount
FNDA:0,(anonymous_6)
FNDA:0,onDocumentClick
FNDA:0,onClick
FNDA:0,onChange
FNDA:0,onMenuItemClick
FNDA:0,render
DA:3,1
DA:5,1
DA:7,1
DA:9,1
DA:11,1
DA:13,1
DA:15,1
DA:17,1
DA:19,1
DA:21,1
DA:23,1
DA:25,1
DA:27,1
DA:29,1
DA:33,1
DA:35,1
DA:37,1
DA:39,1
DA:41,1
DA:43,1
DA:45,1
DA:47,1
DA:49,1
DA:51,1
DA:53,1
DA:55,1
DA:57,1
DA:63,1
DA:70,1
DA:77,1
DA:78,1
DA:79,1
DA:83,1
DA:85,1
DA:87,1
DA:88,1
DA:90,1
DA:91,0
DA:93,0
DA:95,0
DA:103,1
DA:106,0
DA:108,0
DA:109,0
DA:110,0
DA:112,0
DA:113,0
DA:114,0
DA:116,0
DA:119,0
DA:125,0
DA:132,0
DA:139,0
DA:146,0
DA:147,0
DA:155,0
DA:157,0
DA:162,0
DA:163,0
DA:164,0
DA:166,0
DA:167,0
DA:168,0
DA:170,0
DA:179,0
DA:180,0
DA:182,0
DA:183,0
DA:184,0
DA:187,0
DA:188,0
DA:193,0
DA:219,1
DA:220,1
DA:221,1
DA:224,1
LF:76
LH:42
BRDA:116,1,0,0
BRDA:116,1,1,0
BRDA:179,2,0,0
BRDA:179,2,1,0
BRDA:179,3,0,0
BRDA:179,3,1,0
BRDA:183,4,0,0
BRDA:183,4,1,0
BRDA:203,5,0,1
BRDA:203,5,1,0
BRF:10
BRH:1
end_of_record
TN:
SF:/home/justin/Projects/ReactStart/src/docs/modules/dropdown/search2.jsx
FN:71,_wrapComponent
FN:72,(anonymous_2)
FN:81,(anonymous_3)
FN:84,Search2Example
FN:98,componentDidMount
FN:101,(anonymous_6)
FN:117,onDocumentClick
FN:125,onClick
FN:134,onSubClick
FN:142,render
FNF:10
FNH:3
FNDA:1,_wrapComponent
FNDA:1,(anonymous_2)
FNDA:1,(anonymous_3)
FNDA:0,Search2Example
FNDA:0,componentDidMount
FNDA:0,(anonymous_6)
FNDA:0,onDocumentClick
FNDA:0,onClick
FNDA:0,onSubClick
FNDA:0,render
DA:3,1
DA:5,1
DA:7,1
DA:9,1
DA:11,1
DA:13,1
DA:15,1
DA:17,1
DA:19,1
DA:21,1
DA:23,1
DA:25,1
DA:29,1
DA:31,1
DA:33,1
DA:35,1
DA:37,1
DA:39,1
DA:41,1
DA:43,1
DA:45,1
DA:47,1
DA:49,1
DA:51,1
DA:57,1
DA:64,1
DA:71,1
DA:72,1
DA:73,1
DA:77,1
DA:79,1
DA:81,1
DA:82,1
DA:84,1
DA:85,0
DA:87,0
DA:89,0
DA:96,1
DA:99,0
DA:101,0
DA:102,0
DA:103,0
DA:105,0
DA:106,0
DA:107,0
DA:109,0
DA:112,0
DA:118,0
DA:126,0
DA:127,0
DA:135,0
DA:136,0
DA:143,0
DA:148,0
DA:173,1
DA:174,1
DA:175,1
DA:178,1
LF:58
LH:39
BRDA:109,1,0,0
BRDA:109,1,1,0
BRDA:129,2,0,0
BRDA:129,2,1,0
BRDA:129,3,0,0
BRDA:129,3,1,0
BRDA:157,4,0,1
BRDA:157,4,1,0
BRF:8
BRH:1
end_of_record
TN:
SF:/home/justin/Projects/ReactStart/src/docs/modules/dropdown/multipleselection.jsx
FN:71,_wrapComponent
FN:72,(anonymous_2)
FN:81,(anonymous_3)
FN:84,MultipleSelectionDoc
FN:98,componentDidMount
FN:101,(anonymous_6)
FN:117,onDocumentClick
FN:126,onClick
FN:137,onChange
FN:145,preventDefaultClick
FN:150,onMenuItemClick
FN:174,isSelected
FN:179,render
FN:222,(anonymous_14)
FN:242,(anonymous_15)
FNF:15
FNH:3
FNDA:1,_wrapComponent
FNDA:1,(anonymous_2)
FNDA:1,(anonymous_3)
FNDA:0,MultipleSelectionDoc
FNDA:0,componentDidMount
FNDA:0,(anonymous_6)
FNDA:0,onDocumentClick
FNDA:0,onClick
FNDA:0,onChange
FNDA:0,preventDefaultClick
FNDA:0,onMenuItemClick
FNDA:0,isSelected
FNDA:0,render
FNDA:0,(anonymous_14)
FNDA:0,(anonymous_15)
DA:3,1
DA:5,1
DA:7,1
DA:9,1
DA:11,1
DA:13,1
DA:15,1
DA:17,1
DA:19,1
DA:21,1
DA:23,1
DA:25,1
DA:29,1
DA:31,1
DA:33,1
DA:35,1
DA:37,1
DA:39,1
DA:41,1
DA:43,1
DA:45,1
DA:47,1
DA:49,1
DA:51,1
DA:57,1
DA:64,1
DA:71,1
DA:72,1
DA:73,1
DA:77,1
DA:79,1
DA:81,1
DA:82,1
DA:84,1
DA:85,0
DA:87,0
DA:89,0
DA:96,1
DA:99,0
DA:101,0
DA:102,0
DA:103,0
DA:105,0
DA:106,0
DA:107,0
DA:109,0
DA:112,0
DA:118,0
DA:120,0
DA:127,0
DA:128,0
DA:130,0
DA:138,0
DA:139,0
DA:146,0
DA:151,0
DA:153,0
DA:154,0
DA:156,0
DA:157,0
DA:159,0
DA:164,0
DA:166,0
DA:175,0
DA:180,0
DA:184,0
DA:222,0
DA:223,0
DA:225,0
DA:226,0
DA:228,0
DA:229,0
DA:233,0
DA:234,0
DA:242,0
DA:246,0
DA:247,0
DA:248,0
DA:257,0
DA:285,1
DA:286,1
DA:287,1
DA:290,1
LF:83
LH:39
BRDA:109,1,0,0
BRDA:109,1,1,0
BRDA:156,2,0,0
BRDA:156,2,1,0
BRDA:225,3,0,0
BRDA:225,3,1,0
BRDA:228,4,0,0
BRDA:228,4,1,0
BRDA:233,5,0,0
BRDA:233,5,1,0
BRDA:243,6,0,0
BRDA:243,6,1,0
BRDA:263,7,0,1
BRDA:263,7,1,0
BRF:14
BRH:1
end_of_record
TN:
SF:/home/justin/Projects/ReactStart/src/docs/views.jsx
FNF:0
FNH:0
DA:3,1
DA:5,1
DA:7,1
DA:11,1
DA:13,1
DA:15,1
DA:17,1
LF:7
LH:7
BRF:0
BRH:0
end_of_record
TN:
SF:/home/justin/Projects/ReactStart/src/docs/views/carddoc.jsx
FN:55,_wrapComponent
FN:56,(anonymous_2)
FN:61,(anonymous_3)
FN:64,CardDoc
FN:72,render
FNF:5
FNH:3
FNDA:1,_wrapComponent
FNDA:1,(anonymous_2)
FNDA:1,(anonymous_3)
FNDA:0,CardDoc
FNDA:0,render
DA:3,1
DA:5,1
DA:7,1
DA:9,1
DA:11,1
DA:13,1
DA:15,1
DA:17,1
DA:19,1
DA:21,1
DA:23,1
DA:25,1
DA:29,1
DA:31,1
DA:33,1
DA:35,1
DA:41,1
DA:48,1
DA:55,1
DA:56,1
DA:57,1
DA:61,1
DA:62,1
DA:64,1
DA:65,0
DA:67,0
DA:70,1
DA:73,0
DA:275,1
DA:276,1
DA:277,1
DA:280,1
LF:32
LH:29
BRDA:78,1,0,1
BRDA:78,1,1,0
BRF:2
BRH:1
end_of_record
TN:
SF:/home/justin/Projects/ReactStart/src/docs/views/menudoc.jsx
FN:57,_wrapComponent
FN:58,(anonymous_2)
FN:63,(anonymous_3)
FN:66,MenuDoc
FN:93,onClick
FN:100,render
FN:101,(anonymous_7)
FN:101,onClick
FN:101,onClick
FN:101,onClick
FN:101,onClick
FN:101,onClick
FN:101,onClick
FN:101,onClick
FNF:14
FNH:3
FNDA:1,_wrapComponent
FNDA:1,(anonymous_2)
FNDA:1,(anonymous_3)
FNDA:0,MenuDoc
FNDA:0,onClick
FNDA:0,render
FNDA:0,(anonymous_7)
FNDA:0,onClick
FNDA:0,onClick
FNDA:0,onClick
FNDA:0,onClick
FNDA:0,onClick
FNDA:0,onClick
FNDA:0,onClick
DA:3,1
DA:5,1
DA:7,1
DA:9,1
DA:11,1
DA:13,1
DA:15,1
DA:17,1
DA:19,1
DA:21,1
DA:23,1
DA:25,1
DA:27,1
DA:31,1
DA:33,1
DA:35,1
DA:37,1
DA:43,1
DA:50,1
DA:57,1
DA:58,1
DA:59,1
DA:63,1
DA:64,1
DA:66,1
DA:67,0
DA:69,0
DA:71,0
DA:86,0
DA:91,1
DA:94,0
DA:101,0
DA:434,1
DA:435,1
DA:436,1
DA:439,1
LF:36
LH:30
BRDA:106,1,0,1
BRDA:106,1,1,0
BRF:2
BRH:1
end_of_record
